CRITICAL - 2022-06-26 10:14:35 --> Call to undefined method App\Libraries\Permission::all_permissions()
in APPPATH\Controllers\Admin\User_roll.php on line 32.
 1 SYSTEMPATH\CodeIgniter.php(898): App\Controllers\Admin\User_roll->index()
 2 SYSTEMPATH\CodeIgniter.php(468): CodeIgniter\CodeIgniter->runController(Object(App\Controllers\Admin\User_roll))
 3 SYSTEMPATH\CodeIgniter.php(351): CodeIgniter\CodeIgniter->handleRequest(null, Object(Config\Cache), false)
 4 FCPATH\index.php(55): CodeIgniter\CodeIgniter->run()
CRITICAL - 2022-06-26 10:17:23 --> Array to string conversion
in APPPATH\Controllers\Admin\User_roll.php on line 32.
 1 APPPATH\Controllers\Admin\User_roll.php(32): CodeIgniter\Debug\Exceptions->errorHandler(8, 'Array to string conversion', 'APPPATH\\Controllers\\Admin\\User_roll.php', 32, [...])
 2 SYSTEMPATH\CodeIgniter.php(898): App\Controllers\Admin\User_roll->index()
 3 SYSTEMPATH\CodeIgniter.php(468): CodeIgniter\CodeIgniter->runController(Object(App\Controllers\Admin\User_roll))
 4 SYSTEMPATH\CodeIgniter.php(351): CodeIgniter\CodeIgniter->handleRequest(null, Object(Config\Cache), false)
 5 FCPATH\index.php(55): CodeIgniter\CodeIgniter->run()
CRITICAL - 2022-06-26 10:39:42 --> A non-numeric value encountered
in APPPATH\Views\Admin\Roll\roll.php on line 81.
 1 APPPATH\Views\Admin\Roll\roll.php(81): CodeIgniter\Debug\Exceptions->errorHandler(2, 'A non-numeric value encountered', 'APPPATH\\Views\\Admin\\Roll\\roll.php', 81, [...])
 2 SYSTEMPATH\View\View.php(213): include('APPPATH\\Views\\Admin\\Roll\\roll.php')
 3 SYSTEMPATH\View\View.php(216): CodeIgniter\View\View->CodeIgniter\View\{closure}()
 4 SYSTEMPATH\Common.php(1135): CodeIgniter\View\View->render('Admin/Roll/roll', [], true)
 5 APPPATH\Controllers\Admin\User_roll.php(36): view('Admin/Roll/roll', [...])
 6 SYSTEMPATH\CodeIgniter.php(898): App\Controllers\Admin\User_roll->index()
 7 SYSTEMPATH\CodeIgniter.php(468): CodeIgniter\CodeIgniter->runController(Object(App\Controllers\Admin\User_roll))
 8 SYSTEMPATH\CodeIgniter.php(351): CodeIgniter\CodeIgniter->handleRequest(null, Object(Config\Cache), false)
 9 FCPATH\index.php(55): CodeIgniter\CodeIgniter->run()
CRITICAL - 2022-06-26 10:39:52 --> A non-numeric value encountered
in APPPATH\Views\Admin\Roll\roll.php on line 81.
 1 APPPATH\Views\Admin\Roll\roll.php(81): CodeIgniter\Debug\Exceptions->errorHandler(2, 'A non-numeric value encountered', 'APPPATH\\Views\\Admin\\Roll\\roll.php', 81, [...])
 2 SYSTEMPATH\View\View.php(213): include('APPPATH\\Views\\Admin\\Roll\\roll.php')
 3 SYSTEMPATH\View\View.php(216): CodeIgniter\View\View->CodeIgniter\View\{closure}()
 4 SYSTEMPATH\Common.php(1135): CodeIgniter\View\View->render('Admin/Roll/roll', [], true)
 5 APPPATH\Controllers\Admin\User_roll.php(36): view('Admin/Roll/roll', [...])
 6 SYSTEMPATH\CodeIgniter.php(898): App\Controllers\Admin\User_roll->index()
 7 SYSTEMPATH\CodeIgniter.php(468): CodeIgniter\CodeIgniter->runController(Object(App\Controllers\Admin\User_roll))
 8 SYSTEMPATH\CodeIgniter.php(351): CodeIgniter\CodeIgniter->handleRequest(null, Object(Config\Cache), false)
 9 FCPATH\index.php(55): CodeIgniter\CodeIgniter->run()
CRITICAL - 2022-06-26 10:40:11 --> A non-numeric value encountered
in APPPATH\Views\Admin\Roll\roll.php on line 81.
 1 APPPATH\Views\Admin\Roll\roll.php(81): CodeIgniter\Debug\Exceptions->errorHandler(2, 'A non-numeric value encountered', 'APPPATH\\Views\\Admin\\Roll\\roll.php', 81, [...])
 2 SYSTEMPATH\View\View.php(213): include('APPPATH\\Views\\Admin\\Roll\\roll.php')
 3 SYSTEMPATH\View\View.php(216): CodeIgniter\View\View->CodeIgniter\View\{closure}()
 4 SYSTEMPATH\Common.php(1135): CodeIgniter\View\View->render('Admin/Roll/roll', [], true)
 5 APPPATH\Controllers\Admin\User_roll.php(36): view('Admin/Roll/roll', [...])
 6 SYSTEMPATH\CodeIgniter.php(898): App\Controllers\Admin\User_roll->index()
 7 SYSTEMPATH\CodeIgniter.php(468): CodeIgniter\CodeIgniter->runController(Object(App\Controllers\Admin\User_roll))
 8 SYSTEMPATH\CodeIgniter.php(351): CodeIgniter\CodeIgniter->handleRequest(null, Object(Config\Cache), false)
 9 FCPATH\index.php(55): CodeIgniter\CodeIgniter->run()
CRITICAL - 2022-06-26 10:47:25 --> Cannot use object of type stdClass as array
in APPPATH\Controllers\Admin\User_roll.php on line 101.
 1 SYSTEMPATH\CodeIgniter.php(898): App\Controllers\Admin\User_roll->add()
 2 SYSTEMPATH\CodeIgniter.php(468): CodeIgniter\CodeIgniter->runController(Object(App\Controllers\Admin\User_roll))
 3 SYSTEMPATH\CodeIgniter.php(351): CodeIgniter\CodeIgniter->handleRequest(null, Object(Config\Cache), false)
 4 FCPATH\index.php(55): CodeIgniter\CodeIgniter->run()
CRITICAL - 2022-06-26 10:47:42 --> Invalid argument supplied for foreach()
in APPPATH\Controllers\Admin\User_roll.php on line 99.
 1 APPPATH\Controllers\Admin\User_roll.php(99): CodeIgniter\Debug\Exceptions->errorHandler(2, 'Invalid argument supplied for foreach()', 'APPPATH\\Controllers\\Admin\\User_roll.php', 99, [...])
 2 SYSTEMPATH\CodeIgniter.php(898): App\Controllers\Admin\User_roll->add()
 3 SYSTEMPATH\CodeIgniter.php(468): CodeIgniter\CodeIgniter->runController(Object(App\Controllers\Admin\User_roll))
 4 SYSTEMPATH\CodeIgniter.php(351): CodeIgniter\CodeIgniter->handleRequest(null, Object(Config\Cache), false)
 5 FCPATH\index.php(55): CodeIgniter\CodeIgniter->run()
CRITICAL - 2022-06-26 10:49:22 --> Cannot use object of type stdClass as array
in APPPATH\Controllers\Admin\User_roll.php on line 101.
 1 SYSTEMPATH\CodeIgniter.php(898): App\Controllers\Admin\User_roll->add()
 2 SYSTEMPATH\CodeIgniter.php(468): CodeIgniter\CodeIgniter->runController(Object(App\Controllers\Admin\User_roll))
 3 SYSTEMPATH\CodeIgniter.php(351): CodeIgniter\CodeIgniter->handleRequest(null, Object(Config\Cache), false)
 4 FCPATH\index.php(55): CodeIgniter\CodeIgniter->run()
CRITICAL - 2022-06-26 10:50:02 --> Cannot use object of type stdClass as array
in APPPATH\Controllers\Admin\User_roll.php on line 101.
 1 SYSTEMPATH\CodeIgniter.php(898): App\Controllers\Admin\User_roll->add()
 2 SYSTEMPATH\CodeIgniter.php(468): CodeIgniter\CodeIgniter->runController(Object(App\Controllers\Admin\User_roll))
 3 SYSTEMPATH\CodeIgniter.php(351): CodeIgniter\CodeIgniter->handleRequest(null, Object(Config\Cache), false)
 4 FCPATH\index.php(55): CodeIgniter\CodeIgniter->run()
CRITICAL - 2022-06-26 10:51:33 --> Cannot use object of type stdClass as array
in APPPATH\Controllers\Admin\User_roll.php on line 104.
 1 SYSTEMPATH\CodeIgniter.php(898): App\Controllers\Admin\User_roll->add()
 2 SYSTEMPATH\CodeIgniter.php(468): CodeIgniter\CodeIgniter->runController(Object(App\Controllers\Admin\User_roll))
 3 SYSTEMPATH\CodeIgniter.php(351): CodeIgniter\CodeIgniter->handleRequest(null, Object(Config\Cache), false)
 4 FCPATH\index.php(55): CodeIgniter\CodeIgniter->run()
CRITICAL - 2022-06-26 11:01:21 --> Cannot use object of type stdClass as array
in APPPATH\Controllers\Admin\User_roll.php on line 108.
 1 SYSTEMPATH\CodeIgniter.php(898): App\Controllers\Admin\User_roll->add()
 2 SYSTEMPATH\CodeIgniter.php(468): CodeIgniter\CodeIgniter->runController(Object(App\Controllers\Admin\User_roll))
 3 SYSTEMPATH\CodeIgniter.php(351): CodeIgniter\CodeIgniter->handleRequest(null, Object(Config\Cache), false)
 4 FCPATH\index.php(55): CodeIgniter\CodeIgniter->run()
CRITICAL - 2022-06-26 11:02:38 --> Cannot use object of type stdClass as array
in APPPATH\Controllers\Admin\User_roll.php on line 108.
 1 SYSTEMPATH\CodeIgniter.php(898): App\Controllers\Admin\User_roll->add()
 2 SYSTEMPATH\CodeIgniter.php(468): CodeIgniter\CodeIgniter->runController(Object(App\Controllers\Admin\User_roll))
 3 SYSTEMPATH\CodeIgniter.php(351): CodeIgniter\CodeIgniter->handleRequest(null, Object(Config\Cache), false)
 4 FCPATH\index.php(55): CodeIgniter\CodeIgniter->run()
CRITICAL - 2022-06-26 11:03:05 --> Array to string conversion
in APPPATH\Controllers\Admin\User_roll.php on line 105.
 1 APPPATH\Controllers\Admin\User_roll.php(105): CodeIgniter\Debug\Exceptions->errorHandler(8, 'Array to string conversion', 'APPPATH\\Controllers\\Admin\\User_roll.php', 105, [...])
 2 SYSTEMPATH\CodeIgniter.php(898): App\Controllers\Admin\User_roll->add()
 3 SYSTEMPATH\CodeIgniter.php(468): CodeIgniter\CodeIgniter->runController(Object(App\Controllers\Admin\User_roll))
 4 SYSTEMPATH\CodeIgniter.php(351): CodeIgniter\CodeIgniter->handleRequest(null, Object(Config\Cache), false)
 5 FCPATH\index.php(55): CodeIgniter\CodeIgniter->run()
CRITICAL - 2022-06-26 11:03:38 --> Undefined index: mod_access
in APPPATH\Controllers\Admin\User_roll.php on line 105.
 1 APPPATH\Controllers\Admin\User_roll.php(105): CodeIgniter\Debug\Exceptions->errorHandler(8, 'Undefined index: mod_access', 'APPPATH\\Controllers\\Admin\\User_roll.php', 105, [...])
 2 SYSTEMPATH\CodeIgniter.php(898): App\Controllers\Admin\User_roll->add()
 3 SYSTEMPATH\CodeIgniter.php(468): CodeIgniter\CodeIgniter->runController(Object(App\Controllers\Admin\User_roll))
 4 SYSTEMPATH\CodeIgniter.php(351): CodeIgniter\CodeIgniter->handleRequest(null, Object(Config\Cache), false)
 5 FCPATH\index.php(55): CodeIgniter\CodeIgniter->run()
CRITICAL - 2022-06-26 11:03:57 --> Cannot use object of type stdClass as array
in APPPATH\Controllers\Admin\User_roll.php on line 105.
 1 SYSTEMPATH\CodeIgniter.php(898): App\Controllers\Admin\User_roll->add()
 2 SYSTEMPATH\CodeIgniter.php(468): CodeIgniter\CodeIgniter->runController(Object(App\Controllers\Admin\User_roll))
 3 SYSTEMPATH\CodeIgniter.php(351): CodeIgniter\CodeIgniter->handleRequest(null, Object(Config\Cache), false)
 4 FCPATH\index.php(55): CodeIgniter\CodeIgniter->run()
CRITICAL - 2022-06-26 11:06:57 --> Use of undefined constant Dashboard - assumed 'Dashboard' (this will throw an Error in a future version of PHP)
in APPPATH\Controllers\Admin\User_roll.php on line 108.
 1 APPPATH\Controllers\Admin\User_roll.php(108): CodeIgniter\Debug\Exceptions->errorHandler(2, 'Use of undefined constant Dashboard - assumed \'Dashboard\' (this will throw an Error in a future version of PHP)', 'APPPATH\\Controllers\\Admin\\User_roll.php', 108, [...])
 2 SYSTEMPATH\CodeIgniter.php(898): App\Controllers\Admin\User_roll->add()
 3 SYSTEMPATH\CodeIgniter.php(468): CodeIgniter\CodeIgniter->runController(Object(App\Controllers\Admin\User_roll))
 4 SYSTEMPATH\CodeIgniter.php(351): CodeIgniter\CodeIgniter->handleRequest(null, Object(Config\Cache), false)
 5 FCPATH\index.php(55): CodeIgniter\CodeIgniter->run()
CRITICAL - 2022-06-26 11:07:23 --> Cannot use object of type stdClass as array
in APPPATH\Controllers\Admin\User_roll.php on line 108.
 1 SYSTEMPATH\CodeIgniter.php(898): App\Controllers\Admin\User_roll->add()
 2 SYSTEMPATH\CodeIgniter.php(468): CodeIgniter\CodeIgniter->runController(Object(App\Controllers\Admin\User_roll))
 3 SYSTEMPATH\CodeIgniter.php(351): CodeIgniter\CodeIgniter->handleRequest(null, Object(Config\Cache), false)
 4 FCPATH\index.php(55): CodeIgniter\CodeIgniter->run()
CRITICAL - 2022-06-26 11:10:02 --> Undefined property: stdClass::$name
in APPPATH\Controllers\Admin\User_roll.php on line 59.
 1 APPPATH\Controllers\Admin\User_roll.php(59): CodeIgniter\Debug\Exceptions->errorHandler(8, 'Undefined property: stdClass::$name', 'APPPATH\\Controllers\\Admin\\User_roll.php', 59, [...])
 2 SYSTEMPATH\CodeIgniter.php(898): App\Controllers\Admin\User_roll->getAll()
 3 SYSTEMPATH\CodeIgniter.php(468): CodeIgniter\CodeIgniter->runController(Object(App\Controllers\Admin\User_roll))
 4 SYSTEMPATH\CodeIgniter.php(351): CodeIgniter\CodeIgniter->handleRequest(null, Object(Config\Cache), false)
 5 FCPATH\index.php(55): CodeIgniter\CodeIgniter->run()
CRITICAL - 2022-06-26 11:10:05 --> Undefined property: stdClass::$name
in APPPATH\Controllers\Admin\User_roll.php on line 59.
 1 APPPATH\Controllers\Admin\User_roll.php(59): CodeIgniter\Debug\Exceptions->errorHandler(8, 'Undefined property: stdClass::$name', 'APPPATH\\Controllers\\Admin\\User_roll.php', 59, [...])
 2 SYSTEMPATH\CodeIgniter.php(898): App\Controllers\Admin\User_roll->getAll()
 3 SYSTEMPATH\CodeIgniter.php(468): CodeIgniter\CodeIgniter->runController(Object(App\Controllers\Admin\User_roll))
 4 SYSTEMPATH\CodeIgniter.php(351): CodeIgniter\CodeIgniter->handleRequest(null, Object(Config\Cache), false)
 5 FCPATH\index.php(55): CodeIgniter\CodeIgniter->run()
CRITICAL - 2022-06-26 11:10:56 --> Undefined property: stdClass::$roll
in APPPATH\Controllers\Admin\User_roll.php on line 59.
 1 APPPATH\Controllers\Admin\User_roll.php(59): CodeIgniter\Debug\Exceptions->errorHandler(8, 'Undefined property: stdClass::$roll', 'APPPATH\\Controllers\\Admin\\User_roll.php', 59, [...])
 2 SYSTEMPATH\CodeIgniter.php(898): App\Controllers\Admin\User_roll->getAll()
 3 SYSTEMPATH\CodeIgniter.php(468): CodeIgniter\CodeIgniter->runController(Object(App\Controllers\Admin\User_roll))
 4 SYSTEMPATH\CodeIgniter.php(351): CodeIgniter\CodeIgniter->handleRequest(null, Object(Config\Cache), false)
 5 FCPATH\index.php(55): CodeIgniter\CodeIgniter->run()
CRITICAL - 2022-06-26 11:21:45 --> Invalid argument supplied for foreach()
in APPPATH\Views\Admin\Roll\roll_update.php on line 49.
 1 APPPATH\Views\Admin\Roll\roll_update.php(49): CodeIgniter\Debug\Exceptions->errorHandler(2, 'Invalid argument supplied for foreach()', 'APPPATH\\Views\\Admin\\Roll\\roll_update.php', 49, [...])
 2 SYSTEMPATH\View\View.php(213): include('APPPATH\\Views\\Admin\\Roll\\roll_update.php')
 3 SYSTEMPATH\View\View.php(216): CodeIgniter\View\View->CodeIgniter\View\{closure}()
 4 SYSTEMPATH\Common.php(1135): CodeIgniter\View\View->render('Admin/Roll/roll_update', [], true)
 5 APPPATH\Controllers\Admin\User_roll.php(99): view('Admin/Roll/roll_update', [...])
 6 SYSTEMPATH\CodeIgniter.php(898): App\Controllers\Admin\User_roll->update('1')
 7 SYSTEMPATH\CodeIgniter.php(468): CodeIgniter\CodeIgniter->runController(Object(App\Controllers\Admin\User_roll))
 8 SYSTEMPATH\CodeIgniter.php(351): CodeIgniter\CodeIgniter->handleRequest(null, Object(Config\Cache), false)
 9 FCPATH\index.php(55): CodeIgniter\CodeIgniter->run()
CRITICAL - 2022-06-26 12:02:37 --> Undefined variable: student
in APPPATH\Views\Admin\User\user.php on line 171.
 1 APPPATH\Views\Admin\User\user.php(171): CodeIgniter\Debug\Exceptions->errorHandler(8, 'Undefined variable: student', 'APPPATH\\Views\\Admin\\User\\user.php', 171, [...])
 2 SYSTEMPATH\View\View.php(213): include('APPPATH\\Views\\Admin\\User\\user.php')
 3 SYSTEMPATH\View\View.php(216): CodeIgniter\View\View->CodeIgniter\View\{closure}()
 4 SYSTEMPATH\Common.php(1135): CodeIgniter\View\View->render('Admin/User/user', [], true)
 5 APPPATH\Controllers\Admin\User.php(30): view('Admin/User/user', [...])
 6 SYSTEMPATH\CodeIgniter.php(898): App\Controllers\Admin\User->index()
 7 SYSTEMPATH\CodeIgniter.php(468): CodeIgniter\CodeIgniter->runController(Object(App\Controllers\Admin\User))
 8 SYSTEMPATH\CodeIgniter.php(351): CodeIgniter\CodeIgniter->handleRequest(null, Object(Config\Cache), false)
 9 FCPATH\index.php(55): CodeIgniter\CodeIgniter->run()
CRITICAL - 2022-06-26 16:21:18 --> Undefined variable: module_name
in APPPATH\Controllers\Admin\Student.php on line 30.
 1 APPPATH\Controllers\Admin\Student.php(30): CodeIgniter\Debug\Exceptions->errorHandler(8, 'Undefined variable: module_name', 'APPPATH\\Controllers\\Admin\\Student.php', 30, [...])
 2 SYSTEMPATH\CodeIgniter.php(898): App\Controllers\Admin\Student->index()
 3 SYSTEMPATH\CodeIgniter.php(468): CodeIgniter\CodeIgniter->runController(Object(App\Controllers\Admin\Student))
 4 SYSTEMPATH\CodeIgniter.php(351): CodeIgniter\CodeIgniter->handleRequest(null, Object(Config\Cache), false)
 5 FCPATH\index.php(55): CodeIgniter\CodeIgniter->run()
CRITICAL - 2022-06-26 16:22:36 --> Undefined property: App\Controllers\Admin\Student::$permission
in APPPATH\Controllers\Admin\Student.php on line 32.
 1 APPPATH\Controllers\Admin\Student.php(32): CodeIgniter\Debug\Exceptions->errorHandler(8, 'Undefined property: App\\Controllers\\Admin\\Student::$permission', 'APPPATH\\Controllers\\Admin\\Student.php', 32, [...])
 2 SYSTEMPATH\CodeIgniter.php(898): App\Controllers\Admin\Student->index()
 3 SYSTEMPATH\CodeIgniter.php(468): CodeIgniter\CodeIgniter->runController(Object(App\Controllers\Admin\Student))
 4 SYSTEMPATH\CodeIgniter.php(351): CodeIgniter\CodeIgniter->handleRequest(null, Object(Config\Cache), false)
 5 FCPATH\index.php(55): CodeIgniter\CodeIgniter->run()
CRITICAL - 2022-06-26 17:43:42 --> Undefined index: Subject
in APPPATH\Libraries\Permission.php on line 16.
 1 APPPATH\Libraries\Permission.php(16): CodeIgniter\Debug\Exceptions->errorHandler(8, 'Undefined index: Subject', 'APPPATH\\Libraries\\Permission.php', 16, [...])
 2 APPPATH\Controllers\Admin\Subject.php(38): App\Libraries\Permission->module_permission_list('1', 'Subject')
 3 SYSTEMPATH\CodeIgniter.php(898): App\Controllers\Admin\Subject->index()
 4 SYSTEMPATH\CodeIgniter.php(468): CodeIgniter\CodeIgniter->runController(Object(App\Controllers\Admin\Subject))
 5 SYSTEMPATH\CodeIgniter.php(351): CodeIgniter\CodeIgniter->handleRequest(null, Object(Config\Cache), false)
 6 FCPATH\index.php(55): CodeIgniter\CodeIgniter->run()
CRITICAL - 2022-06-26 17:44:18 --> Undefined index: Subject
in APPPATH\Libraries\Permission.php on line 16.
 1 APPPATH\Libraries\Permission.php(16): CodeIgniter\Debug\Exceptions->errorHandler(8, 'Undefined index: Subject', 'APPPATH\\Libraries\\Permission.php', 16, [...])
 2 APPPATH\Controllers\Admin\Subject.php(38): App\Libraries\Permission->module_permission_list('1', 'Subject')
 3 SYSTEMPATH\CodeIgniter.php(898): App\Controllers\Admin\Subject->index()
 4 SYSTEMPATH\CodeIgniter.php(468): CodeIgniter\CodeIgniter->runController(Object(App\Controllers\Admin\Subject))
 5 SYSTEMPATH\CodeIgniter.php(351): CodeIgniter\CodeIgniter->handleRequest(null, Object(Config\Cache), false)
 6 FCPATH\index.php(55): CodeIgniter\CodeIgniter->run()
CRITICAL - 2022-06-26 17:48:11 --> Undefined index: Chapter
in APPPATH\Libraries\Permission.php on line 16.
 1 APPPATH\Libraries\Permission.php(16): CodeIgniter\Debug\Exceptions->errorHandler(8, 'Undefined index: Chapter', 'APPPATH\\Libraries\\Permission.php', 16, [...])
 2 APPPATH\Controllers\Admin\Chapter.php(38): App\Libraries\Permission->module_permission_list('1', 'Chapter')
 3 SYSTEMPATH\CodeIgniter.php(898): App\Controllers\Admin\Chapter->index()
 4 SYSTEMPATH\CodeIgniter.php(468): CodeIgniter\CodeIgniter->runController(Object(App\Controllers\Admin\Chapter))
 5 SYSTEMPATH\CodeIgniter.php(351): CodeIgniter\CodeIgniter->handleRequest(null, Object(Config\Cache), false)
 6 FCPATH\index.php(55): CodeIgniter\CodeIgniter->run()
CRITICAL - 2022-06-26 17:51:33 --> Undefined index: Chapter_quiz
in APPPATH\Libraries\Permission.php on line 16.
 1 APPPATH\Libraries\Permission.php(16): CodeIgniter\Debug\Exceptions->errorHandler(8, 'Undefined index: Chapter_quiz', 'APPPATH\\Libraries\\Permission.php', 16, [...])
 2 APPPATH\Controllers\Admin\Chapter_quiz.php(38): App\Libraries\Permission->module_permission_list('1', 'Chapter_quiz')
 3 SYSTEMPATH\CodeIgniter.php(898): App\Controllers\Admin\Chapter_quiz->index()
 4 SYSTEMPATH\CodeIgniter.php(468): CodeIgniter\CodeIgniter->runController(Object(App\Controllers\Admin\Chapter_quiz))
 5 SYSTEMPATH\CodeIgniter.php(351): CodeIgniter\CodeIgniter->handleRequest(null, Object(Config\Cache), false)
 6 FCPATH\index.php(55): CodeIgniter\CodeIgniter->run()
CRITICAL - 2022-06-26 18:10:11 --> Undefined index: User
in APPPATH\Libraries\Permission.php on line 16.
 1 APPPATH\Libraries\Permission.php(16): CodeIgniter\Debug\Exceptions->errorHandler(8, 'Undefined index: User', 'APPPATH\\Libraries\\Permission.php', 16, [...])
 2 APPPATH\Controllers\Admin\User.php(38): App\Libraries\Permission->module_permission_list('1', 'User')
 3 SYSTEMPATH\CodeIgniter.php(898): App\Controllers\Admin\User->index()
 4 SYSTEMPATH\CodeIgniter.php(468): CodeIgniter\CodeIgniter->runController(Object(App\Controllers\Admin\User))
 5 SYSTEMPATH\CodeIgniter.php(351): CodeIgniter\CodeIgniter->handleRequest(null, Object(Config\Cache), false)
 6 FCPATH\index.php(55): CodeIgniter\CodeIgniter->run()
CRITICAL - 2022-06-26 18:14:00 --> Undefined index: User_roll
in APPPATH\Libraries\Permission.php on line 16.
 1 APPPATH\Libraries\Permission.php(16): CodeIgniter\Debug\Exceptions->errorHandler(8, 'Undefined index: User_roll', 'APPPATH\\Libraries\\Permission.php', 16, [...])
 2 APPPATH\Controllers\Admin\User_roll.php(40): App\Libraries\Permission->module_permission_list('1', 'User_roll')
 3 SYSTEMPATH\CodeIgniter.php(898): App\Controllers\Admin\User_roll->index()
 4 SYSTEMPATH\CodeIgniter.php(468): CodeIgniter\CodeIgniter->runController(Object(App\Controllers\Admin\User_roll))
 5 SYSTEMPATH\CodeIgniter.php(351): CodeIgniter\CodeIgniter->handleRequest(null, Object(Config\Cache), false)
 6 FCPATH\index.php(55): CodeIgniter\CodeIgniter->run()
