CRITICAL - 2022-07-13 17:49:13 --> Invalid file: Admin/Quiz_question/quiz.php
in SYSTEMPATH\Exceptions\FrameworkException.php on line 33.
 1 SYSTEMPATH\View\View.php(201): CodeIgniter\Exceptions\FrameworkException::forInvalidFile('Admin/Quiz_question/quiz.php')
 2 SYSTEMPATH\Common.php(1135): CodeIgniter\View\View->render('Admin/Quiz_question/quiz', [], true)
 3 APPPATH\Controllers\Admin\Quiz_question.php(42): view('Admin/Quiz_question/quiz', [...])
 4 SYSTEMPATH\CodeIgniter.php(898): App\Controllers\Admin\Quiz_question->index()
 5 SYSTEMPATH\CodeIgniter.php(468): CodeIgniter\CodeIgniter->runController(Object(App\Controllers\Admin\Quiz_question))
 6 SYSTEMPATH\CodeIgniter.php(351): CodeIgniter\CodeIgniter->handleRequest(null, Object(Config\Cache), false)
 7 FCPATH\index.php(55): CodeIgniter\CodeIgniter->run()
CRITICAL - 2022-07-13 17:49:32 --> Invalid file: Admin/Quiz_question/quiz.php
in SYSTEMPATH\Exceptions\FrameworkException.php on line 33.
 1 SYSTEMPATH\View\View.php(201): CodeIgniter\Exceptions\FrameworkException::forInvalidFile('Admin/Quiz_question/quiz.php')
 2 SYSTEMPATH\Common.php(1135): CodeIgniter\View\View->render('Admin/Quiz_question/quiz', [], true)
 3 APPPATH\Controllers\Admin\Quiz_question.php(42): view('Admin/Quiz_question/quiz', [...])
 4 SYSTEMPATH\CodeIgniter.php(898): App\Controllers\Admin\Quiz_question->index()
 5 SYSTEMPATH\CodeIgniter.php(468): CodeIgniter\CodeIgniter->runController(Object(App\Controllers\Admin\Quiz_question))
 6 SYSTEMPATH\CodeIgniter.php(351): CodeIgniter\CodeIgniter->handleRequest(null, Object(Config\Cache), false)
 7 FCPATH\index.php(55): CodeIgniter\CodeIgniter->run()
CRITICAL - 2022-07-13 18:36:13 --> Undefined variable: subject
in APPPATH\Views\Student\quiz.php on line 7.
 1 APPPATH\Views\Student\quiz.php(7): CodeIgniter\Debug\Exceptions->errorHandler(8, 'Undefined variable: subject', 'APPPATH\\Views\\Student\\quiz.php', 7, [...])
 2 SYSTEMPATH\View\View.php(213): include('APPPATH\\Views\\Student\\quiz.php')
 3 SYSTEMPATH\View\View.php(216): CodeIgniter\View\View->CodeIgniter\View\{closure}()
 4 SYSTEMPATH\Common.php(1135): CodeIgniter\View\View->render('Student/quiz', [], true)
 5 APPPATH\Controllers\Student\Quiz.php(35): view('Student/quiz', [...])
 6 SYSTEMPATH\CodeIgniter.php(898): App\Controllers\Student\Quiz->index()
 7 SYSTEMPATH\CodeIgniter.php(468): CodeIgniter\CodeIgniter->runController(Object(App\Controllers\Student\Quiz))
 8 SYSTEMPATH\CodeIgniter.php(351): CodeIgniter\CodeIgniter->handleRequest(null, Object(Config\Cache), false)
 9 FCPATH\index.php(55): CodeIgniter\CodeIgniter->run()
CRITICAL - 2022-07-13 18:50:52 --> Undefined property: stdClass::$quiz_name
in APPPATH\Views\Student\quiz_exam_question.php on line 9.
 1 APPPATH\Views\Student\quiz_exam_question.php(9): CodeIgniter\Debug\Exceptions->errorHandler(8, 'Undefined property: stdClass::$quiz_name', 'APPPATH\\Views\\Student\\quiz_exam_question.php', 9, [...])
 2 SYSTEMPATH\View\View.php(213): include('APPPATH\\Views\\Student\\quiz_exam_question.php')
 3 SYSTEMPATH\View\View.php(216): CodeIgniter\View\View->CodeIgniter\View\{closure}()
 4 SYSTEMPATH\Common.php(1135): CodeIgniter\View\View->render('Student/quiz_exam_question', [], true)
 5 APPPATH\Controllers\Student\Quiz.php(79): view('Student/quiz_exam_question', [...])
 6 SYSTEMPATH\CodeIgniter.php(898): App\Controllers\Student\Quiz->question('1')
 7 SYSTEMPATH\CodeIgniter.php(468): CodeIgniter\CodeIgniter->runController(Object(App\Controllers\Student\Quiz))
 8 SYSTEMPATH\CodeIgniter.php(351): CodeIgniter\CodeIgniter->handleRequest(null, Object(Config\Cache), false)
 9 FCPATH\index.php(55): CodeIgniter\CodeIgniter->run()
CRITICAL - 2022-07-13 20:20:45 --> Object of class CodeIgniter\Session\Session could not be converted to string
in APPPATH\Controllers\Student\Quiz.php on line 69.
 1 SYSTEMPATH\CodeIgniter.php(898): App\Controllers\Student\Quiz->exam('1')
 2 SYSTEMPATH\CodeIgniter.php(468): CodeIgniter\CodeIgniter->runController(Object(App\Controllers\Student\Quiz))
 3 SYSTEMPATH\CodeIgniter.php(351): CodeIgniter\CodeIgniter->handleRequest(null, Object(Config\Cache), false)
 4 FCPATH\index.php(55): CodeIgniter\CodeIgniter->run()
CRITICAL - 2022-07-13 20:21:17 --> Class 'App\Controllers\Student\RawSql' not found
in APPPATH\Controllers\Student\Quiz.php on line 70.
 1 SYSTEMPATH\CodeIgniter.php(898): App\Controllers\Student\Quiz->exam('1')
 2 SYSTEMPATH\CodeIgniter.php(468): CodeIgniter\CodeIgniter->runController(Object(App\Controllers\Student\Quiz))
 3 SYSTEMPATH\CodeIgniter.php(351): CodeIgniter\CodeIgniter->handleRequest(null, Object(Config\Cache), false)
 4 FCPATH\index.php(55): CodeIgniter\CodeIgniter->run()
ERROR - 2022-07-13 20:23:07 --> Unknown column 'quiz_exam_joined.id' in 'on clause'
CRITICAL - 2022-07-13 20:23:07 --> Unknown column 'quiz_exam_joined.id' in 'on clause'
in SYSTEMPATH\Database\MySQLi\Connection.php on line 292.
 1 SYSTEMPATH\Database\MySQLi\Connection.php(292): mysqli->query('SELECT *
FROM `quiz_exam_info`
LEFT JOIN `quiz_exam_joined` ON quiz_exam_joined.id != quiz_exam_info.quiz_exam_info_id WHERE `quiz_exam_joined`.`std_id` != \'.1.\'', 0)
 2 SYSTEMPATH\Database\BaseConnection.php(678): CodeIgniter\Database\MySQLi\Connection->execute('SELECT *
FROM `quiz_exam_info`
LEFT JOIN `quiz_exam_joined` ON quiz_exam_joined.id != quiz_exam_info.quiz_exam_info_id WHERE `quiz_exam_joined`.`std_id` != \'.1.\'')
 3 SYSTEMPATH\Database\BaseConnection.php(606): CodeIgniter\Database\BaseConnection->simpleQuery('SELECT *
FROM `quiz_exam_info`
LEFT JOIN `quiz_exam_joined` ON quiz_exam_joined.id != quiz_exam_info.quiz_exam_info_id WHERE `quiz_exam_joined`.`std_id` != \'.1.\'')
 4 SYSTEMPATH\Database\BaseBuilder.php(1585): CodeIgniter\Database\BaseConnection->query('SELECT *
FROM `quiz_exam_info`
LEFT JOIN `quiz_exam_joined` ON quiz_exam_joined.id != quiz_exam_info.quiz_exam_info_id WHERE `quiz_exam_joined`.`std_id` != \'.1.\'', [], false)
 5 APPPATH\Controllers\Student\Quiz.php(72): CodeIgniter\Database\BaseBuilder->get()
 6 SYSTEMPATH\CodeIgniter.php(898): App\Controllers\Student\Quiz->exam('1')
 7 SYSTEMPATH\CodeIgniter.php(468): CodeIgniter\CodeIgniter->runController(Object(App\Controllers\Student\Quiz))
 8 SYSTEMPATH\CodeIgniter.php(351): CodeIgniter\CodeIgniter->handleRequest(null, Object(Config\Cache), false)
 9 FCPATH\index.php(55): CodeIgniter\CodeIgniter->run()
