CRITICAL - 2022-08-14 16:42:24 --> Cannot use object of type stdClass as array
in APPPATH\Controllers\Admin\Chapter_quiz.php on line 110.
 1 SYSTEMPATH\CodeIgniter.php(898): App\Controllers\Admin\Chapter_quiz->getOne()
 2 SYSTEMPATH\CodeIgniter.php(468): CodeIgniter\CodeIgniter->runController(Object(App\Controllers\Admin\Chapter_quiz))
 3 SYSTEMPATH\CodeIgniter.php(351): CodeIgniter\CodeIgniter->handleRequest(null, Object(Config\Cache), false)
 4 FCPATH\index.php(55): CodeIgniter\CodeIgniter->run()
CRITICAL - 2022-08-14 16:42:26 --> Cannot use object of type stdClass as array
in APPPATH\Controllers\Admin\Chapter_quiz.php on line 110.
 1 SYSTEMPATH\CodeIgniter.php(898): App\Controllers\Admin\Chapter_quiz->getOne()
 2 SYSTEMPATH\CodeIgniter.php(468): CodeIgniter\CodeIgniter->runController(Object(App\Controllers\Admin\Chapter_quiz))
 3 SYSTEMPATH\CodeIgniter.php(351): CodeIgniter\CodeIgniter->handleRequest(null, Object(Config\Cache), false)
 4 FCPATH\index.php(55): CodeIgniter\CodeIgniter->run()
CRITICAL - 2022-08-14 16:42:59 --> array_push() expects parameter 1 to be array, object given
in APPPATH\Controllers\Admin\Chapter_quiz.php on line 111.
 1 [internal function]: CodeIgniter\Debug\Exceptions->errorHandler(2, 'array_push() expects parameter 1 to be array, object given', 'APPPATH\\Controllers\\Admin\\Chapter_quiz.php', 111, [...])
 2 APPPATH\Controllers\Admin\Chapter_quiz.php(111): array_push(Object(stdClass), [...])
 3 SYSTEMPATH\CodeIgniter.php(898): App\Controllers\Admin\Chapter_quiz->getOne()
 4 SYSTEMPATH\CodeIgniter.php(468): CodeIgniter\CodeIgniter->runController(Object(App\Controllers\Admin\Chapter_quiz))
 5 SYSTEMPATH\CodeIgniter.php(351): CodeIgniter\CodeIgniter->handleRequest(null, Object(Config\Cache), false)
 6 FCPATH\index.php(55): CodeIgniter\CodeIgniter->run()
CRITICAL - 2022-08-14 16:43:27 --> array_push() expects parameter 1 to be array, object given
in APPPATH\Controllers\Admin\Chapter_quiz.php on line 111.
 1 [internal function]: CodeIgniter\Debug\Exceptions->errorHandler(2, 'array_push() expects parameter 1 to be array, object given', 'APPPATH\\Controllers\\Admin\\Chapter_quiz.php', 111, [...])
 2 APPPATH\Controllers\Admin\Chapter_quiz.php(111): array_push(Object(stdClass), [...])
 3 SYSTEMPATH\CodeIgniter.php(898): App\Controllers\Admin\Chapter_quiz->getOne()
 4 SYSTEMPATH\CodeIgniter.php(468): CodeIgniter\CodeIgniter->runController(Object(App\Controllers\Admin\Chapter_quiz))
 5 SYSTEMPATH\CodeIgniter.php(351): CodeIgniter\CodeIgniter->handleRequest(null, Object(Config\Cache), false)
 6 FCPATH\index.php(55): CodeIgniter\CodeIgniter->run()
CRITICAL - 2022-08-14 16:44:14 --> array_push() expects parameter 1 to be array, object given
in APPPATH\Controllers\Admin\Chapter_quiz.php on line 111.
 1 [internal function]: CodeIgniter\Debug\Exceptions->errorHandler(2, 'array_push() expects parameter 1 to be array, object given', 'APPPATH\\Controllers\\Admin\\Chapter_quiz.php', 111, [...])
 2 APPPATH\Controllers\Admin\Chapter_quiz.php(111): array_push(Object(stdClass), [...])
 3 SYSTEMPATH\CodeIgniter.php(898): App\Controllers\Admin\Chapter_quiz->getOne()
 4 SYSTEMPATH\CodeIgniter.php(468): CodeIgniter\CodeIgniter->runController(Object(App\Controllers\Admin\Chapter_quiz))
 5 SYSTEMPATH\CodeIgniter.php(351): CodeIgniter\CodeIgniter->handleRequest(null, Object(Config\Cache), false)
 6 FCPATH\index.php(55): CodeIgniter\CodeIgniter->run()
CRITICAL - 2022-08-14 16:46:03 --> array_push() expects parameter 1 to be array, object given
in APPPATH\Controllers\Admin\Chapter_quiz.php on line 111.
 1 [internal function]: CodeIgniter\Debug\Exceptions->errorHandler(2, 'array_push() expects parameter 1 to be array, object given', 'APPPATH\\Controllers\\Admin\\Chapter_quiz.php', 111, [...])
 2 APPPATH\Controllers\Admin\Chapter_quiz.php(111): array_push(Object(stdClass), [...])
 3 SYSTEMPATH\CodeIgniter.php(898): App\Controllers\Admin\Chapter_quiz->getOne()
 4 SYSTEMPATH\CodeIgniter.php(468): CodeIgniter\CodeIgniter->runController(Object(App\Controllers\Admin\Chapter_quiz))
 5 SYSTEMPATH\CodeIgniter.php(351): CodeIgniter\CodeIgniter->handleRequest(null, Object(Config\Cache), false)
 6 FCPATH\index.php(55): CodeIgniter\CodeIgniter->run()
CRITICAL - 2022-08-14 16:46:49 --> array_push() expects parameter 1 to be array, object given
in APPPATH\Controllers\Admin\Chapter_quiz.php on line 111.
 1 [internal function]: CodeIgniter\Debug\Exceptions->errorHandler(2, 'array_push() expects parameter 1 to be array, object given', 'APPPATH\\Controllers\\Admin\\Chapter_quiz.php', 111, [...])
 2 APPPATH\Controllers\Admin\Chapter_quiz.php(111): array_push(Object(stdClass), [...])
 3 SYSTEMPATH\CodeIgniter.php(898): App\Controllers\Admin\Chapter_quiz->getOne()
 4 SYSTEMPATH\CodeIgniter.php(468): CodeIgniter\CodeIgniter->runController(Object(App\Controllers\Admin\Chapter_quiz))
 5 SYSTEMPATH\CodeIgniter.php(351): CodeIgniter\CodeIgniter->handleRequest(null, Object(Config\Cache), false)
 6 FCPATH\index.php(55): CodeIgniter\CodeIgniter->run()
CRITICAL - 2022-08-14 16:51:48 --> Undefined property: stdClass::$subject_id
in APPPATH\Controllers\Admin\Chapter_quiz.php on line 110.
 1 APPPATH\Controllers\Admin\Chapter_quiz.php(110): CodeIgniter\Debug\Exceptions->errorHandler(8, 'Undefined property: stdClass::$subject_id', 'APPPATH\\Controllers\\Admin\\Chapter_quiz.php', 110, [...])
 2 SYSTEMPATH\CodeIgniter.php(898): App\Controllers\Admin\Chapter_quiz->getOne()
 3 SYSTEMPATH\CodeIgniter.php(468): CodeIgniter\CodeIgniter->runController(Object(App\Controllers\Admin\Chapter_quiz))
 4 SYSTEMPATH\CodeIgniter.php(351): CodeIgniter\CodeIgniter->handleRequest(null, Object(Config\Cache), false)
 5 FCPATH\index.php(55): CodeIgniter\CodeIgniter->run()
CRITICAL - 2022-08-14 16:51:50 --> Undefined property: stdClass::$subject_id
in APPPATH\Controllers\Admin\Chapter_quiz.php on line 110.
 1 APPPATH\Controllers\Admin\Chapter_quiz.php(110): CodeIgniter\Debug\Exceptions->errorHandler(8, 'Undefined property: stdClass::$subject_id', 'APPPATH\\Controllers\\Admin\\Chapter_quiz.php', 110, [...])
 2 SYSTEMPATH\CodeIgniter.php(898): App\Controllers\Admin\Chapter_quiz->getOne()
 3 SYSTEMPATH\CodeIgniter.php(468): CodeIgniter\CodeIgniter->runController(Object(App\Controllers\Admin\Chapter_quiz))
 4 SYSTEMPATH\CodeIgniter.php(351): CodeIgniter\CodeIgniter->handleRequest(null, Object(Config\Cache), false)
 5 FCPATH\index.php(55): CodeIgniter\CodeIgniter->run()
CRITICAL - 2022-08-14 16:52:03 --> Undefined property: stdClass::$subject_id
in APPPATH\Controllers\Admin\Chapter_quiz.php on line 110.
 1 APPPATH\Controllers\Admin\Chapter_quiz.php(110): CodeIgniter\Debug\Exceptions->errorHandler(8, 'Undefined property: stdClass::$subject_id', 'APPPATH\\Controllers\\Admin\\Chapter_quiz.php', 110, [...])
 2 SYSTEMPATH\CodeIgniter.php(898): App\Controllers\Admin\Chapter_quiz->getOne()
 3 SYSTEMPATH\CodeIgniter.php(468): CodeIgniter\CodeIgniter->runController(Object(App\Controllers\Admin\Chapter_quiz))
 4 SYSTEMPATH\CodeIgniter.php(351): CodeIgniter\CodeIgniter->handleRequest(null, Object(Config\Cache), false)
 5 FCPATH\index.php(55): CodeIgniter\CodeIgniter->run()
CRITICAL - 2022-08-14 16:53:44 --> Undefined property: stdClass::$subject_id
in APPPATH\Controllers\Admin\Chapter_quiz.php on line 110.
 1 APPPATH\Controllers\Admin\Chapter_quiz.php(110): CodeIgniter\Debug\Exceptions->errorHandler(8, 'Undefined property: stdClass::$subject_id', 'APPPATH\\Controllers\\Admin\\Chapter_quiz.php', 110, [...])
 2 SYSTEMPATH\CodeIgniter.php(898): App\Controllers\Admin\Chapter_quiz->getOne()
 3 SYSTEMPATH\CodeIgniter.php(468): CodeIgniter\CodeIgniter->runController(Object(App\Controllers\Admin\Chapter_quiz))
 4 SYSTEMPATH\CodeIgniter.php(351): CodeIgniter\CodeIgniter->handleRequest(null, Object(Config\Cache), false)
 5 FCPATH\index.php(55): CodeIgniter\CodeIgniter->run()
CRITICAL - 2022-08-14 16:54:06 --> Undefined property: stdClass::$subject_id
in APPPATH\Controllers\Admin\Chapter_quiz.php on line 110.
 1 APPPATH\Controllers\Admin\Chapter_quiz.php(110): CodeIgniter\Debug\Exceptions->errorHandler(8, 'Undefined property: stdClass::$subject_id', 'APPPATH\\Controllers\\Admin\\Chapter_quiz.php', 110, [...])
 2 SYSTEMPATH\CodeIgniter.php(898): App\Controllers\Admin\Chapter_quiz->getOne()
 3 SYSTEMPATH\CodeIgniter.php(468): CodeIgniter\CodeIgniter->runController(Object(App\Controllers\Admin\Chapter_quiz))
 4 SYSTEMPATH\CodeIgniter.php(351): CodeIgniter\CodeIgniter->handleRequest(null, Object(Config\Cache), false)
 5 FCPATH\index.php(55): CodeIgniter\CodeIgniter->run()
CRITICAL - 2022-08-14 16:54:34 --> Undefined property: stdClass::$subject_id
in APPPATH\Controllers\Admin\Chapter_quiz.php on line 110.
 1 APPPATH\Controllers\Admin\Chapter_quiz.php(110): CodeIgniter\Debug\Exceptions->errorHandler(8, 'Undefined property: stdClass::$subject_id', 'APPPATH\\Controllers\\Admin\\Chapter_quiz.php', 110, [...])
 2 SYSTEMPATH\CodeIgniter.php(898): App\Controllers\Admin\Chapter_quiz->getOne()
 3 SYSTEMPATH\CodeIgniter.php(468): CodeIgniter\CodeIgniter->runController(Object(App\Controllers\Admin\Chapter_quiz))
 4 SYSTEMPATH\CodeIgniter.php(351): CodeIgniter\CodeIgniter->handleRequest(null, Object(Config\Cache), false)
 5 FCPATH\index.php(55): CodeIgniter\CodeIgniter->run()
CRITICAL - 2022-08-14 16:54:50 --> Undefined property: stdClass::$subject_id
in APPPATH\Controllers\Admin\Chapter_quiz.php on line 114.
 1 APPPATH\Controllers\Admin\Chapter_quiz.php(114): CodeIgniter\Debug\Exceptions->errorHandler(8, 'Undefined property: stdClass::$subject_id', 'APPPATH\\Controllers\\Admin\\Chapter_quiz.php', 114, [...])
 2 SYSTEMPATH\CodeIgniter.php(898): App\Controllers\Admin\Chapter_quiz->getOne()
 3 SYSTEMPATH\CodeIgniter.php(468): CodeIgniter\CodeIgniter->runController(Object(App\Controllers\Admin\Chapter_quiz))
 4 SYSTEMPATH\CodeIgniter.php(351): CodeIgniter\CodeIgniter->handleRequest(null, Object(Config\Cache), false)
 5 FCPATH\index.php(55): CodeIgniter\CodeIgniter->run()
