CRITICAL - 2022-07-27 11:21:19 --> Call to a member function getCurrentPage() on null
in APPPATH\Views\Student\vocabulary_exam.php on line 10.
 1 SYSTEMPATH\View\View.php(213): include()
 2 SYSTEMPATH\View\View.php(216): CodeIgniter\View\View->CodeIgniter\View\{closure}()
 3 SYSTEMPATH\Common.php(1135): CodeIgniter\View\View->render('Student/vocabulary_exam', [], true)
 4 APPPATH\Controllers\Student\Vocabulary.php(89): view('Student/vocabulary_exam', [...])
 5 SYSTEMPATH\CodeIgniter.php(898): App\Controllers\Student\Vocabulary->exam_join('1')
 6 SYSTEMPATH\CodeIgniter.php(468): CodeIgniter\CodeIgniter->runController(Object(App\Controllers\Student\Vocabulary))
 7 SYSTEMPATH\CodeIgniter.php(351): CodeIgniter\CodeIgniter->handleRequest(null, Object(Config\Cache), false)
 8 FCPATH\index.php(55): CodeIgniter\CodeIgniter->run()
CRITICAL - 2022-07-27 11:29:06 --> syntax error, unexpected '$one' (T_VARIABLE)
in APPPATH\Views\Student\vocabulary_exam.php on line 14.
 1 SYSTEMPATH\View\View.php(216): CodeIgniter\View\View->CodeIgniter\View\{closure}()
 2 SYSTEMPATH\Common.php(1135): CodeIgniter\View\View->render('Student/vocabulary_exam', [], true)
 3 APPPATH\Controllers\Student\Vocabulary.php(89): view('Student/vocabulary_exam', [...])
 4 SYSTEMPATH\CodeIgniter.php(898): App\Controllers\Student\Vocabulary->exam_join('1')
 5 SYSTEMPATH\CodeIgniter.php(468): CodeIgniter\CodeIgniter->runController(Object(App\Controllers\Student\Vocabulary))
 6 SYSTEMPATH\CodeIgniter.php(351): CodeIgniter\CodeIgniter->handleRequest(null, Object(Config\Cache), false)
 7 FCPATH\index.php(55): CodeIgniter\CodeIgniter->run()
CRITICAL - 2022-07-27 12:11:04 --> syntax error, unexpected '$data' (T_VARIABLE)
in APPPATH\Controllers\Student\Vocabulary.php on line 51.
 1 SYSTEMPATH\Router\Router.php(499): CodeIgniter\Router\AutoRouter->getRoute('Student/Vocabulary/exam_join/1')
 2 SYSTEMPATH\Router\Router.php(205): CodeIgniter\Router\Router->autoRoute('Student/Vocabulary/exam_join/1')
 3 SYSTEMPATH\CodeIgniter.php(773): CodeIgniter\Router\Router->handle('Student/Vocabulary/exam_join/1')
 4 SYSTEMPATH\CodeIgniter.php(417): CodeIgniter\CodeIgniter->tryToRouteIt(Object(CodeIgniter\Router\RouteCollection))
 5 SYSTEMPATH\CodeIgniter.php(351): CodeIgniter\CodeIgniter->handleRequest(null, Object(Config\Cache), false)
 6 FCPATH\index.php(55): CodeIgniter\CodeIgniter->run()
CRITICAL - 2022-07-27 12:15:57 --> custom_voc is not a valid Pager template.
in SYSTEMPATH\Pager\Pager.php on line 148.
 1 SYSTEMPATH\Pager\Pager.php(148): CodeIgniter\Pager\Exceptions\PagerException::forInvalidTemplate('custom_voc')
 2 SYSTEMPATH\Pager\Pager.php(121): CodeIgniter\Pager\Pager->displayLinks('default', 'custom_voc')
 3 APPPATH\Views\Student\vocabulary_exam.php(49): CodeIgniter\Pager\Pager->voccustomLinks()
 4 SYSTEMPATH\View\View.php(213): include('APPPATH\\Views\\Student\\vocabulary_exam.php')
 5 SYSTEMPATH\View\View.php(216): CodeIgniter\View\View->CodeIgniter\View\{closure}()
 6 SYSTEMPATH\Common.php(1135): CodeIgniter\View\View->render('Student/vocabulary_exam', [], true)
 7 APPPATH\Controllers\Student\Vocabulary.php(90): view('Student/vocabulary_exam', [...])
 8 SYSTEMPATH\CodeIgniter.php(898): App\Controllers\Student\Vocabulary->exam_join('1')
 9 SYSTEMPATH\CodeIgniter.php(468): CodeIgniter\CodeIgniter->runController(Object(App\Controllers\Student\Vocabulary))
10 SYSTEMPATH\CodeIgniter.php(351): CodeIgniter\CodeIgniter->handleRequest(null, Object(Config\Cache), false)
11 FCPATH\index.php(55): CodeIgniter\CodeIgniter->run()
CRITICAL - 2022-07-27 16:58:40 --> Undefined variable: result
in APPPATH\Views\Student\vocabulary_exam_result.php on line 45.
 1 APPPATH\Views\Student\vocabulary_exam_result.php(45): CodeIgniter\Debug\Exceptions->errorHandler(8, 'Undefined variable: result', 'APPPATH\\Views\\Student\\vocabulary_exam_result.php', 45, [...])
 2 SYSTEMPATH\View\View.php(213): include('APPPATH\\Views\\Student\\vocabulary_exam_result.php')
 3 SYSTEMPATH\View\View.php(216): CodeIgniter\View\View->CodeIgniter\View\{closure}()
 4 SYSTEMPATH\Common.php(1135): CodeIgniter\View\View->render('Student/vocabulary_exam_result', [], true)
 5 APPPATH\Controllers\Student\Vocabulary.php(153): view('Student/vocabulary_exam_result', [...])
 6 SYSTEMPATH\CodeIgniter.php(898): App\Controllers\Student\Vocabulary->result_view()
 7 SYSTEMPATH\CodeIgniter.php(468): CodeIgniter\CodeIgniter->runController(Object(App\Controllers\Student\Vocabulary))
 8 SYSTEMPATH\CodeIgniter.php(351): CodeIgniter\CodeIgniter->handleRequest(null, Object(Config\Cache), false)
 9 FCPATH\index.php(55): CodeIgniter\CodeIgniter->run()
