CRITICAL - 2022-06-19 10:26:14 --> Use of undefined constant ansCount - assumed 'ansCount' (this will throw an Error in a future version of PHP)
in APPPATH\Views\Student\chapter_content.php on line 19.
 1 APPPATH\Views\Student\chapter_content.php(19): CodeIgniter\Debug\Exceptions->errorHandler(2, 'Use of undefined constant ansCount - assumed \'ansCount\' (this will throw an Error in a future version of PHP)', 'APPPATH\\Views\\Student\\chapter_content.php', 19, [...])
 2 SYSTEMPATH\View\View.php(213): include('APPPATH\\Views\\Student\\chapter_content.php')
 3 SYSTEMPATH\View\View.php(216): CodeIgniter\View\View->CodeIgniter\View\{closure}()
 4 SYSTEMPATH\Common.php(1135): CodeIgniter\View\View->render('Student/chapter_content', [], true)
 5 APPPATH\Controllers\Student\VideoQuiz.php(55): view('Student/chapter_content', [...])
 6 SYSTEMPATH\CodeIgniter.php(898): App\Controllers\Student\VideoQuiz->index('1')
 7 SYSTEMPATH\CodeIgniter.php(468): CodeIgniter\CodeIgniter->runController(Object(App\Controllers\Student\VideoQuiz))
 8 SYSTEMPATH\CodeIgniter.php(351): CodeIgniter\CodeIgniter->handleRequest(null, Object(Config\Cache), false)
 9 FCPATH\index.php(55): CodeIgniter\CodeIgniter->run()
CRITICAL - 2022-06-19 10:33:16 --> A non-numeric value encountered
in APPPATH\Views\Student\footer.php on line 26.
 1 APPPATH\Views\Student\footer.php(26): CodeIgniter\Debug\Exceptions->errorHandler(2, 'A non-numeric value encountered', 'APPPATH\\Views\\Student\\footer.php', 26, [...])
 2 SYSTEMPATH\View\View.php(213): include('APPPATH\\Views\\Student\\footer.php')
 3 SYSTEMPATH\View\View.php(216): CodeIgniter\View\View->CodeIgniter\View\{closure}()
 4 SYSTEMPATH\Common.php(1135): CodeIgniter\View\View->render('Student/footer', [], true)
 5 APPPATH\Controllers\Student\VideoQuiz.php(56): view('Student/footer')
 6 SYSTEMPATH\CodeIgniter.php(898): App\Controllers\Student\VideoQuiz->index('1')
 7 SYSTEMPATH\CodeIgniter.php(468): CodeIgniter\CodeIgniter->runController(Object(App\Controllers\Student\VideoQuiz))
 8 SYSTEMPATH\CodeIgniter.php(351): CodeIgniter\CodeIgniter->handleRequest(null, Object(Config\Cache), false)
 9 FCPATH\index.php(55): CodeIgniter\CodeIgniter->run()
CRITICAL - 2022-06-19 10:33:23 --> A non-numeric value encountered
in APPPATH\Views\Student\footer.php on line 26.
 1 APPPATH\Views\Student\footer.php(26): CodeIgniter\Debug\Exceptions->errorHandler(2, 'A non-numeric value encountered', 'APPPATH\\Views\\Student\\footer.php', 26, [...])
 2 SYSTEMPATH\View\View.php(213): include('APPPATH\\Views\\Student\\footer.php')
 3 SYSTEMPATH\View\View.php(216): CodeIgniter\View\View->CodeIgniter\View\{closure}()
 4 SYSTEMPATH\Common.php(1135): CodeIgniter\View\View->render('Student/footer', [], true)
 5 APPPATH\Controllers\Student\VideoQuiz.php(56): view('Student/footer')
 6 SYSTEMPATH\CodeIgniter.php(898): App\Controllers\Student\VideoQuiz->index('1')
 7 SYSTEMPATH\CodeIgniter.php(468): CodeIgniter\CodeIgniter->runController(Object(App\Controllers\Student\VideoQuiz))
 8 SYSTEMPATH\CodeIgniter.php(351): CodeIgniter\CodeIgniter->handleRequest(null, Object(Config\Cache), false)
 9 FCPATH\index.php(55): CodeIgniter\CodeIgniter->run()
CRITICAL - 2022-06-19 10:55:23 --> syntax error, unexpected ';', expecting ')'
in APPPATH\Views\Student\footer.php on line 33.
 1 SYSTEMPATH\View\View.php(216): CodeIgniter\View\View->CodeIgniter\View\{closure}()
 2 SYSTEMPATH\Common.php(1135): CodeIgniter\View\View->render('Student/footer', [], true)
 3 APPPATH\Controllers\Student\VideoQuiz.php(56): view('Student/footer')
 4 SYSTEMPATH\CodeIgniter.php(898): App\Controllers\Student\VideoQuiz->index('1')
 5 SYSTEMPATH\CodeIgniter.php(468): CodeIgniter\CodeIgniter->runController(Object(App\Controllers\Student\VideoQuiz))
 6 SYSTEMPATH\CodeIgniter.php(351): CodeIgniter\CodeIgniter->handleRequest(null, Object(Config\Cache), false)
 7 FCPATH\index.php(55): CodeIgniter\CodeIgniter->run()
CRITICAL - 2022-06-19 10:55:28 --> syntax error, unexpected ';', expecting ')'
in APPPATH\Views\Student\footer.php on line 33.
 1 SYSTEMPATH\View\View.php(216): CodeIgniter\View\View->CodeIgniter\View\{closure}()
 2 SYSTEMPATH\Common.php(1135): CodeIgniter\View\View->render('Student/footer', [], true)
 3 APPPATH\Controllers\Student\VideoQuiz.php(56): view('Student/footer')
 4 SYSTEMPATH\CodeIgniter.php(898): App\Controllers\Student\VideoQuiz->index('1')
 5 SYSTEMPATH\CodeIgniter.php(468): CodeIgniter\CodeIgniter->runController(Object(App\Controllers\Student\VideoQuiz))
 6 SYSTEMPATH\CodeIgniter.php(351): CodeIgniter\CodeIgniter->handleRequest(null, Object(Config\Cache), false)
 7 FCPATH\index.php(55): CodeIgniter\CodeIgniter->run()
CRITICAL - 2022-06-19 10:55:30 --> syntax error, unexpected ';', expecting ')'
in APPPATH\Views\Student\footer.php on line 33.
 1 SYSTEMPATH\View\View.php(216): CodeIgniter\View\View->CodeIgniter\View\{closure}()
 2 SYSTEMPATH\Common.php(1135): CodeIgniter\View\View->render('Student/footer', [], true)
 3 APPPATH\Controllers\Student\VideoQuiz.php(56): view('Student/footer')
 4 SYSTEMPATH\CodeIgniter.php(898): App\Controllers\Student\VideoQuiz->index('1')
 5 SYSTEMPATH\CodeIgniter.php(468): CodeIgniter\CodeIgniter->runController(Object(App\Controllers\Student\VideoQuiz))
 6 SYSTEMPATH\CodeIgniter.php(351): CodeIgniter\CodeIgniter->handleRequest(null, Object(Config\Cache), false)
 7 FCPATH\index.php(55): CodeIgniter\CodeIgniter->run()
CRITICAL - 2022-06-19 10:55:35 --> syntax error, unexpected ';', expecting ')'
in APPPATH\Views\Student\footer.php on line 33.
 1 SYSTEMPATH\View\View.php(216): CodeIgniter\View\View->CodeIgniter\View\{closure}()
 2 SYSTEMPATH\Common.php(1135): CodeIgniter\View\View->render('Student/footer', [], true)
 3 APPPATH\Controllers\Student\VideoQuiz.php(56): view('Student/footer')
 4 SYSTEMPATH\CodeIgniter.php(898): App\Controllers\Student\VideoQuiz->index('1')
 5 SYSTEMPATH\CodeIgniter.php(468): CodeIgniter\CodeIgniter->runController(Object(App\Controllers\Student\VideoQuiz))
 6 SYSTEMPATH\CodeIgniter.php(351): CodeIgniter\CodeIgniter->handleRequest(null, Object(Config\Cache), false)
 7 FCPATH\index.php(55): CodeIgniter\CodeIgniter->run()
CRITICAL - 2022-06-19 10:57:36 --> A non-numeric value encountered
in APPPATH\Views\Student\footer.php on line 33.
 1 APPPATH\Views\Student\footer.php(33): CodeIgniter\Debug\Exceptions->errorHandler(2, 'A non-numeric value encountered', 'APPPATH\\Views\\Student\\footer.php', 33, [...])
 2 SYSTEMPATH\View\View.php(213): include('APPPATH\\Views\\Student\\footer.php')
 3 SYSTEMPATH\View\View.php(216): CodeIgniter\View\View->CodeIgniter\View\{closure}()
 4 SYSTEMPATH\Common.php(1135): CodeIgniter\View\View->render('Student/footer', [], true)
 5 APPPATH\Controllers\Student\VideoQuiz.php(56): view('Student/footer')
 6 SYSTEMPATH\CodeIgniter.php(898): App\Controllers\Student\VideoQuiz->index('1')
 7 SYSTEMPATH\CodeIgniter.php(468): CodeIgniter\CodeIgniter->runController(Object(App\Controllers\Student\VideoQuiz))
 8 SYSTEMPATH\CodeIgniter.php(351): CodeIgniter\CodeIgniter->handleRequest(null, Object(Config\Cache), false)
 9 FCPATH\index.php(55): CodeIgniter\CodeIgniter->run()
CRITICAL - 2022-06-19 10:57:42 --> A non-numeric value encountered
in APPPATH\Views\Student\footer.php on line 33.
 1 APPPATH\Views\Student\footer.php(33): CodeIgniter\Debug\Exceptions->errorHandler(2, 'A non-numeric value encountered', 'APPPATH\\Views\\Student\\footer.php', 33, [...])
 2 SYSTEMPATH\View\View.php(213): include('APPPATH\\Views\\Student\\footer.php')
 3 SYSTEMPATH\View\View.php(216): CodeIgniter\View\View->CodeIgniter\View\{closure}()
 4 SYSTEMPATH\Common.php(1135): CodeIgniter\View\View->render('Student/footer', [], true)
 5 APPPATH\Controllers\Student\VideoQuiz.php(56): view('Student/footer')
 6 SYSTEMPATH\CodeIgniter.php(898): App\Controllers\Student\VideoQuiz->index('1')
 7 SYSTEMPATH\CodeIgniter.php(468): CodeIgniter\CodeIgniter->runController(Object(App\Controllers\Student\VideoQuiz))
 8 SYSTEMPATH\CodeIgniter.php(351): CodeIgniter\CodeIgniter->handleRequest(null, Object(Config\Cache), false)
 9 FCPATH\index.php(55): CodeIgniter\CodeIgniter->run()
CRITICAL - 2022-06-19 10:57:53 --> A non-numeric value encountered
in APPPATH\Views\Student\footer.php on line 33.
 1 APPPATH\Views\Student\footer.php(33): CodeIgniter\Debug\Exceptions->errorHandler(2, 'A non-numeric value encountered', 'APPPATH\\Views\\Student\\footer.php', 33, [...])
 2 SYSTEMPATH\View\View.php(213): include('APPPATH\\Views\\Student\\footer.php')
 3 SYSTEMPATH\View\View.php(216): CodeIgniter\View\View->CodeIgniter\View\{closure}()
 4 SYSTEMPATH\Common.php(1135): CodeIgniter\View\View->render('Student/footer', [], true)
 5 APPPATH\Controllers\Student\VideoQuiz.php(56): view('Student/footer')
 6 SYSTEMPATH\CodeIgniter.php(898): App\Controllers\Student\VideoQuiz->index('1')
 7 SYSTEMPATH\CodeIgniter.php(468): CodeIgniter\CodeIgniter->runController(Object(App\Controllers\Student\VideoQuiz))
 8 SYSTEMPATH\CodeIgniter.php(351): CodeIgniter\CodeIgniter->handleRequest(null, Object(Config\Cache), false)
 9 FCPATH\index.php(55): CodeIgniter\CodeIgniter->run()
CRITICAL - 2022-06-19 10:58:26 --> A non-numeric value encountered
in APPPATH\Views\Student\footer.php on line 33.
 1 APPPATH\Views\Student\footer.php(33): CodeIgniter\Debug\Exceptions->errorHandler(2, 'A non-numeric value encountered', 'APPPATH\\Views\\Student\\footer.php', 33, [...])
 2 SYSTEMPATH\View\View.php(213): include('APPPATH\\Views\\Student\\footer.php')
 3 SYSTEMPATH\View\View.php(216): CodeIgniter\View\View->CodeIgniter\View\{closure}()
 4 SYSTEMPATH\Common.php(1135): CodeIgniter\View\View->render('Student/footer', [], true)
 5 APPPATH\Controllers\Student\VideoQuiz.php(56): view('Student/footer')
 6 SYSTEMPATH\CodeIgniter.php(898): App\Controllers\Student\VideoQuiz->index('1')
 7 SYSTEMPATH\CodeIgniter.php(468): CodeIgniter\CodeIgniter->runController(Object(App\Controllers\Student\VideoQuiz))
 8 SYSTEMPATH\CodeIgniter.php(351): CodeIgniter\CodeIgniter->handleRequest(null, Object(Config\Cache), false)
 9 FCPATH\index.php(55): CodeIgniter\CodeIgniter->run()
CRITICAL - 2022-06-19 10:58:50 --> A non-numeric value encountered
in APPPATH\Views\Student\footer.php on line 33.
 1 APPPATH\Views\Student\footer.php(33): CodeIgniter\Debug\Exceptions->errorHandler(2, 'A non-numeric value encountered', 'APPPATH\\Views\\Student\\footer.php', 33, [...])
 2 SYSTEMPATH\View\View.php(213): include('APPPATH\\Views\\Student\\footer.php')
 3 SYSTEMPATH\View\View.php(216): CodeIgniter\View\View->CodeIgniter\View\{closure}()
 4 SYSTEMPATH\Common.php(1135): CodeIgniter\View\View->render('Student/footer', [], true)
 5 APPPATH\Controllers\Student\VideoQuiz.php(56): view('Student/footer')
 6 SYSTEMPATH\CodeIgniter.php(898): App\Controllers\Student\VideoQuiz->index('1')
 7 SYSTEMPATH\CodeIgniter.php(468): CodeIgniter\CodeIgniter->runController(Object(App\Controllers\Student\VideoQuiz))
 8 SYSTEMPATH\CodeIgniter.php(351): CodeIgniter\CodeIgniter->handleRequest(null, Object(Config\Cache), false)
 9 FCPATH\index.php(55): CodeIgniter\CodeIgniter->run()
CRITICAL - 2022-06-19 10:59:01 --> A non-numeric value encountered
in APPPATH\Views\Student\footer.php on line 33.
 1 APPPATH\Views\Student\footer.php(33): CodeIgniter\Debug\Exceptions->errorHandler(2, 'A non-numeric value encountered', 'APPPATH\\Views\\Student\\footer.php', 33, [...])
 2 SYSTEMPATH\View\View.php(213): include('APPPATH\\Views\\Student\\footer.php')
 3 SYSTEMPATH\View\View.php(216): CodeIgniter\View\View->CodeIgniter\View\{closure}()
 4 SYSTEMPATH\Common.php(1135): CodeIgniter\View\View->render('Student/footer', [], true)
 5 APPPATH\Controllers\Student\VideoQuiz.php(56): view('Student/footer')
 6 SYSTEMPATH\CodeIgniter.php(898): App\Controllers\Student\VideoQuiz->index('1')
 7 SYSTEMPATH\CodeIgniter.php(468): CodeIgniter\CodeIgniter->runController(Object(App\Controllers\Student\VideoQuiz))
 8 SYSTEMPATH\CodeIgniter.php(351): CodeIgniter\CodeIgniter->handleRequest(null, Object(Config\Cache), false)
 9 FCPATH\index.php(55): CodeIgniter\CodeIgniter->run()
CRITICAL - 2022-06-19 11:03:49 --> A non-numeric value encountered
in APPPATH\Views\Student\footer.php on line 26.
 1 APPPATH\Views\Student\footer.php(26): CodeIgniter\Debug\Exceptions->errorHandler(2, 'A non-numeric value encountered', 'APPPATH\\Views\\Student\\footer.php', 26, [...])
 2 SYSTEMPATH\View\View.php(213): include('APPPATH\\Views\\Student\\footer.php')
 3 SYSTEMPATH\View\View.php(216): CodeIgniter\View\View->CodeIgniter\View\{closure}()
 4 SYSTEMPATH\Common.php(1135): CodeIgniter\View\View->render('Student/footer', [], true)
 5 APPPATH\Controllers\Student\VideoQuiz.php(56): view('Student/footer')
 6 SYSTEMPATH\CodeIgniter.php(898): App\Controllers\Student\VideoQuiz->index('1')
 7 SYSTEMPATH\CodeIgniter.php(468): CodeIgniter\CodeIgniter->runController(Object(App\Controllers\Student\VideoQuiz))
 8 SYSTEMPATH\CodeIgniter.php(351): CodeIgniter\CodeIgniter->handleRequest(null, Object(Config\Cache), false)
 9 FCPATH\index.php(55): CodeIgniter\CodeIgniter->run()
CRITICAL - 2022-06-19 11:03:54 --> A non-numeric value encountered
in APPPATH\Views\Student\footer.php on line 26.
 1 APPPATH\Views\Student\footer.php(26): CodeIgniter\Debug\Exceptions->errorHandler(2, 'A non-numeric value encountered', 'APPPATH\\Views\\Student\\footer.php', 26, [...])
 2 SYSTEMPATH\View\View.php(213): include('APPPATH\\Views\\Student\\footer.php')
 3 SYSTEMPATH\View\View.php(216): CodeIgniter\View\View->CodeIgniter\View\{closure}()
 4 SYSTEMPATH\Common.php(1135): CodeIgniter\View\View->render('Student/footer', [], true)
 5 APPPATH\Controllers\Student\VideoQuiz.php(56): view('Student/footer')
 6 SYSTEMPATH\CodeIgniter.php(898): App\Controllers\Student\VideoQuiz->index('1')
 7 SYSTEMPATH\CodeIgniter.php(468): CodeIgniter\CodeIgniter->runController(Object(App\Controllers\Student\VideoQuiz))
 8 SYSTEMPATH\CodeIgniter.php(351): CodeIgniter\CodeIgniter->handleRequest(null, Object(Config\Cache), false)
 9 FCPATH\index.php(55): CodeIgniter\CodeIgniter->run()
CRITICAL - 2022-06-19 11:04:23 --> A non-numeric value encountered
in APPPATH\Views\Student\footer.php on line 26.
 1 APPPATH\Views\Student\footer.php(26): CodeIgniter\Debug\Exceptions->errorHandler(2, 'A non-numeric value encountered', 'APPPATH\\Views\\Student\\footer.php', 26, [...])
 2 SYSTEMPATH\View\View.php(213): include('APPPATH\\Views\\Student\\footer.php')
 3 SYSTEMPATH\View\View.php(216): CodeIgniter\View\View->CodeIgniter\View\{closure}()
 4 SYSTEMPATH\Common.php(1135): CodeIgniter\View\View->render('Student/footer', [], true)
 5 APPPATH\Controllers\Student\VideoQuiz.php(56): view('Student/footer')
 6 SYSTEMPATH\CodeIgniter.php(898): App\Controllers\Student\VideoQuiz->index('1')
 7 SYSTEMPATH\CodeIgniter.php(468): CodeIgniter\CodeIgniter->runController(Object(App\Controllers\Student\VideoQuiz))
 8 SYSTEMPATH\CodeIgniter.php(351): CodeIgniter\CodeIgniter->handleRequest(null, Object(Config\Cache), false)
 9 FCPATH\index.php(55): CodeIgniter\CodeIgniter->run()
CRITICAL - 2022-06-19 11:04:28 --> A non-numeric value encountered
in APPPATH\Views\Student\footer.php on line 26.
 1 APPPATH\Views\Student\footer.php(26): CodeIgniter\Debug\Exceptions->errorHandler(2, 'A non-numeric value encountered', 'APPPATH\\Views\\Student\\footer.php', 26, [...])
 2 SYSTEMPATH\View\View.php(213): include('APPPATH\\Views\\Student\\footer.php')
 3 SYSTEMPATH\View\View.php(216): CodeIgniter\View\View->CodeIgniter\View\{closure}()
 4 SYSTEMPATH\Common.php(1135): CodeIgniter\View\View->render('Student/footer', [], true)
 5 APPPATH\Controllers\Student\VideoQuiz.php(56): view('Student/footer')
 6 SYSTEMPATH\CodeIgniter.php(898): App\Controllers\Student\VideoQuiz->index('1')
 7 SYSTEMPATH\CodeIgniter.php(468): CodeIgniter\CodeIgniter->runController(Object(App\Controllers\Student\VideoQuiz))
 8 SYSTEMPATH\CodeIgniter.php(351): CodeIgniter\CodeIgniter->handleRequest(null, Object(Config\Cache), false)
 9 FCPATH\index.php(55): CodeIgniter\CodeIgniter->run()
CRITICAL - 2022-06-19 11:05:07 --> A non-numeric value encountered
in APPPATH\Views\Student\footer.php on line 26.
 1 APPPATH\Views\Student\footer.php(26): CodeIgniter\Debug\Exceptions->errorHandler(2, 'A non-numeric value encountered', 'APPPATH\\Views\\Student\\footer.php', 26, [...])
 2 SYSTEMPATH\View\View.php(213): include('APPPATH\\Views\\Student\\footer.php')
 3 SYSTEMPATH\View\View.php(216): CodeIgniter\View\View->CodeIgniter\View\{closure}()
 4 SYSTEMPATH\Common.php(1135): CodeIgniter\View\View->render('Student/footer', [], true)
 5 APPPATH\Controllers\Student\VideoQuiz.php(56): view('Student/footer')
 6 SYSTEMPATH\CodeIgniter.php(898): App\Controllers\Student\VideoQuiz->index('1')
 7 SYSTEMPATH\CodeIgniter.php(468): CodeIgniter\CodeIgniter->runController(Object(App\Controllers\Student\VideoQuiz))
 8 SYSTEMPATH\CodeIgniter.php(351): CodeIgniter\CodeIgniter->handleRequest(null, Object(Config\Cache), false)
 9 FCPATH\index.php(55): CodeIgniter\CodeIgniter->run()
CRITICAL - 2022-06-19 11:05:15 --> A non-numeric value encountered
in APPPATH\Views\Student\footer.php on line 26.
 1 APPPATH\Views\Student\footer.php(26): CodeIgniter\Debug\Exceptions->errorHandler(2, 'A non-numeric value encountered', 'APPPATH\\Views\\Student\\footer.php', 26, [...])
 2 SYSTEMPATH\View\View.php(213): include('APPPATH\\Views\\Student\\footer.php')
 3 SYSTEMPATH\View\View.php(216): CodeIgniter\View\View->CodeIgniter\View\{closure}()
 4 SYSTEMPATH\Common.php(1135): CodeIgniter\View\View->render('Student/footer', [], true)
 5 APPPATH\Controllers\Student\VideoQuiz.php(56): view('Student/footer')
 6 SYSTEMPATH\CodeIgniter.php(898): App\Controllers\Student\VideoQuiz->index('1')
 7 SYSTEMPATH\CodeIgniter.php(468): CodeIgniter\CodeIgniter->runController(Object(App\Controllers\Student\VideoQuiz))
 8 SYSTEMPATH\CodeIgniter.php(351): CodeIgniter\CodeIgniter->handleRequest(null, Object(Config\Cache), false)
 9 FCPATH\index.php(55): CodeIgniter\CodeIgniter->run()
CRITICAL - 2022-06-19 11:05:24 --> A non-numeric value encountered
in APPPATH\Views\Student\footer.php on line 26.
 1 APPPATH\Views\Student\footer.php(26): CodeIgniter\Debug\Exceptions->errorHandler(2, 'A non-numeric value encountered', 'APPPATH\\Views\\Student\\footer.php', 26, [...])
 2 SYSTEMPATH\View\View.php(213): include('APPPATH\\Views\\Student\\footer.php')
 3 SYSTEMPATH\View\View.php(216): CodeIgniter\View\View->CodeIgniter\View\{closure}()
 4 SYSTEMPATH\Common.php(1135): CodeIgniter\View\View->render('Student/footer', [], true)
 5 APPPATH\Controllers\Student\VideoQuiz.php(56): view('Student/footer')
 6 SYSTEMPATH\CodeIgniter.php(898): App\Controllers\Student\VideoQuiz->index('1')
 7 SYSTEMPATH\CodeIgniter.php(468): CodeIgniter\CodeIgniter->runController(Object(App\Controllers\Student\VideoQuiz))
 8 SYSTEMPATH\CodeIgniter.php(351): CodeIgniter\CodeIgniter->handleRequest(null, Object(Config\Cache), false)
 9 FCPATH\index.php(55): CodeIgniter\CodeIgniter->run()
CRITICAL - 2022-06-19 11:05:33 --> A non-numeric value encountered
in APPPATH\Views\Student\footer.php on line 26.
 1 APPPATH\Views\Student\footer.php(26): CodeIgniter\Debug\Exceptions->errorHandler(2, 'A non-numeric value encountered', 'APPPATH\\Views\\Student\\footer.php', 26, [...])
 2 SYSTEMPATH\View\View.php(213): include('APPPATH\\Views\\Student\\footer.php')
 3 SYSTEMPATH\View\View.php(216): CodeIgniter\View\View->CodeIgniter\View\{closure}()
 4 SYSTEMPATH\Common.php(1135): CodeIgniter\View\View->render('Student/footer', [], true)
 5 APPPATH\Controllers\Student\VideoQuiz.php(56): view('Student/footer')
 6 SYSTEMPATH\CodeIgniter.php(898): App\Controllers\Student\VideoQuiz->index('1')
 7 SYSTEMPATH\CodeIgniter.php(468): CodeIgniter\CodeIgniter->runController(Object(App\Controllers\Student\VideoQuiz))
 8 SYSTEMPATH\CodeIgniter.php(351): CodeIgniter\CodeIgniter->handleRequest(null, Object(Config\Cache), false)
 9 FCPATH\index.php(55): CodeIgniter\CodeIgniter->run()
CRITICAL - 2022-06-19 11:05:49 --> A non-numeric value encountered
in APPPATH\Views\Student\footer.php on line 26.
 1 APPPATH\Views\Student\footer.php(26): CodeIgniter\Debug\Exceptions->errorHandler(2, 'A non-numeric value encountered', 'APPPATH\\Views\\Student\\footer.php', 26, [...])
 2 SYSTEMPATH\View\View.php(213): include('APPPATH\\Views\\Student\\footer.php')
 3 SYSTEMPATH\View\View.php(216): CodeIgniter\View\View->CodeIgniter\View\{closure}()
 4 SYSTEMPATH\Common.php(1135): CodeIgniter\View\View->render('Student/footer', [], true)
 5 APPPATH\Controllers\Student\VideoQuiz.php(56): view('Student/footer')
 6 SYSTEMPATH\CodeIgniter.php(898): App\Controllers\Student\VideoQuiz->index('1')
 7 SYSTEMPATH\CodeIgniter.php(468): CodeIgniter\CodeIgniter->runController(Object(App\Controllers\Student\VideoQuiz))
 8 SYSTEMPATH\CodeIgniter.php(351): CodeIgniter\CodeIgniter->handleRequest(null, Object(Config\Cache), false)
 9 FCPATH\index.php(55): CodeIgniter\CodeIgniter->run()
CRITICAL - 2022-06-19 11:05:56 --> A non-numeric value encountered
in APPPATH\Views\Student\footer.php on line 26.
 1 APPPATH\Views\Student\footer.php(26): CodeIgniter\Debug\Exceptions->errorHandler(2, 'A non-numeric value encountered', 'APPPATH\\Views\\Student\\footer.php', 26, [...])
 2 SYSTEMPATH\View\View.php(213): include('APPPATH\\Views\\Student\\footer.php')
 3 SYSTEMPATH\View\View.php(216): CodeIgniter\View\View->CodeIgniter\View\{closure}()
 4 SYSTEMPATH\Common.php(1135): CodeIgniter\View\View->render('Student/footer', [], true)
 5 APPPATH\Controllers\Student\VideoQuiz.php(56): view('Student/footer')
 6 SYSTEMPATH\CodeIgniter.php(898): App\Controllers\Student\VideoQuiz->index('1')
 7 SYSTEMPATH\CodeIgniter.php(468): CodeIgniter\CodeIgniter->runController(Object(App\Controllers\Student\VideoQuiz))
 8 SYSTEMPATH\CodeIgniter.php(351): CodeIgniter\CodeIgniter->handleRequest(null, Object(Config\Cache), false)
 9 FCPATH\index.php(55): CodeIgniter\CodeIgniter->run()
CRITICAL - 2022-06-19 11:12:03 --> Undefined variable: session
in APPPATH\Controllers\Student\VideoQuiz.php on line 66.
 1 APPPATH\Controllers\Student\VideoQuiz.php(66): CodeIgniter\Debug\Exceptions->errorHandler(8, 'Undefined variable: session', 'APPPATH\\Controllers\\Student\\VideoQuiz.php', 66, [])
 2 SYSTEMPATH\CodeIgniter.php(898): App\Controllers\Student\VideoQuiz->sessionUpdate()
 3 SYSTEMPATH\CodeIgniter.php(468): CodeIgniter\CodeIgniter->runController(Object(App\Controllers\Student\VideoQuiz))
 4 SYSTEMPATH\CodeIgniter.php(351): CodeIgniter\CodeIgniter->handleRequest(null, Object(Config\Cache), false)
 5 FCPATH\index.php(55): CodeIgniter\CodeIgniter->run()
CRITICAL - 2022-06-19 11:12:45 --> Undefined variable: session
in APPPATH\Controllers\Student\VideoQuiz.php on line 66.
 1 APPPATH\Controllers\Student\VideoQuiz.php(66): CodeIgniter\Debug\Exceptions->errorHandler(8, 'Undefined variable: session', 'APPPATH\\Controllers\\Student\\VideoQuiz.php', 66, [])
 2 SYSTEMPATH\CodeIgniter.php(898): App\Controllers\Student\VideoQuiz->sessionUpdate()
 3 SYSTEMPATH\CodeIgniter.php(468): CodeIgniter\CodeIgniter->runController(Object(App\Controllers\Student\VideoQuiz))
 4 SYSTEMPATH\CodeIgniter.php(351): CodeIgniter\CodeIgniter->handleRequest(null, Object(Config\Cache), false)
 5 FCPATH\index.php(55): CodeIgniter\CodeIgniter->run()
CRITICAL - 2022-06-19 11:12:49 --> Undefined variable: session
in APPPATH\Controllers\Student\VideoQuiz.php on line 66.
 1 APPPATH\Controllers\Student\VideoQuiz.php(66): CodeIgniter\Debug\Exceptions->errorHandler(8, 'Undefined variable: session', 'APPPATH\\Controllers\\Student\\VideoQuiz.php', 66, [])
 2 SYSTEMPATH\CodeIgniter.php(898): App\Controllers\Student\VideoQuiz->sessionUpdate()
 3 SYSTEMPATH\CodeIgniter.php(468): CodeIgniter\CodeIgniter->runController(Object(App\Controllers\Student\VideoQuiz))
 4 SYSTEMPATH\CodeIgniter.php(351): CodeIgniter\CodeIgniter->handleRequest(null, Object(Config\Cache), false)
 5 FCPATH\index.php(55): CodeIgniter\CodeIgniter->run()
CRITICAL - 2022-06-19 11:13:22 --> A non-numeric value encountered
in APPPATH\Controllers\Student\VideoQuiz.php on line 62.
 1 APPPATH\Controllers\Student\VideoQuiz.php(62): CodeIgniter\Debug\Exceptions->errorHandler(2, 'A non-numeric value encountered', 'APPPATH\\Controllers\\Student\\VideoQuiz.php', 62, [])
 2 SYSTEMPATH\CodeIgniter.php(898): App\Controllers\Student\VideoQuiz->sessionUpdate()
 3 SYSTEMPATH\CodeIgniter.php(468): CodeIgniter\CodeIgniter->runController(Object(App\Controllers\Student\VideoQuiz))
 4 SYSTEMPATH\CodeIgniter.php(351): CodeIgniter\CodeIgniter->handleRequest(null, Object(Config\Cache), false)
 5 FCPATH\index.php(55): CodeIgniter\CodeIgniter->run()
CRITICAL - 2022-06-19 11:13:25 --> A non-numeric value encountered
in APPPATH\Controllers\Student\VideoQuiz.php on line 62.
 1 APPPATH\Controllers\Student\VideoQuiz.php(62): CodeIgniter\Debug\Exceptions->errorHandler(2, 'A non-numeric value encountered', 'APPPATH\\Controllers\\Student\\VideoQuiz.php', 62, [])
 2 SYSTEMPATH\CodeIgniter.php(898): App\Controllers\Student\VideoQuiz->sessionUpdate()
 3 SYSTEMPATH\CodeIgniter.php(468): CodeIgniter\CodeIgniter->runController(Object(App\Controllers\Student\VideoQuiz))
 4 SYSTEMPATH\CodeIgniter.php(351): CodeIgniter\CodeIgniter->handleRequest(null, Object(Config\Cache), false)
 5 FCPATH\index.php(55): CodeIgniter\CodeIgniter->run()
CRITICAL - 2022-06-19 12:10:03 --> syntax error, unexpected '}', expecting end of file
in APPPATH\Views\Student\chapter_content.php on line 58.
 1 SYSTEMPATH\View\View.php(216): CodeIgniter\View\View->CodeIgniter\View\{closure}()
 2 SYSTEMPATH\Common.php(1135): CodeIgniter\View\View->render('Student/chapter_content', [], true)
 3 APPPATH\Controllers\Student\VideoQuiz.php(53): view('Student/chapter_content', [...])
 4 SYSTEMPATH\CodeIgniter.php(898): App\Controllers\Student\VideoQuiz->index('1')
 5 SYSTEMPATH\CodeIgniter.php(468): CodeIgniter\CodeIgniter->runController(Object(App\Controllers\Student\VideoQuiz))
 6 SYSTEMPATH\CodeIgniter.php(351): CodeIgniter\CodeIgniter->handleRequest(null, Object(Config\Cache), false)
 7 FCPATH\index.php(55): CodeIgniter\CodeIgniter->run()
CRITICAL - 2022-06-19 12:10:17 --> syntax error, unexpected '}', expecting end of file
in APPPATH\Views\Student\chapter_content.php on line 58.
 1 SYSTEMPATH\View\View.php(216): CodeIgniter\View\View->CodeIgniter\View\{closure}()
 2 SYSTEMPATH\Common.php(1135): CodeIgniter\View\View->render('Student/chapter_content', [], true)
 3 APPPATH\Controllers\Student\VideoQuiz.php(53): view('Student/chapter_content', [...])
 4 SYSTEMPATH\CodeIgniter.php(898): App\Controllers\Student\VideoQuiz->index('1')
 5 SYSTEMPATH\CodeIgniter.php(468): CodeIgniter\CodeIgniter->runController(Object(App\Controllers\Student\VideoQuiz))
 6 SYSTEMPATH\CodeIgniter.php(351): CodeIgniter\CodeIgniter->handleRequest(null, Object(Config\Cache), false)
 7 FCPATH\index.php(55): CodeIgniter\CodeIgniter->run()
CRITICAL - 2022-06-19 12:11:27 --> Undefined property: CodeIgniter\View\View::$session
in APPPATH\Views\Student\chapter_content.php on line 19.
 1 APPPATH\Views\Student\chapter_content.php(19): CodeIgniter\Debug\Exceptions->errorHandler(8, 'Undefined property: CodeIgniter\\View\\View::$session', 'APPPATH\\Views\\Student\\chapter_content.php', 19, [...])
 2 SYSTEMPATH\View\View.php(213): include('APPPATH\\Views\\Student\\chapter_content.php')
 3 SYSTEMPATH\View\View.php(216): CodeIgniter\View\View->CodeIgniter\View\{closure}()
 4 SYSTEMPATH\Common.php(1135): CodeIgniter\View\View->render('Student/chapter_content', [], true)
 5 APPPATH\Controllers\Student\VideoQuiz.php(53): view('Student/chapter_content', [...])
 6 SYSTEMPATH\CodeIgniter.php(898): App\Controllers\Student\VideoQuiz->index('1')
 7 SYSTEMPATH\CodeIgniter.php(468): CodeIgniter\CodeIgniter->runController(Object(App\Controllers\Student\VideoQuiz))
 8 SYSTEMPATH\CodeIgniter.php(351): CodeIgniter\CodeIgniter->handleRequest(null, Object(Config\Cache), false)
 9 FCPATH\index.php(55): CodeIgniter\CodeIgniter->run()
CRITICAL - 2022-06-19 12:47:00 --> Call to undefined method CodeIgniter\Session\Session::set_userdata()
in APPPATH\Controllers\Student\VideoQuiz.php on line 76.
 1 SYSTEMPATH\CodeIgniter.php(898): App\Controllers\Student\VideoQuiz->sessionUpdate()
 2 SYSTEMPATH\CodeIgniter.php(468): CodeIgniter\CodeIgniter->runController(Object(App\Controllers\Student\VideoQuiz))
 3 SYSTEMPATH\CodeIgniter.php(351): CodeIgniter\CodeIgniter->handleRequest(null, Object(Config\Cache), false)
 4 FCPATH\index.php(55): CodeIgniter\CodeIgniter->run()
CRITICAL - 2022-06-19 12:47:16 --> Call to undefined method CodeIgniter\Session\Session::set_userdata()
in APPPATH\Controllers\Student\VideoQuiz.php on line 76.
 1 SYSTEMPATH\CodeIgniter.php(898): App\Controllers\Student\VideoQuiz->sessionUpdate()
 2 SYSTEMPATH\CodeIgniter.php(468): CodeIgniter\CodeIgniter->runController(Object(App\Controllers\Student\VideoQuiz))
 3 SYSTEMPATH\CodeIgniter.php(351): CodeIgniter\CodeIgniter->handleRequest(null, Object(Config\Cache), false)
 4 FCPATH\index.php(55): CodeIgniter\CodeIgniter->run()
CRITICAL - 2022-06-19 12:48:12 --> Call to undefined method CodeIgniter\Session\Session::set_userdata()
in APPPATH\Controllers\Student\VideoQuiz.php on line 76.
 1 SYSTEMPATH\CodeIgniter.php(898): App\Controllers\Student\VideoQuiz->sessionUpdate()
 2 SYSTEMPATH\CodeIgniter.php(468): CodeIgniter\CodeIgniter->runController(Object(App\Controllers\Student\VideoQuiz))
 3 SYSTEMPATH\CodeIgniter.php(351): CodeIgniter\CodeIgniter->handleRequest(null, Object(Config\Cache), false)
 4 FCPATH\index.php(55): CodeIgniter\CodeIgniter->run()
CRITICAL - 2022-06-19 12:48:15 --> Call to undefined method CodeIgniter\Session\Session::set_userdata()
in APPPATH\Controllers\Student\VideoQuiz.php on line 76.
 1 SYSTEMPATH\CodeIgniter.php(898): App\Controllers\Student\VideoQuiz->sessionUpdate()
 2 SYSTEMPATH\CodeIgniter.php(468): CodeIgniter\CodeIgniter->runController(Object(App\Controllers\Student\VideoQuiz))
 3 SYSTEMPATH\CodeIgniter.php(351): CodeIgniter\CodeIgniter->handleRequest(null, Object(Config\Cache), false)
 4 FCPATH\index.php(55): CodeIgniter\CodeIgniter->run()
CRITICAL - 2022-06-19 12:49:11 --> Illegal offset type
in SYSTEMPATH\Session\Session.php on line 445.
 1 SYSTEMPATH\Session\Session.php(445): CodeIgniter\Debug\Exceptions->errorHandler(2, 'Illegal offset type', 'SYSTEMPATH\\Session\\Session.php', 445, [...])
 2 APPPATH\Controllers\Student\VideoQuiz.php(76): CodeIgniter\Session\Session->set([...])
 3 SYSTEMPATH\CodeIgniter.php(898): App\Controllers\Student\VideoQuiz->sessionUpdate()
 4 SYSTEMPATH\CodeIgniter.php(468): CodeIgniter\CodeIgniter->runController(Object(App\Controllers\Student\VideoQuiz))
 5 SYSTEMPATH\CodeIgniter.php(351): CodeIgniter\CodeIgniter->handleRequest(null, Object(Config\Cache), false)
 6 FCPATH\index.php(55): CodeIgniter\CodeIgniter->run()
CRITICAL - 2022-06-19 12:49:15 --> Illegal offset type
in SYSTEMPATH\Session\Session.php on line 445.
 1 SYSTEMPATH\Session\Session.php(445): CodeIgniter\Debug\Exceptions->errorHandler(2, 'Illegal offset type', 'SYSTEMPATH\\Session\\Session.php', 445, [...])
 2 APPPATH\Controllers\Student\VideoQuiz.php(76): CodeIgniter\Session\Session->set([...])
 3 SYSTEMPATH\CodeIgniter.php(898): App\Controllers\Student\VideoQuiz->sessionUpdate()
 4 SYSTEMPATH\CodeIgniter.php(468): CodeIgniter\CodeIgniter->runController(Object(App\Controllers\Student\VideoQuiz))
 5 SYSTEMPATH\CodeIgniter.php(351): CodeIgniter\CodeIgniter->handleRequest(null, Object(Config\Cache), false)
 6 FCPATH\index.php(55): CodeIgniter\CodeIgniter->run()
CRITICAL - 2022-06-19 12:49:47 --> Illegal offset type
in SYSTEMPATH\Session\Session.php on line 445.
 1 SYSTEMPATH\Session\Session.php(445): CodeIgniter\Debug\Exceptions->errorHandler(2, 'Illegal offset type', 'SYSTEMPATH\\Session\\Session.php', 445, [...])
 2 APPPATH\Controllers\Student\VideoQuiz.php(76): CodeIgniter\Session\Session->set([...])
 3 SYSTEMPATH\CodeIgniter.php(898): App\Controllers\Student\VideoQuiz->sessionUpdate()
 4 SYSTEMPATH\CodeIgniter.php(468): CodeIgniter\CodeIgniter->runController(Object(App\Controllers\Student\VideoQuiz))
 5 SYSTEMPATH\CodeIgniter.php(351): CodeIgniter\CodeIgniter->handleRequest(null, Object(Config\Cache), false)
 6 FCPATH\index.php(55): CodeIgniter\CodeIgniter->run()
CRITICAL - 2022-06-19 12:49:51 --> Illegal offset type
in SYSTEMPATH\Session\Session.php on line 445.
 1 SYSTEMPATH\Session\Session.php(445): CodeIgniter\Debug\Exceptions->errorHandler(2, 'Illegal offset type', 'SYSTEMPATH\\Session\\Session.php', 445, [...])
 2 APPPATH\Controllers\Student\VideoQuiz.php(76): CodeIgniter\Session\Session->set([...])
 3 SYSTEMPATH\CodeIgniter.php(898): App\Controllers\Student\VideoQuiz->sessionUpdate()
 4 SYSTEMPATH\CodeIgniter.php(468): CodeIgniter\CodeIgniter->runController(Object(App\Controllers\Student\VideoQuiz))
 5 SYSTEMPATH\CodeIgniter.php(351): CodeIgniter\CodeIgniter->handleRequest(null, Object(Config\Cache), false)
 6 FCPATH\index.php(55): CodeIgniter\CodeIgniter->run()
CRITICAL - 2022-06-19 12:50:37 --> Illegal offset type
in SYSTEMPATH\Session\Session.php on line 445.
 1 SYSTEMPATH\Session\Session.php(445): CodeIgniter\Debug\Exceptions->errorHandler(2, 'Illegal offset type', 'SYSTEMPATH\\Session\\Session.php', 445, [...])
 2 APPPATH\Controllers\Student\VideoQuiz.php(76): CodeIgniter\Session\Session->set([...])
 3 SYSTEMPATH\CodeIgniter.php(898): App\Controllers\Student\VideoQuiz->sessionUpdate()
 4 SYSTEMPATH\CodeIgniter.php(468): CodeIgniter\CodeIgniter->runController(Object(App\Controllers\Student\VideoQuiz))
 5 SYSTEMPATH\CodeIgniter.php(351): CodeIgniter\CodeIgniter->handleRequest(null, Object(Config\Cache), false)
 6 FCPATH\index.php(55): CodeIgniter\CodeIgniter->run()
CRITICAL - 2022-06-19 12:50:39 --> Illegal offset type
in SYSTEMPATH\Session\Session.php on line 445.
 1 SYSTEMPATH\Session\Session.php(445): CodeIgniter\Debug\Exceptions->errorHandler(2, 'Illegal offset type', 'SYSTEMPATH\\Session\\Session.php', 445, [...])
 2 APPPATH\Controllers\Student\VideoQuiz.php(76): CodeIgniter\Session\Session->set([...])
 3 SYSTEMPATH\CodeIgniter.php(898): App\Controllers\Student\VideoQuiz->sessionUpdate()
 4 SYSTEMPATH\CodeIgniter.php(468): CodeIgniter\CodeIgniter->runController(Object(App\Controllers\Student\VideoQuiz))
 5 SYSTEMPATH\CodeIgniter.php(351): CodeIgniter\CodeIgniter->handleRequest(null, Object(Config\Cache), false)
 6 FCPATH\index.php(55): CodeIgniter\CodeIgniter->run()
CRITICAL - 2022-06-19 12:52:18 --> Undefined variable: quizans
in APPPATH\Views\Student\chapter_content.php on line 19.
 1 APPPATH\Views\Student\chapter_content.php(19): CodeIgniter\Debug\Exceptions->errorHandler(8, 'Undefined variable: quizans', 'APPPATH\\Views\\Student\\chapter_content.php', 19, [...])
 2 SYSTEMPATH\View\View.php(213): include('APPPATH\\Views\\Student\\chapter_content.php')
 3 SYSTEMPATH\View\View.php(216): CodeIgniter\View\View->CodeIgniter\View\{closure}()
 4 SYSTEMPATH\Common.php(1135): CodeIgniter\View\View->render('Student/chapter_content', [], true)
 5 APPPATH\Controllers\Student\VideoQuiz.php(53): view('Student/chapter_content', [...])
 6 SYSTEMPATH\CodeIgniter.php(898): App\Controllers\Student\VideoQuiz->index('1')
 7 SYSTEMPATH\CodeIgniter.php(468): CodeIgniter\CodeIgniter->runController(Object(App\Controllers\Student\VideoQuiz))
 8 SYSTEMPATH\CodeIgniter.php(351): CodeIgniter\CodeIgniter->handleRequest(null, Object(Config\Cache), false)
 9 FCPATH\index.php(55): CodeIgniter\CodeIgniter->run()
CRITICAL - 2022-06-19 13:05:51 --> Invalid argument supplied for foreach()
in APPPATH\Controllers\Student\VideoQuiz.php on line 70.
 1 APPPATH\Controllers\Student\VideoQuiz.php(70): CodeIgniter\Debug\Exceptions->errorHandler(2, 'Invalid argument supplied for foreach()', 'APPPATH\\Controllers\\Student\\VideoQuiz.php', 70, [...])
 2 SYSTEMPATH\CodeIgniter.php(898): App\Controllers\Student\VideoQuiz->sessionUpdate()
 3 SYSTEMPATH\CodeIgniter.php(468): CodeIgniter\CodeIgniter->runController(Object(App\Controllers\Student\VideoQuiz))
 4 SYSTEMPATH\CodeIgniter.php(351): CodeIgniter\CodeIgniter->handleRequest(null, Object(Config\Cache), false)
 5 FCPATH\index.php(55): CodeIgniter\CodeIgniter->run()
CRITICAL - 2022-06-19 13:05:54 --> Invalid argument supplied for foreach()
in APPPATH\Controllers\Student\VideoQuiz.php on line 70.
 1 APPPATH\Controllers\Student\VideoQuiz.php(70): CodeIgniter\Debug\Exceptions->errorHandler(2, 'Invalid argument supplied for foreach()', 'APPPATH\\Controllers\\Student\\VideoQuiz.php', 70, [...])
 2 SYSTEMPATH\CodeIgniter.php(898): App\Controllers\Student\VideoQuiz->sessionUpdate()
 3 SYSTEMPATH\CodeIgniter.php(468): CodeIgniter\CodeIgniter->runController(Object(App\Controllers\Student\VideoQuiz))
 4 SYSTEMPATH\CodeIgniter.php(351): CodeIgniter\CodeIgniter->handleRequest(null, Object(Config\Cache), false)
 5 FCPATH\index.php(55): CodeIgniter\CodeIgniter->run()
CRITICAL - 2022-06-19 13:06:44 --> Invalid argument supplied for foreach()
in APPPATH\Controllers\Student\VideoQuiz.php on line 70.
 1 APPPATH\Controllers\Student\VideoQuiz.php(70): CodeIgniter\Debug\Exceptions->errorHandler(2, 'Invalid argument supplied for foreach()', 'APPPATH\\Controllers\\Student\\VideoQuiz.php', 70, [...])
 2 SYSTEMPATH\CodeIgniter.php(898): App\Controllers\Student\VideoQuiz->sessionUpdate()
 3 SYSTEMPATH\CodeIgniter.php(468): CodeIgniter\CodeIgniter->runController(Object(App\Controllers\Student\VideoQuiz))
 4 SYSTEMPATH\CodeIgniter.php(351): CodeIgniter\CodeIgniter->handleRequest(null, Object(Config\Cache), false)
 5 FCPATH\index.php(55): CodeIgniter\CodeIgniter->run()
CRITICAL - 2022-06-19 13:06:47 --> Invalid argument supplied for foreach()
in APPPATH\Controllers\Student\VideoQuiz.php on line 70.
 1 APPPATH\Controllers\Student\VideoQuiz.php(70): CodeIgniter\Debug\Exceptions->errorHandler(2, 'Invalid argument supplied for foreach()', 'APPPATH\\Controllers\\Student\\VideoQuiz.php', 70, [...])
 2 SYSTEMPATH\CodeIgniter.php(898): App\Controllers\Student\VideoQuiz->sessionUpdate()
 3 SYSTEMPATH\CodeIgniter.php(468): CodeIgniter\CodeIgniter->runController(Object(App\Controllers\Student\VideoQuiz))
 4 SYSTEMPATH\CodeIgniter.php(351): CodeIgniter\CodeIgniter->handleRequest(null, Object(Config\Cache), false)
 5 FCPATH\index.php(55): CodeIgniter\CodeIgniter->run()
CRITICAL - 2022-06-19 13:07:19 --> Trying to get property 'quizId' of non-object
in APPPATH\Controllers\Student\VideoQuiz.php on line 72.
 1 APPPATH\Controllers\Student\VideoQuiz.php(72): CodeIgniter\Debug\Exceptions->errorHandler(8, 'Trying to get property \'quizId\' of non-object', 'APPPATH\\Controllers\\Student\\VideoQuiz.php', 72, [...])
 2 SYSTEMPATH\CodeIgniter.php(898): App\Controllers\Student\VideoQuiz->sessionUpdate()
 3 SYSTEMPATH\CodeIgniter.php(468): CodeIgniter\CodeIgniter->runController(Object(App\Controllers\Student\VideoQuiz))
 4 SYSTEMPATH\CodeIgniter.php(351): CodeIgniter\CodeIgniter->handleRequest(null, Object(Config\Cache), false)
 5 FCPATH\index.php(55): CodeIgniter\CodeIgniter->run()
CRITICAL - 2022-06-19 13:07:23 --> Trying to get property 'quizId' of non-object
in APPPATH\Controllers\Student\VideoQuiz.php on line 72.
 1 APPPATH\Controllers\Student\VideoQuiz.php(72): CodeIgniter\Debug\Exceptions->errorHandler(8, 'Trying to get property \'quizId\' of non-object', 'APPPATH\\Controllers\\Student\\VideoQuiz.php', 72, [...])
 2 SYSTEMPATH\CodeIgniter.php(898): App\Controllers\Student\VideoQuiz->sessionUpdate()
 3 SYSTEMPATH\CodeIgniter.php(468): CodeIgniter\CodeIgniter->runController(Object(App\Controllers\Student\VideoQuiz))
 4 SYSTEMPATH\CodeIgniter.php(351): CodeIgniter\CodeIgniter->handleRequest(null, Object(Config\Cache), false)
 5 FCPATH\index.php(55): CodeIgniter\CodeIgniter->run()
CRITICAL - 2022-06-19 16:34:43 --> Trying to get property 'quizId' of non-object
in APPPATH\Controllers\Student\VideoQuiz.php on line 72.
 1 APPPATH\Controllers\Student\VideoQuiz.php(72): CodeIgniter\Debug\Exceptions->errorHandler(8, 'Trying to get property \'quizId\' of non-object', 'APPPATH\\Controllers\\Student\\VideoQuiz.php', 72, [...])
 2 SYSTEMPATH\CodeIgniter.php(898): App\Controllers\Student\VideoQuiz->sessionUpdate()
 3 SYSTEMPATH\CodeIgniter.php(468): CodeIgniter\CodeIgniter->runController(Object(App\Controllers\Student\VideoQuiz))
 4 SYSTEMPATH\CodeIgniter.php(351): CodeIgniter\CodeIgniter->handleRequest(null, Object(Config\Cache), false)
 5 FCPATH\index.php(55): CodeIgniter\CodeIgniter->run()
CRITICAL - 2022-06-19 16:34:46 --> Trying to get property 'quizId' of non-object
in APPPATH\Controllers\Student\VideoQuiz.php on line 72.
 1 APPPATH\Controllers\Student\VideoQuiz.php(72): CodeIgniter\Debug\Exceptions->errorHandler(8, 'Trying to get property \'quizId\' of non-object', 'APPPATH\\Controllers\\Student\\VideoQuiz.php', 72, [...])
 2 SYSTEMPATH\CodeIgniter.php(898): App\Controllers\Student\VideoQuiz->sessionUpdate()
 3 SYSTEMPATH\CodeIgniter.php(468): CodeIgniter\CodeIgniter->runController(Object(App\Controllers\Student\VideoQuiz))
 4 SYSTEMPATH\CodeIgniter.php(351): CodeIgniter\CodeIgniter->handleRequest(null, Object(Config\Cache), false)
 5 FCPATH\index.php(55): CodeIgniter\CodeIgniter->run()
CRITICAL - 2022-06-19 16:36:31 --> Trying to get property 'quizId' of non-object
in APPPATH\Controllers\Student\VideoQuiz.php on line 72.
 1 APPPATH\Controllers\Student\VideoQuiz.php(72): CodeIgniter\Debug\Exceptions->errorHandler(8, 'Trying to get property \'quizId\' of non-object', 'APPPATH\\Controllers\\Student\\VideoQuiz.php', 72, [...])
 2 SYSTEMPATH\CodeIgniter.php(898): App\Controllers\Student\VideoQuiz->sessionUpdate()
 3 SYSTEMPATH\CodeIgniter.php(468): CodeIgniter\CodeIgniter->runController(Object(App\Controllers\Student\VideoQuiz))
 4 SYSTEMPATH\CodeIgniter.php(351): CodeIgniter\CodeIgniter->handleRequest(null, Object(Config\Cache), false)
 5 FCPATH\index.php(55): CodeIgniter\CodeIgniter->run()
CRITICAL - 2022-06-19 16:37:38 --> Trying to get property 'quizId' of non-object
in APPPATH\Controllers\Student\VideoQuiz.php on line 76.
 1 APPPATH\Controllers\Student\VideoQuiz.php(76): CodeIgniter\Debug\Exceptions->errorHandler(8, 'Trying to get property \'quizId\' of non-object', 'APPPATH\\Controllers\\Student\\VideoQuiz.php', 76, [...])
 2 SYSTEMPATH\CodeIgniter.php(898): App\Controllers\Student\VideoQuiz->sessionUpdate()
 3 SYSTEMPATH\CodeIgniter.php(468): CodeIgniter\CodeIgniter->runController(Object(App\Controllers\Student\VideoQuiz))
 4 SYSTEMPATH\CodeIgniter.php(351): CodeIgniter\CodeIgniter->handleRequest(null, Object(Config\Cache), false)
 5 FCPATH\index.php(55): CodeIgniter\CodeIgniter->run()
CRITICAL - 2022-06-19 16:40:24 --> Trying to get property 'quizId' of non-object
in APPPATH\Controllers\Student\VideoQuiz.php on line 72.
 1 APPPATH\Controllers\Student\VideoQuiz.php(72): CodeIgniter\Debug\Exceptions->errorHandler(8, 'Trying to get property \'quizId\' of non-object', 'APPPATH\\Controllers\\Student\\VideoQuiz.php', 72, [...])
 2 SYSTEMPATH\CodeIgniter.php(898): App\Controllers\Student\VideoQuiz->sessionUpdate()
 3 SYSTEMPATH\CodeIgniter.php(468): CodeIgniter\CodeIgniter->runController(Object(App\Controllers\Student\VideoQuiz))
 4 SYSTEMPATH\CodeIgniter.php(351): CodeIgniter\CodeIgniter->handleRequest(null, Object(Config\Cache), false)
 5 FCPATH\index.php(55): CodeIgniter\CodeIgniter->run()
CRITICAL - 2022-06-19 16:40:28 --> Trying to get property 'quizId' of non-object
in APPPATH\Controllers\Student\VideoQuiz.php on line 72.
 1 APPPATH\Controllers\Student\VideoQuiz.php(72): CodeIgniter\Debug\Exceptions->errorHandler(8, 'Trying to get property \'quizId\' of non-object', 'APPPATH\\Controllers\\Student\\VideoQuiz.php', 72, [...])
 2 SYSTEMPATH\CodeIgniter.php(898): App\Controllers\Student\VideoQuiz->sessionUpdate()
 3 SYSTEMPATH\CodeIgniter.php(468): CodeIgniter\CodeIgniter->runController(Object(App\Controllers\Student\VideoQuiz))
 4 SYSTEMPATH\CodeIgniter.php(351): CodeIgniter\CodeIgniter->handleRequest(null, Object(Config\Cache), false)
 5 FCPATH\index.php(55): CodeIgniter\CodeIgniter->run()
CRITICAL - 2022-06-19 16:41:23 --> Array to string conversion
in APPPATH\Controllers\Student\VideoQuiz.php on line 95.
 1 APPPATH\Controllers\Student\VideoQuiz.php(95): CodeIgniter\Debug\Exceptions->errorHandler(8, 'Array to string conversion', 'APPPATH\\Controllers\\Student\\VideoQuiz.php', 95, [...])
 2 SYSTEMPATH\CodeIgniter.php(898): App\Controllers\Student\VideoQuiz->sessionUpdate()
 3 SYSTEMPATH\CodeIgniter.php(468): CodeIgniter\CodeIgniter->runController(Object(App\Controllers\Student\VideoQuiz))
 4 SYSTEMPATH\CodeIgniter.php(351): CodeIgniter\CodeIgniter->handleRequest(null, Object(Config\Cache), false)
 5 FCPATH\index.php(55): CodeIgniter\CodeIgniter->run()
CRITICAL - 2022-06-19 17:58:10 --> Undefined variable: quiz
in APPPATH\Controllers\Student\VideoQuiz.php on line 94.
 1 APPPATH\Controllers\Student\VideoQuiz.php(94): CodeIgniter\Debug\Exceptions->errorHandler(8, 'Undefined variable: quiz', 'APPPATH\\Controllers\\Student\\VideoQuiz.php', 94, [])
 2 SYSTEMPATH\CodeIgniter.php(898): App\Controllers\Student\VideoQuiz->result()
 3 SYSTEMPATH\CodeIgniter.php(468): CodeIgniter\CodeIgniter->runController(Object(App\Controllers\Student\VideoQuiz))
 4 SYSTEMPATH\CodeIgniter.php(351): CodeIgniter\CodeIgniter->handleRequest(null, Object(Config\Cache), false)
 5 FCPATH\index.php(55): CodeIgniter\CodeIgniter->run()
CRITICAL - 2022-06-19 17:58:11 --> Undefined variable: quiz
in APPPATH\Controllers\Student\VideoQuiz.php on line 94.
 1 APPPATH\Controllers\Student\VideoQuiz.php(94): CodeIgniter\Debug\Exceptions->errorHandler(8, 'Undefined variable: quiz', 'APPPATH\\Controllers\\Student\\VideoQuiz.php', 94, [])
 2 SYSTEMPATH\CodeIgniter.php(898): App\Controllers\Student\VideoQuiz->result()
 3 SYSTEMPATH\CodeIgniter.php(468): CodeIgniter\CodeIgniter->runController(Object(App\Controllers\Student\VideoQuiz))
 4 SYSTEMPATH\CodeIgniter.php(351): CodeIgniter\CodeIgniter->handleRequest(null, Object(Config\Cache), false)
 5 FCPATH\index.php(55): CodeIgniter\CodeIgniter->run()
CRITICAL - 2022-06-19 17:58:11 --> Undefined variable: quiz
in APPPATH\Controllers\Student\VideoQuiz.php on line 94.
 1 APPPATH\Controllers\Student\VideoQuiz.php(94): CodeIgniter\Debug\Exceptions->errorHandler(8, 'Undefined variable: quiz', 'APPPATH\\Controllers\\Student\\VideoQuiz.php', 94, [])
 2 SYSTEMPATH\CodeIgniter.php(898): App\Controllers\Student\VideoQuiz->result()
 3 SYSTEMPATH\CodeIgniter.php(468): CodeIgniter\CodeIgniter->runController(Object(App\Controllers\Student\VideoQuiz))
 4 SYSTEMPATH\CodeIgniter.php(351): CodeIgniter\CodeIgniter->handleRequest(null, Object(Config\Cache), false)
 5 FCPATH\index.php(55): CodeIgniter\CodeIgniter->run()
CRITICAL - 2022-06-19 18:33:44 --> syntax error, unexpected '$quiz' (T_VARIABLE)
in APPPATH\Controllers\Student\VideoQuiz.php on line 103.
 1 SYSTEMPATH\Router\Router.php(499): CodeIgniter\Router\AutoRouter->getRoute('Student/VideoQuiz/result')
 2 SYSTEMPATH\Router\Router.php(205): CodeIgniter\Router\Router->autoRoute('Student/VideoQuiz/result')
 3 SYSTEMPATH\CodeIgniter.php(773): CodeIgniter\Router\Router->handle('Student/VideoQuiz/result')
 4 SYSTEMPATH\CodeIgniter.php(417): CodeIgniter\CodeIgniter->tryToRouteIt(Object(CodeIgniter\Router\RouteCollection))
 5 SYSTEMPATH\CodeIgniter.php(351): CodeIgniter\CodeIgniter->handleRequest(null, Object(Config\Cache), false)
 6 FCPATH\index.php(55): CodeIgniter\CodeIgniter->run()
CRITICAL - 2022-06-19 18:37:40 --> Use of undefined constant val - assumed 'val' (this will throw an Error in a future version of PHP)
in APPPATH\Controllers\Student\VideoQuiz.php on line 110.
 1 APPPATH\Controllers\Student\VideoQuiz.php(110): CodeIgniter\Debug\Exceptions->errorHandler(2, 'Use of undefined constant val - assumed \'val\' (this will throw an Error in a future version of PHP)', 'APPPATH\\Controllers\\Student\\VideoQuiz.php', 110, [...])
 2 SYSTEMPATH\CodeIgniter.php(898): App\Controllers\Student\VideoQuiz->result()
 3 SYSTEMPATH\CodeIgniter.php(468): CodeIgniter\CodeIgniter->runController(Object(App\Controllers\Student\VideoQuiz))
 4 SYSTEMPATH\CodeIgniter.php(351): CodeIgniter\CodeIgniter->handleRequest(null, Object(Config\Cache), false)
 5 FCPATH\index.php(55): CodeIgniter\CodeIgniter->run()
CRITICAL - 2022-06-19 19:50:07 --> Undefined variable: quizSession
in APPPATH\Helpers\Helpers_helper.php on line 120.
 1 APPPATH\Helpers\Helpers_helper.php(120): CodeIgniter\Debug\Exceptions->errorHandler(8, 'Undefined variable: quizSession', 'APPPATH\\Helpers\\Helpers_helper.php', 120, [...])
 2 APPPATH\Views\Student\chapter_quiz_result.php(19): get_wrong_ans('1', 'three')
 3 SYSTEMPATH\View\View.php(213): include('APPPATH\\Views\\Student\\chapter_quiz_result.php')
 4 SYSTEMPATH\View\View.php(216): CodeIgniter\View\View->CodeIgniter\View\{closure}()
 5 SYSTEMPATH\Common.php(1135): CodeIgniter\View\View->render('Student/chapter_quiz_result', [], true)
 6 APPPATH\Controllers\Student\VideoQuiz.php(120): view('Student/chapter_quiz_result', [...])
 7 SYSTEMPATH\CodeIgniter.php(898): App\Controllers\Student\VideoQuiz->result()
 8 SYSTEMPATH\CodeIgniter.php(468): CodeIgniter\CodeIgniter->runController(Object(App\Controllers\Student\VideoQuiz))
 9 SYSTEMPATH\CodeIgniter.php(351): CodeIgniter\CodeIgniter->handleRequest(null, Object(Config\Cache), false)
10 FCPATH\index.php(55): CodeIgniter\CodeIgniter->run()
CRITICAL - 2022-06-19 20:03:21 --> Undefined variable: wrong
in APPPATH\Views\Student\chapter_quiz_result.php on line 41.
 1 APPPATH\Views\Student\chapter_quiz_result.php(41): CodeIgniter\Debug\Exceptions->errorHandler(8, 'Undefined variable: wrong', 'APPPATH\\Views\\Student\\chapter_quiz_result.php', 41, [...])
 2 SYSTEMPATH\View\View.php(213): include('APPPATH\\Views\\Student\\chapter_quiz_result.php')
 3 SYSTEMPATH\View\View.php(216): CodeIgniter\View\View->CodeIgniter\View\{closure}()
 4 SYSTEMPATH\Common.php(1135): CodeIgniter\View\View->render('Student/chapter_quiz_result', [], true)
 5 APPPATH\Controllers\Student\VideoQuiz.php(120): view('Student/chapter_quiz_result', [...])
 6 SYSTEMPATH\CodeIgniter.php(898): App\Controllers\Student\VideoQuiz->result()
 7 SYSTEMPATH\CodeIgniter.php(468): CodeIgniter\CodeIgniter->runController(Object(App\Controllers\Student\VideoQuiz))
 8 SYSTEMPATH\CodeIgniter.php(351): CodeIgniter\CodeIgniter->handleRequest(null, Object(Config\Cache), false)
 9 FCPATH\index.php(55): CodeIgniter\CodeIgniter->run()
CRITICAL - 2022-06-19 20:20:47 --> array_push() expects parameter 1 to be array, null given
in APPPATH\Controllers\Student\VideoQuiz.php on line 67.
 1 [internal function]: CodeIgniter\Debug\Exceptions->errorHandler(2, 'array_push() expects parameter 1 to be array, null given', 'APPPATH\\Controllers\\Student\\VideoQuiz.php', 67, [...])
 2 APPPATH\Controllers\Student\VideoQuiz.php(67): array_push(null, [...])
 3 SYSTEMPATH\CodeIgniter.php(898): App\Controllers\Student\VideoQuiz->sessionUpdate()
 4 SYSTEMPATH\CodeIgniter.php(468): CodeIgniter\CodeIgniter->runController(Object(App\Controllers\Student\VideoQuiz))
 5 SYSTEMPATH\CodeIgniter.php(351): CodeIgniter\CodeIgniter->handleRequest(null, Object(Config\Cache), false)
 6 FCPATH\index.php(55): CodeIgniter\CodeIgniter->run()
CRITICAL - 2022-06-19 20:20:52 --> array_push() expects parameter 1 to be array, null given
in APPPATH\Controllers\Student\VideoQuiz.php on line 67.
 1 [internal function]: CodeIgniter\Debug\Exceptions->errorHandler(2, 'array_push() expects parameter 1 to be array, null given', 'APPPATH\\Controllers\\Student\\VideoQuiz.php', 67, [...])
 2 APPPATH\Controllers\Student\VideoQuiz.php(67): array_push(null, [...])
 3 SYSTEMPATH\CodeIgniter.php(898): App\Controllers\Student\VideoQuiz->sessionUpdate()
 4 SYSTEMPATH\CodeIgniter.php(468): CodeIgniter\CodeIgniter->runController(Object(App\Controllers\Student\VideoQuiz))
 5 SYSTEMPATH\CodeIgniter.php(351): CodeIgniter\CodeIgniter->handleRequest(null, Object(Config\Cache), false)
 6 FCPATH\index.php(55): CodeIgniter\CodeIgniter->run()
CRITICAL - 2022-06-19 20:20:52 --> array_push() expects parameter 1 to be array, null given
in APPPATH\Controllers\Student\VideoQuiz.php on line 67.
 1 [internal function]: CodeIgniter\Debug\Exceptions->errorHandler(2, 'array_push() expects parameter 1 to be array, null given', 'APPPATH\\Controllers\\Student\\VideoQuiz.php', 67, [...])
 2 APPPATH\Controllers\Student\VideoQuiz.php(67): array_push(null, [...])
 3 SYSTEMPATH\CodeIgniter.php(898): App\Controllers\Student\VideoQuiz->sessionUpdate()
 4 SYSTEMPATH\CodeIgniter.php(468): CodeIgniter\CodeIgniter->runController(Object(App\Controllers\Student\VideoQuiz))
 5 SYSTEMPATH\CodeIgniter.php(351): CodeIgniter\CodeIgniter->handleRequest(null, Object(Config\Cache), false)
 6 FCPATH\index.php(55): CodeIgniter\CodeIgniter->run()
CRITICAL - 2022-06-19 20:20:53 --> array_push() expects parameter 1 to be array, null given
in APPPATH\Controllers\Student\VideoQuiz.php on line 67.
 1 [internal function]: CodeIgniter\Debug\Exceptions->errorHandler(2, 'array_push() expects parameter 1 to be array, null given', 'APPPATH\\Controllers\\Student\\VideoQuiz.php', 67, [...])
 2 APPPATH\Controllers\Student\VideoQuiz.php(67): array_push(null, [...])
 3 SYSTEMPATH\CodeIgniter.php(898): App\Controllers\Student\VideoQuiz->sessionUpdate()
 4 SYSTEMPATH\CodeIgniter.php(468): CodeIgniter\CodeIgniter->runController(Object(App\Controllers\Student\VideoQuiz))
 5 SYSTEMPATH\CodeIgniter.php(351): CodeIgniter\CodeIgniter->handleRequest(null, Object(Config\Cache), false)
 6 FCPATH\index.php(55): CodeIgniter\CodeIgniter->run()
CRITICAL - 2022-06-19 20:20:53 --> array_push() expects parameter 1 to be array, null given
in APPPATH\Controllers\Student\VideoQuiz.php on line 67.
 1 [internal function]: CodeIgniter\Debug\Exceptions->errorHandler(2, 'array_push() expects parameter 1 to be array, null given', 'APPPATH\\Controllers\\Student\\VideoQuiz.php', 67, [...])
 2 APPPATH\Controllers\Student\VideoQuiz.php(67): array_push(null, [...])
 3 SYSTEMPATH\CodeIgniter.php(898): App\Controllers\Student\VideoQuiz->sessionUpdate()
 4 SYSTEMPATH\CodeIgniter.php(468): CodeIgniter\CodeIgniter->runController(Object(App\Controllers\Student\VideoQuiz))
 5 SYSTEMPATH\CodeIgniter.php(351): CodeIgniter\CodeIgniter->handleRequest(null, Object(Config\Cache), false)
 6 FCPATH\index.php(55): CodeIgniter\CodeIgniter->run()
CRITICAL - 2022-06-19 20:20:53 --> array_push() expects parameter 1 to be array, null given
in APPPATH\Controllers\Student\VideoQuiz.php on line 67.
 1 [internal function]: CodeIgniter\Debug\Exceptions->errorHandler(2, 'array_push() expects parameter 1 to be array, null given', 'APPPATH\\Controllers\\Student\\VideoQuiz.php', 67, [...])
 2 APPPATH\Controllers\Student\VideoQuiz.php(67): array_push(null, [...])
 3 SYSTEMPATH\CodeIgniter.php(898): App\Controllers\Student\VideoQuiz->sessionUpdate()
 4 SYSTEMPATH\CodeIgniter.php(468): CodeIgniter\CodeIgniter->runController(Object(App\Controllers\Student\VideoQuiz))
 5 SYSTEMPATH\CodeIgniter.php(351): CodeIgniter\CodeIgniter->handleRequest(null, Object(Config\Cache), false)
 6 FCPATH\index.php(55): CodeIgniter\CodeIgniter->run()
CRITICAL - 2022-06-19 20:20:53 --> array_push() expects parameter 1 to be array, null given
in APPPATH\Controllers\Student\VideoQuiz.php on line 67.
 1 [internal function]: CodeIgniter\Debug\Exceptions->errorHandler(2, 'array_push() expects parameter 1 to be array, null given', 'APPPATH\\Controllers\\Student\\VideoQuiz.php', 67, [...])
 2 APPPATH\Controllers\Student\VideoQuiz.php(67): array_push(null, [...])
 3 SYSTEMPATH\CodeIgniter.php(898): App\Controllers\Student\VideoQuiz->sessionUpdate()
 4 SYSTEMPATH\CodeIgniter.php(468): CodeIgniter\CodeIgniter->runController(Object(App\Controllers\Student\VideoQuiz))
 5 SYSTEMPATH\CodeIgniter.php(351): CodeIgniter\CodeIgniter->handleRequest(null, Object(Config\Cache), false)
 6 FCPATH\index.php(55): CodeIgniter\CodeIgniter->run()
CRITICAL - 2022-06-19 20:20:53 --> array_push() expects parameter 1 to be array, null given
in APPPATH\Controllers\Student\VideoQuiz.php on line 67.
 1 [internal function]: CodeIgniter\Debug\Exceptions->errorHandler(2, 'array_push() expects parameter 1 to be array, null given', 'APPPATH\\Controllers\\Student\\VideoQuiz.php', 67, [...])
 2 APPPATH\Controllers\Student\VideoQuiz.php(67): array_push(null, [...])
 3 SYSTEMPATH\CodeIgniter.php(898): App\Controllers\Student\VideoQuiz->sessionUpdate()
 4 SYSTEMPATH\CodeIgniter.php(468): CodeIgniter\CodeIgniter->runController(Object(App\Controllers\Student\VideoQuiz))
 5 SYSTEMPATH\CodeIgniter.php(351): CodeIgniter\CodeIgniter->handleRequest(null, Object(Config\Cache), false)
 6 FCPATH\index.php(55): CodeIgniter\CodeIgniter->run()
