CRITICAL - 2022-07-20 10:22:47 --> Trying to get property 'skill_subject_id' of non-object
in APPPATH\Controllers\Student\Skill_development.php on line 73.
 1 APPPATH\Controllers\Student\Skill_development.php(73): CodeIgniter\Debug\Exceptions->errorHandler(8, 'Trying to get property \'skill_subject_id\' of non-object', 'APPPATH\\Controllers\\Student\\Skill_development.php', 73, [...])
 2 SYSTEMPATH\CodeIgniter.php(898): App\Controllers\Student\Skill_development->video('1')
 3 SYSTEMPATH\CodeIgniter.php(468): CodeIgniter\CodeIgniter->runController(Object(App\Controllers\Student\Skill_development))
 4 SYSTEMPATH\CodeIgniter.php(351): CodeIgniter\CodeIgniter->handleRequest(null, Object(Config\Cache), false)
 5 FCPATH\index.php(55): CodeIgniter\CodeIgniter->run()
CRITICAL - 2022-07-20 10:53:02 --> Undefined variable: quizResult
in APPPATH\Views\Student\chapter_quiz_result.php on line 5.
 1 APPPATH\Views\Student\chapter_quiz_result.php(5): CodeIgniter\Debug\Exceptions->errorHandler(8, 'Undefined variable: quizResult', 'APPPATH\\Views\\Student\\chapter_quiz_result.php', 5, [...])
 2 SYSTEMPATH\View\View.php(213): include('APPPATH\\Views\\Student\\chapter_quiz_result.php')
 3 SYSTEMPATH\View\View.php(216): CodeIgniter\View\View->CodeIgniter\View\{closure}()
 4 SYSTEMPATH\Common.php(1135): CodeIgniter\View\View->render('Student/chapter_quiz_result', [], true)
 5 APPPATH\Controllers\Student\VideoQuiz.php(169): view('Student/chapter_quiz_result', [...])
 6 SYSTEMPATH\CodeIgniter.php(898): App\Controllers\Student\VideoQuiz->result()
 7 SYSTEMPATH\CodeIgniter.php(468): CodeIgniter\CodeIgniter->runController(Object(App\Controllers\Student\VideoQuiz))
 8 SYSTEMPATH\CodeIgniter.php(351): CodeIgniter\CodeIgniter->handleRequest(null, Object(Config\Cache), false)
 9 FCPATH\index.php(55): CodeIgniter\CodeIgniter->run()
CRITICAL - 2022-07-20 10:55:59 --> Undefined property: CodeIgniter\View\View::$session
in APPPATH\Views\Student\chapter_quiz_result.php on line 4.
 1 APPPATH\Views\Student\chapter_quiz_result.php(4): CodeIgniter\Debug\Exceptions->errorHandler(8, 'Undefined property: CodeIgniter\\View\\View::$session', 'APPPATH\\Views\\Student\\chapter_quiz_result.php', 4, [...])
 2 SYSTEMPATH\View\View.php(213): include('APPPATH\\Views\\Student\\chapter_quiz_result.php')
 3 SYSTEMPATH\View\View.php(216): CodeIgniter\View\View->CodeIgniter\View\{closure}()
 4 SYSTEMPATH\Common.php(1135): CodeIgniter\View\View->render('Student/chapter_quiz_result', [], true)
 5 APPPATH\Controllers\Student\VideoQuiz.php(169): view('Student/chapter_quiz_result', [...])
 6 SYSTEMPATH\CodeIgniter.php(898): App\Controllers\Student\VideoQuiz->result()
 7 SYSTEMPATH\CodeIgniter.php(468): CodeIgniter\CodeIgniter->runController(Object(App\Controllers\Student\VideoQuiz))
 8 SYSTEMPATH\CodeIgniter.php(351): CodeIgniter\CodeIgniter->handleRequest(null, Object(Config\Cache), false)
 9 FCPATH\index.php(55): CodeIgniter\CodeIgniter->run()
CRITICAL - 2022-07-20 12:00:50 --> Trying to get property 'chapter_id' of non-object
in APPPATH\Views\Student\chapter_content.php on line 15.
 1 APPPATH\Views\Student\chapter_content.php(15): CodeIgniter\Debug\Exceptions->errorHandler(8, 'Trying to get property \'chapter_id\' of non-object', 'APPPATH\\Views\\Student\\chapter_content.php', 15, [...])
 2 SYSTEMPATH\View\View.php(213): include('APPPATH\\Views\\Student\\chapter_content.php')
 3 SYSTEMPATH\View\View.php(216): CodeIgniter\View\View->CodeIgniter\View\{closure}()
 4 SYSTEMPATH\Common.php(1135): CodeIgniter\View\View->render('Student/chapter_content', [], true)
 5 APPPATH\Controllers\Student\VideoQuiz.php(56): view('Student/chapter_content', [...])
 6 SYSTEMPATH\CodeIgniter.php(898): App\Controllers\Student\VideoQuiz->index('2')
 7 SYSTEMPATH\CodeIgniter.php(468): CodeIgniter\CodeIgniter->runController(Object(App\Controllers\Student\VideoQuiz))
 8 SYSTEMPATH\CodeIgniter.php(351): CodeIgniter\CodeIgniter->handleRequest(null, Object(Config\Cache), false)
 9 FCPATH\index.php(55): CodeIgniter\CodeIgniter->run()
CRITICAL - 2022-07-20 12:01:10 --> Trying to get property 'chapter_id' of non-object
in APPPATH\Views\Student\chapter_content.php on line 15.
 1 APPPATH\Views\Student\chapter_content.php(15): CodeIgniter\Debug\Exceptions->errorHandler(8, 'Trying to get property \'chapter_id\' of non-object', 'APPPATH\\Views\\Student\\chapter_content.php', 15, [...])
 2 SYSTEMPATH\View\View.php(213): include('APPPATH\\Views\\Student\\chapter_content.php')
 3 SYSTEMPATH\View\View.php(216): CodeIgniter\View\View->CodeIgniter\View\{closure}()
 4 SYSTEMPATH\Common.php(1135): CodeIgniter\View\View->render('Student/chapter_content', [], true)
 5 APPPATH\Controllers\Student\VideoQuiz.php(56): view('Student/chapter_content', [...])
 6 SYSTEMPATH\CodeIgniter.php(898): App\Controllers\Student\VideoQuiz->index('2')
 7 SYSTEMPATH\CodeIgniter.php(468): CodeIgniter\CodeIgniter->runController(Object(App\Controllers\Student\VideoQuiz))
 8 SYSTEMPATH\CodeIgniter.php(351): CodeIgniter\CodeIgniter->handleRequest(null, Object(Config\Cache), false)
 9 FCPATH\index.php(55): CodeIgniter\CodeIgniter->run()
CRITICAL - 2022-07-20 12:02:15 --> Trying to get property 'chapter_id' of non-object
in APPPATH\Views\Student\chapter_content.php on line 15.
 1 APPPATH\Views\Student\chapter_content.php(15): CodeIgniter\Debug\Exceptions->errorHandler(8, 'Trying to get property \'chapter_id\' of non-object', 'APPPATH\\Views\\Student\\chapter_content.php', 15, [...])
 2 SYSTEMPATH\View\View.php(213): include('APPPATH\\Views\\Student\\chapter_content.php')
 3 SYSTEMPATH\View\View.php(216): CodeIgniter\View\View->CodeIgniter\View\{closure}()
 4 SYSTEMPATH\Common.php(1135): CodeIgniter\View\View->render('Student/chapter_content', [], true)
 5 APPPATH\Controllers\Student\VideoQuiz.php(56): view('Student/chapter_content', [...])
 6 SYSTEMPATH\CodeIgniter.php(898): App\Controllers\Student\VideoQuiz->index('2')
 7 SYSTEMPATH\CodeIgniter.php(468): CodeIgniter\CodeIgniter->runController(Object(App\Controllers\Student\VideoQuiz))
 8 SYSTEMPATH\CodeIgniter.php(351): CodeIgniter\CodeIgniter->handleRequest(null, Object(Config\Cache), false)
 9 FCPATH\index.php(55): CodeIgniter\CodeIgniter->run()
CRITICAL - 2022-07-20 12:02:25 --> Trying to get property 'chapter_id' of non-object
in APPPATH\Views\Student\chapter_content.php on line 15.
 1 APPPATH\Views\Student\chapter_content.php(15): CodeIgniter\Debug\Exceptions->errorHandler(8, 'Trying to get property \'chapter_id\' of non-object', 'APPPATH\\Views\\Student\\chapter_content.php', 15, [...])
 2 SYSTEMPATH\View\View.php(213): include('APPPATH\\Views\\Student\\chapter_content.php')
 3 SYSTEMPATH\View\View.php(216): CodeIgniter\View\View->CodeIgniter\View\{closure}()
 4 SYSTEMPATH\Common.php(1135): CodeIgniter\View\View->render('Student/chapter_content', [], true)
 5 APPPATH\Controllers\Student\VideoQuiz.php(56): view('Student/chapter_content', [...])
 6 SYSTEMPATH\CodeIgniter.php(898): App\Controllers\Student\VideoQuiz->index('2')
 7 SYSTEMPATH\CodeIgniter.php(468): CodeIgniter\CodeIgniter->runController(Object(App\Controllers\Student\VideoQuiz))
 8 SYSTEMPATH\CodeIgniter.php(351): CodeIgniter\CodeIgniter->handleRequest(null, Object(Config\Cache), false)
 9 FCPATH\index.php(55): CodeIgniter\CodeIgniter->run()
CRITICAL - 2022-07-20 12:02:40 --> Trying to get property 'chapter_id' of non-object
in APPPATH\Views\Student\chapter_content.php on line 16.
 1 APPPATH\Views\Student\chapter_content.php(16): CodeIgniter\Debug\Exceptions->errorHandler(8, 'Trying to get property \'chapter_id\' of non-object', 'APPPATH\\Views\\Student\\chapter_content.php', 16, [...])
 2 SYSTEMPATH\View\View.php(213): include('APPPATH\\Views\\Student\\chapter_content.php')
 3 SYSTEMPATH\View\View.php(216): CodeIgniter\View\View->CodeIgniter\View\{closure}()
 4 SYSTEMPATH\Common.php(1135): CodeIgniter\View\View->render('Student/chapter_content', [], true)
 5 APPPATH\Controllers\Student\VideoQuiz.php(56): view('Student/chapter_content', [...])
 6 SYSTEMPATH\CodeIgniter.php(898): App\Controllers\Student\VideoQuiz->index('2')
 7 SYSTEMPATH\CodeIgniter.php(468): CodeIgniter\CodeIgniter->runController(Object(App\Controllers\Student\VideoQuiz))
 8 SYSTEMPATH\CodeIgniter.php(351): CodeIgniter\CodeIgniter->handleRequest(null, Object(Config\Cache), false)
 9 FCPATH\index.php(55): CodeIgniter\CodeIgniter->run()
