CRITICAL - 2022-06-16 12:02:07 --> Undefined variable: back_url
in APPPATH\Views\Student\header.php on line 20.
 1 APPPATH\Views\Student\header.php(20): CodeIgniter\Debug\Exceptions->errorHandler(8, 'Undefined variable: back_url', 'APPPATH\\Views\\Student\\header.php', 20, [])
 2 SYSTEMPATH\View\View.php(213): include('APPPATH\\Views\\Student\\header.php')
 3 SYSTEMPATH\View\View.php(216): CodeIgniter\View\View->CodeIgniter\View\{closure}()
 4 SYSTEMPATH\Common.php(1135): CodeIgniter\View\View->render('Student/header', [], true)
 5 APPPATH\Controllers\Student\Profile.php(29): view('Student/header')
 6 SYSTEMPATH\CodeIgniter.php(898): App\Controllers\Student\Profile->index()
 7 SYSTEMPATH\CodeIgniter.php(468): CodeIgniter\CodeIgniter->runController(Object(App\Controllers\Student\Profile))
 8 SYSTEMPATH\CodeIgniter.php(351): CodeIgniter\CodeIgniter->handleRequest(null, Object(Config\Cache), false)
 9 FCPATH\index.php(55): CodeIgniter\CodeIgniter->run()
CRITICAL - 2022-06-16 12:04:09 --> Undefined variable: back_url
in APPPATH\Views\Student\header.php on line 20.
 1 APPPATH\Views\Student\header.php(20): CodeIgniter\Debug\Exceptions->errorHandler(8, 'Undefined variable: back_url', 'APPPATH\\Views\\Student\\header.php', 20, [])
 2 SYSTEMPATH\View\View.php(213): include('APPPATH\\Views\\Student\\header.php')
 3 SYSTEMPATH\View\View.php(216): CodeIgniter\View\View->CodeIgniter\View\{closure}()
 4 SYSTEMPATH\Common.php(1135): CodeIgniter\View\View->render('Student/header', [], true)
 5 APPPATH\Controllers\Student\Profile.php(34): view('Student/header')
 6 SYSTEMPATH\CodeIgniter.php(898): App\Controllers\Student\Profile->index()
 7 SYSTEMPATH\CodeIgniter.php(468): CodeIgniter\CodeIgniter->runController(Object(App\Controllers\Student\Profile))
 8 SYSTEMPATH\CodeIgniter.php(351): CodeIgniter\CodeIgniter->handleRequest(null, Object(Config\Cache), false)
 9 FCPATH\index.php(55): CodeIgniter\CodeIgniter->run()
CRITICAL - 2022-06-16 12:11:45 --> Undefined variable: student
in APPPATH\Views\Student\home_header.php on line 21.
 1 APPPATH\Views\Student\home_header.php(21): CodeIgniter\Debug\Exceptions->errorHandler(8, 'Undefined variable: student', 'APPPATH\\Views\\Student\\home_header.php', 21, [])
 2 SYSTEMPATH\View\View.php(213): include('APPPATH\\Views\\Student\\home_header.php')
 3 SYSTEMPATH\View\View.php(216): CodeIgniter\View\View->CodeIgniter\View\{closure}()
 4 SYSTEMPATH\Common.php(1135): CodeIgniter\View\View->render('Student/home_header', [], true)
 5 APPPATH\Controllers\Student\Dashboard.php(29): view('Student/home_header')
 6 SYSTEMPATH\CodeIgniter.php(898): App\Controllers\Student\Dashboard->index()
 7 SYSTEMPATH\CodeIgniter.php(468): CodeIgniter\CodeIgniter->runController(Object(App\Controllers\Student\Dashboard))
 8 SYSTEMPATH\CodeIgniter.php(351): CodeIgniter\CodeIgniter->handleRequest(null, Object(Config\Cache), false)
 9 FCPATH\index.php(55): CodeIgniter\CodeIgniter->run()
