CRITICAL - 2022-06-15 11:20:23 --> Undefined property: App\Controllers\Admin\School_class::$student
in APPPATH\Controllers\Admin\School_class.php on line 71.
 1 APPPATH\Controllers\Admin\School_class.php(71): CodeIgniter\Debug\Exceptions->errorHandler(8, 'Undefined property: App\\Controllers\\Admin\\School_class::$student', 'APPPATH\\Controllers\\Admin\\School_class.php', 71, [...])
 2 SYSTEMPATH\CodeIgniter.php(898): App\Controllers\Admin\School_class->getOne()
 3 SYSTEMPATH\CodeIgniter.php(468): CodeIgniter\CodeIgniter->runController(Object(App\Controllers\Admin\School_class))
 4 SYSTEMPATH\CodeIgniter.php(351): CodeIgniter\CodeIgniter->handleRequest(null, Object(Config\Cache), false)
 5 FCPATH\index.php(55): CodeIgniter\CodeIgniter->run()
CRITICAL - 2022-06-15 11:20:26 --> Undefined property: App\Controllers\Admin\School_class::$student
in APPPATH\Controllers\Admin\School_class.php on line 71.
 1 APPPATH\Controllers\Admin\School_class.php(71): CodeIgniter\Debug\Exceptions->errorHandler(8, 'Undefined property: App\\Controllers\\Admin\\School_class::$student', 'APPPATH\\Controllers\\Admin\\School_class.php', 71, [...])
 2 SYSTEMPATH\CodeIgniter.php(898): App\Controllers\Admin\School_class->getOne()
 3 SYSTEMPATH\CodeIgniter.php(468): CodeIgniter\CodeIgniter->runController(Object(App\Controllers\Admin\School_class))
 4 SYSTEMPATH\CodeIgniter.php(351): CodeIgniter\CodeIgniter->handleRequest(null, Object(Config\Cache), false)
 5 FCPATH\index.php(55): CodeIgniter\CodeIgniter->run()
CRITICAL - 2022-06-15 11:20:30 --> Undefined property: App\Controllers\Admin\School_class::$student
in APPPATH\Controllers\Admin\School_class.php on line 71.
 1 APPPATH\Controllers\Admin\School_class.php(71): CodeIgniter\Debug\Exceptions->errorHandler(8, 'Undefined property: App\\Controllers\\Admin\\School_class::$student', 'APPPATH\\Controllers\\Admin\\School_class.php', 71, [...])
 2 SYSTEMPATH\CodeIgniter.php(898): App\Controllers\Admin\School_class->getOne()
 3 SYSTEMPATH\CodeIgniter.php(468): CodeIgniter\CodeIgniter->runController(Object(App\Controllers\Admin\School_class))
 4 SYSTEMPATH\CodeIgniter.php(351): CodeIgniter\CodeIgniter->handleRequest(null, Object(Config\Cache), false)
 5 FCPATH\index.php(55): CodeIgniter\CodeIgniter->run()
CRITICAL - 2022-06-15 13:01:36 --> Undefined property: stdClass::$subjt_id
in APPPATH\Controllers\Admin\Chapter.php on line 54.
 1 APPPATH\Controllers\Admin\Chapter.php(54): CodeIgniter\Debug\Exceptions->errorHandler(8, 'Undefined property: stdClass::$subjt_id', 'APPPATH\\Controllers\\Admin\\Chapter.php', 54, [...])
 2 SYSTEMPATH\CodeIgniter.php(898): App\Controllers\Admin\Chapter->getAll()
 3 SYSTEMPATH\CodeIgniter.php(468): CodeIgniter\CodeIgniter->runController(Object(App\Controllers\Admin\Chapter))
 4 SYSTEMPATH\CodeIgniter.php(351): CodeIgniter\CodeIgniter->handleRequest(null, Object(Config\Cache), false)
 5 FCPATH\index.php(55): CodeIgniter\CodeIgniter->run()
CRITICAL - 2022-06-15 13:02:00 --> Undefined property: stdClass::$subjt_id
in APPPATH\Controllers\Admin\Chapter.php on line 54.
 1 APPPATH\Controllers\Admin\Chapter.php(54): CodeIgniter\Debug\Exceptions->errorHandler(8, 'Undefined property: stdClass::$subjt_id', 'APPPATH\\Controllers\\Admin\\Chapter.php', 54, [...])
 2 SYSTEMPATH\CodeIgniter.php(898): App\Controllers\Admin\Chapter->getAll()
 3 SYSTEMPATH\CodeIgniter.php(468): CodeIgniter\CodeIgniter->runController(Object(App\Controllers\Admin\Chapter))
 4 SYSTEMPATH\CodeIgniter.php(351): CodeIgniter\CodeIgniter->handleRequest(null, Object(Config\Cache), false)
 5 FCPATH\index.php(55): CodeIgniter\CodeIgniter->run()
