CRITICAL - 2022-08-08 09:48:30 --> Trying to get property 'prod_id' of non-object
in APPPATH\Views\Student\shopping.php on line 75.
 1 APPPATH\Views\Student\shopping.php(75): CodeIgniter\Debug\Exceptions->errorHandler(8, 'Trying to get property \'prod_id\' of non-object', 'APPPATH\\Views\\Student\\shopping.php', 75, [...])
 2 SYSTEMPATH\View\View.php(213): include('APPPATH\\Views\\Student\\shopping.php')
 3 SYSTEMPATH\View\View.php(216): CodeIgniter\View\View->CodeIgniter\View\{closure}()
 4 SYSTEMPATH\Common.php(1135): CodeIgniter\View\View->render('Student/shopping', [], true)
 5 APPPATH\Controllers\Student\Shopping.php(76): view('Student/shopping', [...])
 6 SYSTEMPATH\CodeIgniter.php(898): App\Controllers\Student\Shopping->category('1')
 7 SYSTEMPATH\CodeIgniter.php(468): CodeIgniter\CodeIgniter->runController(Object(App\Controllers\Student\Shopping))
 8 SYSTEMPATH\CodeIgniter.php(351): CodeIgniter\CodeIgniter->handleRequest(null, Object(Config\Cache), false)
 9 FCPATH\index.php(55): CodeIgniter\CodeIgniter->run()
CRITICAL - 2022-08-08 09:50:19 --> Trying to get property 'prod_id' of non-object
in APPPATH\Views\Student\shopping.php on line 75.
 1 APPPATH\Views\Student\shopping.php(75): CodeIgniter\Debug\Exceptions->errorHandler(8, 'Trying to get property \'prod_id\' of non-object', 'APPPATH\\Views\\Student\\shopping.php', 75, [...])
 2 SYSTEMPATH\View\View.php(213): include('APPPATH\\Views\\Student\\shopping.php')
 3 SYSTEMPATH\View\View.php(216): CodeIgniter\View\View->CodeIgniter\View\{closure}()
 4 SYSTEMPATH\Common.php(1135): CodeIgniter\View\View->render('Student/shopping', [], true)
 5 APPPATH\Controllers\Student\Shopping.php(79): view('Student/shopping', [...])
 6 SYSTEMPATH\CodeIgniter.php(898): App\Controllers\Student\Shopping->category('1')
 7 SYSTEMPATH\CodeIgniter.php(468): CodeIgniter\CodeIgniter->runController(Object(App\Controllers\Student\Shopping))
 8 SYSTEMPATH\CodeIgniter.php(351): CodeIgniter\CodeIgniter->handleRequest(null, Object(Config\Cache), false)
 9 FCPATH\index.php(55): CodeIgniter\CodeIgniter->run()
CRITICAL - 2022-08-08 09:54:56 --> Call to a member function insert() on null
in APPPATH\Controllers\Student\Shopping.php on line 109.
 1 SYSTEMPATH\CodeIgniter.php(898): App\Controllers\Student\Shopping->addToCart()
 2 SYSTEMPATH\CodeIgniter.php(468): CodeIgniter\CodeIgniter->runController(Object(App\Controllers\Student\Shopping))
 3 SYSTEMPATH\CodeIgniter.php(351): CodeIgniter\CodeIgniter->handleRequest(null, Object(Config\Cache), false)
 4 FCPATH\index.php(55): CodeIgniter\CodeIgniter->run()
CRITICAL - 2022-08-08 09:58:03 --> Access to undeclared static property: Kint\Kint::$depth_limit
in SYSTEMPATH\CodeIgniter.php on line 264.
 1 SYSTEMPATH\CodeIgniter.php(198): CodeIgniter\CodeIgniter->initializeKint()
 2 FCPATH\index.php(43): CodeIgniter\CodeIgniter->initialize()
CRITICAL - 2022-08-08 10:14:43 --> Access to undeclared static property: Kint\Kint::$depth_limit
in SYSTEMPATH\CodeIgniter.php on line 265.
 1 SYSTEMPATH\CodeIgniter.php(198): CodeIgniter\CodeIgniter->initializeKint()
 2 FCPATH\index.php(43): CodeIgniter\CodeIgniter->initialize()
CRITICAL - 2022-08-08 10:15:20 --> Access to undeclared static property: Kint\Kint::$depth_limit
in SYSTEMPATH\CodeIgniter.php on line 265.
 1 SYSTEMPATH\CodeIgniter.php(198): CodeIgniter\CodeIgniter->initializeKint()
 2 FCPATH\index.php(43): CodeIgniter\CodeIgniter->initialize()
CRITICAL - 2022-08-08 10:25:44 --> Access to undeclared static property: Kint\Kint::$depth_limit
in SYSTEMPATH\CodeIgniter.php on line 264.
 1 SYSTEMPATH\CodeIgniter.php(198): CodeIgniter\CodeIgniter->initializeKint()
 2 FCPATH\index.php(43): CodeIgniter\CodeIgniter->initialize()
CRITICAL - 2022-08-08 10:27:35 --> Access to undeclared static property: Kint\Kint::$depth_limit
in SYSTEMPATH\CodeIgniter.php on line 264.
 1 SYSTEMPATH\CodeIgniter.php(198): CodeIgniter\CodeIgniter->initializeKint()
 2 FCPATH\index.php(43): CodeIgniter\CodeIgniter->initialize()
CRITICAL - 2022-08-08 10:34:50 --> Call to a member function insert() on null
in APPPATH\Controllers\Student\Shopping.php on line 109.
 1 SYSTEMPATH\CodeIgniter.php(898): App\Controllers\Student\Shopping->addToCart()
 2 SYSTEMPATH\CodeIgniter.php(468): CodeIgniter\CodeIgniter->runController(Object(App\Controllers\Student\Shopping))
 3 SYSTEMPATH\CodeIgniter.php(351): CodeIgniter\CodeIgniter->handleRequest(null, Object(Config\Cache), false)
 4 FCPATH\index.php(55): CodeIgniter\CodeIgniter->run()
CRITICAL - 2022-08-08 10:36:26 --> Call to a member function insert() on null
in APPPATH\Controllers\Student\Shopping.php on line 109.
 1 SYSTEMPATH\CodeIgniter.php(898): App\Controllers\Student\Shopping->addToCart()
 2 SYSTEMPATH\CodeIgniter.php(468): CodeIgniter\CodeIgniter->runController(Object(App\Controllers\Student\Shopping))
 3 SYSTEMPATH\CodeIgniter.php(351): CodeIgniter\CodeIgniter->handleRequest(null, Object(Config\Cache), false)
 4 FCPATH\index.php(55): CodeIgniter\CodeIgniter->run()
CRITICAL - 2022-08-08 10:38:38 --> Undefined variable: data
in APPPATH\Controllers\Student\Shopping.php on line 119.
 1 APPPATH\Controllers\Student\Shopping.php(119): CodeIgniter\Debug\Exceptions->errorHandler(8, 'Undefined variable: data', 'APPPATH\\Controllers\\Student\\Shopping.php', 119, [...])
 2 SYSTEMPATH\CodeIgniter.php(898): App\Controllers\Student\Shopping->addToCart()
 3 SYSTEMPATH\CodeIgniter.php(468): CodeIgniter\CodeIgniter->runController(Object(App\Controllers\Student\Shopping))
 4 SYSTEMPATH\CodeIgniter.php(351): CodeIgniter\CodeIgniter->handleRequest(null, Object(Config\Cache), false)
 5 FCPATH\index.php(55): CodeIgniter\CodeIgniter->run()
CRITICAL - 2022-08-08 12:06:25 --> Trying to access array offset on value of type bool
in APPPATH\Controllers\Student\Shopping.php on line 133.
 1 APPPATH\Controllers\Student\Shopping.php(133): CodeIgniter\Debug\Exceptions->errorHandler(8, 'Trying to access array offset on value of type bool', 'APPPATH\\Controllers\\Student\\Shopping.php', 133, [...])
 2 SYSTEMPATH\CodeIgniter.php(898): App\Controllers\Student\Shopping->updateMinus()
 3 SYSTEMPATH\CodeIgniter.php(468): CodeIgniter\CodeIgniter->runController(Object(App\Controllers\Student\Shopping))
 4 SYSTEMPATH\CodeIgniter.php(351): CodeIgniter\CodeIgniter->handleRequest(null, Object(Config\Cache), false)
 5 FCPATH\index.php(55): CodeIgniter\CodeIgniter->run()
CRITICAL - 2022-08-08 12:06:25 --> Trying to access array offset on value of type bool
in APPPATH\Controllers\Student\Shopping.php on line 133.
 1 APPPATH\Controllers\Student\Shopping.php(133): CodeIgniter\Debug\Exceptions->errorHandler(8, 'Trying to access array offset on value of type bool', 'APPPATH\\Controllers\\Student\\Shopping.php', 133, [...])
 2 SYSTEMPATH\CodeIgniter.php(898): App\Controllers\Student\Shopping->updateMinus()
 3 SYSTEMPATH\CodeIgniter.php(468): CodeIgniter\CodeIgniter->runController(Object(App\Controllers\Student\Shopping))
 4 SYSTEMPATH\CodeIgniter.php(351): CodeIgniter\CodeIgniter->handleRequest(null, Object(Config\Cache), false)
 5 FCPATH\index.php(55): CodeIgniter\CodeIgniter->run()
CRITICAL - 2022-08-08 12:06:38 --> Trying to get property 'prod_id' of non-object
in APPPATH\Views\Student\product_details.php on line 3.
 1 APPPATH\Views\Student\product_details.php(3): CodeIgniter\Debug\Exceptions->errorHandler(8, 'Trying to get property \'prod_id\' of non-object', 'APPPATH\\Views\\Student\\product_details.php', 3, [...])
 2 SYSTEMPATH\View\View.php(213): include('APPPATH\\Views\\Student\\product_details.php')
 3 SYSTEMPATH\View\View.php(216): CodeIgniter\View\View->CodeIgniter\View\{closure}()
 4 SYSTEMPATH\Common.php(1135): CodeIgniter\View\View->render('Student/product_details', [], true)
 5 APPPATH\Controllers\Student\Shopping.php(92): view('Student/product_details', [...])
 6 SYSTEMPATH\CodeIgniter.php(898): App\Controllers\Student\Shopping->details('bootstrap.bundle.min.js.map')
 7 SYSTEMPATH\CodeIgniter.php(468): CodeIgniter\CodeIgniter->runController(Object(App\Controllers\Student\Shopping))
 8 SYSTEMPATH\CodeIgniter.php(351): CodeIgniter\CodeIgniter->handleRequest(null, Object(Config\Cache), false)
 9 FCPATH\index.php(55): CodeIgniter\CodeIgniter->run()
CRITICAL - 2022-08-08 12:07:52 --> Trying to get property 'prod_id' of non-object
in APPPATH\Views\Student\product_details.php on line 3.
 1 APPPATH\Views\Student\product_details.php(3): CodeIgniter\Debug\Exceptions->errorHandler(8, 'Trying to get property \'prod_id\' of non-object', 'APPPATH\\Views\\Student\\product_details.php', 3, [...])
 2 SYSTEMPATH\View\View.php(213): include('APPPATH\\Views\\Student\\product_details.php')
 3 SYSTEMPATH\View\View.php(216): CodeIgniter\View\View->CodeIgniter\View\{closure}()
 4 SYSTEMPATH\Common.php(1135): CodeIgniter\View\View->render('Student/product_details', [], true)
 5 APPPATH\Controllers\Student\Shopping.php(92): view('Student/product_details', [...])
 6 SYSTEMPATH\CodeIgniter.php(898): App\Controllers\Student\Shopping->details('bootstrap.bundle.min.js.map')
 7 SYSTEMPATH\CodeIgniter.php(468): CodeIgniter\CodeIgniter->runController(Object(App\Controllers\Student\Shopping))
 8 SYSTEMPATH\CodeIgniter.php(351): CodeIgniter\CodeIgniter->handleRequest(null, Object(Config\Cache), false)
 9 FCPATH\index.php(55): CodeIgniter\CodeIgniter->run()
