CRITICAL - 2022-06-20 11:39:28 --> Undefined variable: val
in APPPATH\Views\Student\chapter_quiz_result.php on line 15.
 1 APPPATH\Views\Student\chapter_quiz_result.php(15): CodeIgniter\Debug\Exceptions->errorHandler(8, 'Undefined variable: val', 'APPPATH\\Views\\Student\\chapter_quiz_result.php', 15, [...])
 2 SYSTEMPATH\View\View.php(213): include('APPPATH\\Views\\Student\\chapter_quiz_result.php')
 3 SYSTEMPATH\View\View.php(216): CodeIgniter\View\View->CodeIgniter\View\{closure}()
 4 SYSTEMPATH\Common.php(1135): CodeIgniter\View\View->render('Student/chapter_quiz_result', [], true)
 5 APPPATH\Controllers\Student\VideoQuiz.php(111): view('Student/chapter_quiz_result', [...])
 6 SYSTEMPATH\CodeIgniter.php(898): App\Controllers\Student\VideoQuiz->result()
 7 SYSTEMPATH\CodeIgniter.php(468): CodeIgniter\CodeIgniter->runController(Object(App\Controllers\Student\VideoQuiz))
 8 SYSTEMPATH\CodeIgniter.php(351): CodeIgniter\CodeIgniter->handleRequest(null, Object(Config\Cache), false)
 9 FCPATH\index.php(55): CodeIgniter\CodeIgniter->run()
CRITICAL - 2022-06-20 11:39:51 --> Call to undefined method CodeIgniter\Database\MySQLi\Builder::getRow()
in APPPATH\Views\Student\chapter_quiz_result.php on line 17.
 1 SYSTEMPATH\View\View.php(213): include()
 2 SYSTEMPATH\View\View.php(216): CodeIgniter\View\View->CodeIgniter\View\{closure}()
 3 SYSTEMPATH\Common.php(1135): CodeIgniter\View\View->render('Student/chapter_quiz_result', [], true)
 4 APPPATH\Controllers\Student\VideoQuiz.php(111): view('Student/chapter_quiz_result', [...])
 5 SYSTEMPATH\CodeIgniter.php(898): App\Controllers\Student\VideoQuiz->result()
 6 SYSTEMPATH\CodeIgniter.php(468): CodeIgniter\CodeIgniter->runController(Object(App\Controllers\Student\VideoQuiz))
 7 SYSTEMPATH\CodeIgniter.php(351): CodeIgniter\CodeIgniter->handleRequest(null, Object(Config\Cache), false)
 8 FCPATH\index.php(55): CodeIgniter\CodeIgniter->run()
CRITICAL - 2022-06-20 11:42:04 --> Trying to get property 'three' of non-object
in APPPATH\Views\Student\chapter_quiz_result.php on line 53.
 1 APPPATH\Views\Student\chapter_quiz_result.php(53): CodeIgniter\Debug\Exceptions->errorHandler(8, 'Trying to get property \'three\' of non-object', 'APPPATH\\Views\\Student\\chapter_quiz_result.php', 53, [...])
 2 SYSTEMPATH\View\View.php(213): include('APPPATH\\Views\\Student\\chapter_quiz_result.php')
 3 SYSTEMPATH\View\View.php(216): CodeIgniter\View\View->CodeIgniter\View\{closure}()
 4 SYSTEMPATH\Common.php(1135): CodeIgniter\View\View->render('Student/chapter_quiz_result', [], true)
 5 APPPATH\Controllers\Student\VideoQuiz.php(111): view('Student/chapter_quiz_result', [...])
 6 SYSTEMPATH\CodeIgniter.php(898): App\Controllers\Student\VideoQuiz->result()
 7 SYSTEMPATH\CodeIgniter.php(468): CodeIgniter\CodeIgniter->runController(Object(App\Controllers\Student\VideoQuiz))
 8 SYSTEMPATH\CodeIgniter.php(351): CodeIgniter\CodeIgniter->handleRequest(null, Object(Config\Cache), false)
 9 FCPATH\index.php(55): CodeIgniter\CodeIgniter->run()
CRITICAL - 2022-06-20 11:44:17 --> Undefined variable: wtwo
in APPPATH\Views\Student\chapter_quiz_result.php on line 49.
 1 APPPATH\Views\Student\chapter_quiz_result.php(49): CodeIgniter\Debug\Exceptions->errorHandler(8, 'Undefined variable: wtwo', 'APPPATH\\Views\\Student\\chapter_quiz_result.php', 49, [...])
 2 SYSTEMPATH\View\View.php(213): include('APPPATH\\Views\\Student\\chapter_quiz_result.php')
 3 SYSTEMPATH\View\View.php(216): CodeIgniter\View\View->CodeIgniter\View\{closure}()
 4 SYSTEMPATH\Common.php(1135): CodeIgniter\View\View->render('Student/chapter_quiz_result', [], true)
 5 APPPATH\Controllers\Student\VideoQuiz.php(111): view('Student/chapter_quiz_result', [...])
 6 SYSTEMPATH\CodeIgniter.php(898): App\Controllers\Student\VideoQuiz->result()
 7 SYSTEMPATH\CodeIgniter.php(468): CodeIgniter\CodeIgniter->runController(Object(App\Controllers\Student\VideoQuiz))
 8 SYSTEMPATH\CodeIgniter.php(351): CodeIgniter\CodeIgniter->handleRequest(null, Object(Config\Cache), false)
 9 FCPATH\index.php(55): CodeIgniter\CodeIgniter->run()
CRITICAL - 2022-06-20 11:44:34 --> Undefined variable: wthree
in APPPATH\Views\Student\chapter_quiz_result.php on line 54.
 1 APPPATH\Views\Student\chapter_quiz_result.php(54): CodeIgniter\Debug\Exceptions->errorHandler(8, 'Undefined variable: wthree', 'APPPATH\\Views\\Student\\chapter_quiz_result.php', 54, [...])
 2 SYSTEMPATH\View\View.php(213): include('APPPATH\\Views\\Student\\chapter_quiz_result.php')
 3 SYSTEMPATH\View\View.php(216): CodeIgniter\View\View->CodeIgniter\View\{closure}()
 4 SYSTEMPATH\Common.php(1135): CodeIgniter\View\View->render('Student/chapter_quiz_result', [], true)
 5 APPPATH\Controllers\Student\VideoQuiz.php(111): view('Student/chapter_quiz_result', [...])
 6 SYSTEMPATH\CodeIgniter.php(898): App\Controllers\Student\VideoQuiz->result()
 7 SYSTEMPATH\CodeIgniter.php(468): CodeIgniter\CodeIgniter->runController(Object(App\Controllers\Student\VideoQuiz))
 8 SYSTEMPATH\CodeIgniter.php(351): CodeIgniter\CodeIgniter->handleRequest(null, Object(Config\Cache), false)
 9 FCPATH\index.php(55): CodeIgniter\CodeIgniter->run()
