CRITICAL - 2022-06-18 11:21:40 --> syntax error, unexpected '}', expecting ';' or ','
in APPPATH\Views\Student\chapter.php on line 11.
 1 SYSTEMPATH\View\View.php(216): CodeIgniter\View\View->CodeIgniter\View\{closure}()
 2 SYSTEMPATH\Common.php(1135): CodeIgniter\View\View->render('Student/chapter', [], true)
 3 APPPATH\Controllers\Student\Subject.php(59): view('Student/chapter', [...])
 4 SYSTEMPATH\CodeIgniter.php(898): App\Controllers\Student\Subject->chapter('1')
 5 SYSTEMPATH\CodeIgniter.php(468): CodeIgniter\CodeIgniter->runController(Object(App\Controllers\Student\Subject))
 6 SYSTEMPATH\CodeIgniter.php(351): CodeIgniter\CodeIgniter->handleRequest(null, Object(Config\Cache), false)
 7 FCPATH\index.php(55): CodeIgniter\CodeIgniter->run()
CRITICAL - 2022-06-18 12:20:10 --> Object of class CodeIgniter\Pager\Pager could not be converted to string
in APPPATH\Views\Student\chapter_content.php on line 13.
 1 SYSTEMPATH\View\View.php(213): include()
 2 SYSTEMPATH\View\View.php(216): CodeIgniter\View\View->CodeIgniter\View\{closure}()
 3 SYSTEMPATH\Common.php(1135): CodeIgniter\View\View->render('Student/chapter_content', [], true)
 4 APPPATH\Controllers\Student\VideoQuiz.php(50): view('Student/chapter_content', [...])
 5 SYSTEMPATH\CodeIgniter.php(898): App\Controllers\Student\VideoQuiz->index('1')
 6 SYSTEMPATH\CodeIgniter.php(468): CodeIgniter\CodeIgniter->runController(Object(App\Controllers\Student\VideoQuiz))
 7 SYSTEMPATH\CodeIgniter.php(351): CodeIgniter\CodeIgniter->handleRequest(null, Object(Config\Cache), false)
 8 FCPATH\index.php(55): CodeIgniter\CodeIgniter->run()
CRITICAL - 2022-06-18 12:20:53 --> Object of class CodeIgniter\Pager\Pager could not be converted to string
in APPPATH\Views\Student\chapter_content.php on line 13.
 1 SYSTEMPATH\View\View.php(213): include()
 2 SYSTEMPATH\View\View.php(216): CodeIgniter\View\View->CodeIgniter\View\{closure}()
 3 SYSTEMPATH\Common.php(1135): CodeIgniter\View\View->render('Student/chapter_content', [], true)
 4 APPPATH\Controllers\Student\VideoQuiz.php(52): view('Student/chapter_content', [...])
 5 SYSTEMPATH\CodeIgniter.php(898): App\Controllers\Student\VideoQuiz->index('1')
 6 SYSTEMPATH\CodeIgniter.php(468): CodeIgniter\CodeIgniter->runController(Object(App\Controllers\Student\VideoQuiz))
 7 SYSTEMPATH\CodeIgniter.php(351): CodeIgniter\CodeIgniter->handleRequest(null, Object(Config\Cache), false)
 8 FCPATH\index.php(55): CodeIgniter\CodeIgniter->run()
CRITICAL - 2022-06-18 12:21:48 --> Object of class CodeIgniter\Pager\Pager could not be converted to string
in APPPATH\Views\Student\chapter_content.php on line 13.
 1 SYSTEMPATH\View\View.php(213): include()
 2 SYSTEMPATH\View\View.php(216): CodeIgniter\View\View->CodeIgniter\View\{closure}()
 3 SYSTEMPATH\Common.php(1135): CodeIgniter\View\View->render('Student/chapter_content', [], true)
 4 APPPATH\Controllers\Student\VideoQuiz.php(52): view('Student/chapter_content', [...])
 5 SYSTEMPATH\CodeIgniter.php(898): App\Controllers\Student\VideoQuiz->index('1')
 6 SYSTEMPATH\CodeIgniter.php(468): CodeIgniter\CodeIgniter->runController(Object(App\Controllers\Student\VideoQuiz))
 7 SYSTEMPATH\CodeIgniter.php(351): CodeIgniter\CodeIgniter->handleRequest(null, Object(Config\Cache), false)
 8 FCPATH\index.php(55): CodeIgniter\CodeIgniter->run()
CRITICAL - 2022-06-18 12:22:08 --> Object of class CodeIgniter\Pager\Pager could not be converted to string
in APPPATH\Views\Student\chapter_content.php on line 13.
 1 SYSTEMPATH\View\View.php(213): include()
 2 SYSTEMPATH\View\View.php(216): CodeIgniter\View\View->CodeIgniter\View\{closure}()
 3 SYSTEMPATH\Common.php(1135): CodeIgniter\View\View->render('Student/chapter_content', [], true)
 4 APPPATH\Controllers\Student\VideoQuiz.php(52): view('Student/chapter_content', [...])
 5 SYSTEMPATH\CodeIgniter.php(898): App\Controllers\Student\VideoQuiz->index('1')
 6 SYSTEMPATH\CodeIgniter.php(468): CodeIgniter\CodeIgniter->runController(Object(App\Controllers\Student\VideoQuiz))
 7 SYSTEMPATH\CodeIgniter.php(351): CodeIgniter\CodeIgniter->handleRequest(null, Object(Config\Cache), false)
 8 FCPATH\index.php(55): CodeIgniter\CodeIgniter->run()
CRITICAL - 2022-06-18 12:30:39 --> Undefined variable: page
in APPPATH\Views\Student\chapter_content.php on line 13.
 1 APPPATH\Views\Student\chapter_content.php(13): CodeIgniter\Debug\Exceptions->errorHandler(8, 'Undefined variable: page', 'APPPATH\\Views\\Student\\chapter_content.php', 13, [...])
 2 SYSTEMPATH\View\View.php(213): include('APPPATH\\Views\\Student\\chapter_content.php')
 3 SYSTEMPATH\View\View.php(216): CodeIgniter\View\View->CodeIgniter\View\{closure}()
 4 SYSTEMPATH\Common.php(1135): CodeIgniter\View\View->render('Student/chapter_content', [], true)
 5 APPPATH\Controllers\Student\VideoQuiz.php(52): view('Student/chapter_content', [...])
 6 SYSTEMPATH\CodeIgniter.php(898): App\Controllers\Student\VideoQuiz->index('1')
 7 SYSTEMPATH\CodeIgniter.php(468): CodeIgniter\CodeIgniter->runController(Object(App\Controllers\Student\VideoQuiz))
 8 SYSTEMPATH\CodeIgniter.php(351): CodeIgniter\CodeIgniter->handleRequest(null, Object(Config\Cache), false)
 9 FCPATH\index.php(55): CodeIgniter\CodeIgniter->run()
CRITICAL - 2022-06-18 12:30:52 --> Undefined variable: page
in APPPATH\Views\Student\chapter_content.php on line 13.
 1 APPPATH\Views\Student\chapter_content.php(13): CodeIgniter\Debug\Exceptions->errorHandler(8, 'Undefined variable: page', 'APPPATH\\Views\\Student\\chapter_content.php', 13, [...])
 2 SYSTEMPATH\View\View.php(213): include('APPPATH\\Views\\Student\\chapter_content.php')
 3 SYSTEMPATH\View\View.php(216): CodeIgniter\View\View->CodeIgniter\View\{closure}()
 4 SYSTEMPATH\Common.php(1135): CodeIgniter\View\View->render('Student/chapter_content', [], true)
 5 APPPATH\Controllers\Student\VideoQuiz.php(52): view('Student/chapter_content', [...])
 6 SYSTEMPATH\CodeIgniter.php(898): App\Controllers\Student\VideoQuiz->index('1')
 7 SYSTEMPATH\CodeIgniter.php(468): CodeIgniter\CodeIgniter->runController(Object(App\Controllers\Student\VideoQuiz))
 8 SYSTEMPATH\CodeIgniter.php(351): CodeIgniter\CodeIgniter->handleRequest(null, Object(Config\Cache), false)
 9 FCPATH\index.php(55): CodeIgniter\CodeIgniter->run()
CRITICAL - 2022-06-18 12:32:58 --> Call to undefined method CodeIgniter\Pager\Pager::getLastPageNumber()
in APPPATH\Views\Student\chapter_content.php on line 13.
 1 SYSTEMPATH\View\View.php(213): include()
 2 SYSTEMPATH\View\View.php(216): CodeIgniter\View\View->CodeIgniter\View\{closure}()
 3 SYSTEMPATH\Common.php(1135): CodeIgniter\View\View->render('Student/chapter_content', [], true)
 4 APPPATH\Controllers\Student\VideoQuiz.php(52): view('Student/chapter_content', [...])
 5 SYSTEMPATH\CodeIgniter.php(898): App\Controllers\Student\VideoQuiz->index('1')
 6 SYSTEMPATH\CodeIgniter.php(468): CodeIgniter\CodeIgniter->runController(Object(App\Controllers\Student\VideoQuiz))
 7 SYSTEMPATH\CodeIgniter.php(351): CodeIgniter\CodeIgniter->handleRequest(null, Object(Config\Cache), false)
 8 FCPATH\index.php(55): CodeIgniter\CodeIgniter->run()
CRITICAL - 2022-06-18 12:33:42 --> Call to undefined method App\Models\Chapter_quizModel::getLastPageNumber
in SYSTEMPATH\Model.php on line 773.
 1 APPPATH\Controllers\Student\VideoQuiz.php(50): CodeIgniter\Model->__call('getLastPageNumber', [])
 2 SYSTEMPATH\CodeIgniter.php(898): App\Controllers\Student\VideoQuiz->index('1')
 3 SYSTEMPATH\CodeIgniter.php(468): CodeIgniter\CodeIgniter->runController(Object(App\Controllers\Student\VideoQuiz))
 4 SYSTEMPATH\CodeIgniter.php(351): CodeIgniter\CodeIgniter->handleRequest(null, Object(Config\Cache), false)
 5 FCPATH\index.php(55): CodeIgniter\CodeIgniter->run()
CRITICAL - 2022-06-18 12:34:08 --> Call to undefined method App\Models\Chapter_quizModel::getPreviousPage
in SYSTEMPATH\Model.php on line 773.
 1 APPPATH\Controllers\Student\VideoQuiz.php(50): CodeIgniter\Model->__call('getPreviousPage', [])
 2 SYSTEMPATH\CodeIgniter.php(898): App\Controllers\Student\VideoQuiz->index('1')
 3 SYSTEMPATH\CodeIgniter.php(468): CodeIgniter\CodeIgniter->runController(Object(App\Controllers\Student\VideoQuiz))
 4 SYSTEMPATH\CodeIgniter.php(351): CodeIgniter\CodeIgniter->handleRequest(null, Object(Config\Cache), false)
 5 FCPATH\index.php(55): CodeIgniter\CodeIgniter->run()
CRITICAL - 2022-06-18 12:34:39 --> Call to undefined method CodeIgniter\Pager\Pager::getPreviousPage()
in APPPATH\Views\Student\chapter_content.php on line 13.
 1 SYSTEMPATH\View\View.php(213): include()
 2 SYSTEMPATH\View\View.php(216): CodeIgniter\View\View->CodeIgniter\View\{closure}()
 3 SYSTEMPATH\Common.php(1135): CodeIgniter\View\View->render('Student/chapter_content', [], true)
 4 APPPATH\Controllers\Student\VideoQuiz.php(53): view('Student/chapter_content', [...])
 5 SYSTEMPATH\CodeIgniter.php(898): App\Controllers\Student\VideoQuiz->index('1')
 6 SYSTEMPATH\CodeIgniter.php(468): CodeIgniter\CodeIgniter->runController(Object(App\Controllers\Student\VideoQuiz))
 7 SYSTEMPATH\CodeIgniter.php(351): CodeIgniter\CodeIgniter->handleRequest(null, Object(Config\Cache), false)
 8 FCPATH\index.php(55): CodeIgniter\CodeIgniter->run()
CRITICAL - 2022-06-18 12:37:16 --> Call to undefined method CodeIgniter\Pager\Pager::getCurrentPageNumber()
in APPPATH\Views\Student\chapter_content.php on line 13.
 1 SYSTEMPATH\View\View.php(213): include()
 2 SYSTEMPATH\View\View.php(216): CodeIgniter\View\View->CodeIgniter\View\{closure}()
 3 SYSTEMPATH\Common.php(1135): CodeIgniter\View\View->render('Student/chapter_content', [], true)
 4 APPPATH\Controllers\Student\VideoQuiz.php(53): view('Student/chapter_content', [...])
 5 SYSTEMPATH\CodeIgniter.php(898): App\Controllers\Student\VideoQuiz->index('1')
 6 SYSTEMPATH\CodeIgniter.php(468): CodeIgniter\CodeIgniter->runController(Object(App\Controllers\Student\VideoQuiz))
 7 SYSTEMPATH\CodeIgniter.php(351): CodeIgniter\CodeIgniter->handleRequest(null, Object(Config\Cache), false)
 8 FCPATH\index.php(55): CodeIgniter\CodeIgniter->run()
CRITICAL - 2022-06-18 12:39:27 --> Call to undefined method CodeIgniter\Pager\Pager::getNextPage()
in APPPATH\Views\Student\chapter_content.php on line 46.
 1 SYSTEMPATH\View\View.php(213): include()
 2 SYSTEMPATH\View\View.php(216): CodeIgniter\View\View->CodeIgniter\View\{closure}()
 3 SYSTEMPATH\Common.php(1135): CodeIgniter\View\View->render('Student/chapter_content', [], true)
 4 APPPATH\Controllers\Student\VideoQuiz.php(53): view('Student/chapter_content', [...])
 5 SYSTEMPATH\CodeIgniter.php(898): App\Controllers\Student\VideoQuiz->index('1')
 6 SYSTEMPATH\CodeIgniter.php(468): CodeIgniter\CodeIgniter->runController(Object(App\Controllers\Student\VideoQuiz))
 7 SYSTEMPATH\CodeIgniter.php(351): CodeIgniter\CodeIgniter->handleRequest(null, Object(Config\Cache), false)
 8 FCPATH\index.php(55): CodeIgniter\CodeIgniter->run()
CRITICAL - 2022-06-18 12:39:35 --> Call to undefined method CodeIgniter\Pager\Pager::getNextPage()
in APPPATH\Views\Student\chapter_content.php on line 47.
 1 SYSTEMPATH\View\View.php(213): include()
 2 SYSTEMPATH\View\View.php(216): CodeIgniter\View\View->CodeIgniter\View\{closure}()
 3 SYSTEMPATH\Common.php(1135): CodeIgniter\View\View->render('Student/chapter_content', [], true)
 4 APPPATH\Controllers\Student\VideoQuiz.php(53): view('Student/chapter_content', [...])
 5 SYSTEMPATH\CodeIgniter.php(898): App\Controllers\Student\VideoQuiz->index('1')
 6 SYSTEMPATH\CodeIgniter.php(468): CodeIgniter\CodeIgniter->runController(Object(App\Controllers\Student\VideoQuiz))
 7 SYSTEMPATH\CodeIgniter.php(351): CodeIgniter\CodeIgniter->handleRequest(null, Object(Config\Cache), false)
 8 FCPATH\index.php(55): CodeIgniter\CodeIgniter->run()
CRITICAL - 2022-06-18 12:40:12 --> Call to undefined method CodeIgniter\Pager\Pager::getFirst()
in APPPATH\Views\Student\chapter_content.php on line 47.
 1 SYSTEMPATH\View\View.php(213): include()
 2 SYSTEMPATH\View\View.php(216): CodeIgniter\View\View->CodeIgniter\View\{closure}()
 3 SYSTEMPATH\Common.php(1135): CodeIgniter\View\View->render('Student/chapter_content', [], true)
 4 APPPATH\Controllers\Student\VideoQuiz.php(53): view('Student/chapter_content', [...])
 5 SYSTEMPATH\CodeIgniter.php(898): App\Controllers\Student\VideoQuiz->index('1')
 6 SYSTEMPATH\CodeIgniter.php(468): CodeIgniter\CodeIgniter->runController(Object(App\Controllers\Student\VideoQuiz))
 7 SYSTEMPATH\CodeIgniter.php(351): CodeIgniter\CodeIgniter->handleRequest(null, Object(Config\Cache), false)
 8 FCPATH\index.php(55): CodeIgniter\CodeIgniter->run()
CRITICAL - 2022-06-18 12:40:49 --> Call to undefined method CodeIgniter\Pager\Pager::getNext()
in APPPATH\Views\Student\chapter_content.php on line 47.
 1 SYSTEMPATH\View\View.php(213): include()
 2 SYSTEMPATH\View\View.php(216): CodeIgniter\View\View->CodeIgniter\View\{closure}()
 3 SYSTEMPATH\Common.php(1135): CodeIgniter\View\View->render('Student/chapter_content', [], true)
 4 APPPATH\Controllers\Student\VideoQuiz.php(53): view('Student/chapter_content', [...])
 5 SYSTEMPATH\CodeIgniter.php(898): App\Controllers\Student\VideoQuiz->index('1')
 6 SYSTEMPATH\CodeIgniter.php(468): CodeIgniter\CodeIgniter->runController(Object(App\Controllers\Student\VideoQuiz))
 7 SYSTEMPATH\CodeIgniter.php(351): CodeIgniter\CodeIgniter->handleRequest(null, Object(Config\Cache), false)
 8 FCPATH\index.php(55): CodeIgniter\CodeIgniter->run()
CRITICAL - 2022-06-18 12:55:34 --> Trying to get property 'URL' of non-object
in APPPATH\Views\Student\chapter_content.php on line 3.
 1 APPPATH\Views\Student\chapter_content.php(3): CodeIgniter\Debug\Exceptions->errorHandler(8, 'Trying to get property \'URL\' of non-object', 'APPPATH\\Views\\Student\\chapter_content.php', 3, [...])
 2 SYSTEMPATH\View\View.php(213): include('APPPATH\\Views\\Student\\chapter_content.php')
 3 SYSTEMPATH\View\View.php(216): CodeIgniter\View\View->CodeIgniter\View\{closure}()
 4 SYSTEMPATH\Common.php(1135): CodeIgniter\View\View->render('Student/chapter_content', [], true)
 5 APPPATH\Controllers\Student\VideoQuiz.php(53): view('Student/chapter_content', [...])
 6 SYSTEMPATH\CodeIgniter.php(898): App\Controllers\Student\VideoQuiz->index('2')
 7 SYSTEMPATH\CodeIgniter.php(468): CodeIgniter\CodeIgniter->runController(Object(App\Controllers\Student\VideoQuiz))
 8 SYSTEMPATH\CodeIgniter.php(351): CodeIgniter\CodeIgniter->handleRequest(null, Object(Config\Cache), false)
 9 FCPATH\index.php(55): CodeIgniter\CodeIgniter->run()
CRITICAL - 2022-06-18 13:05:46 --> Call to undefined method CodeIgniter\Pager\Pager::getCurrentPageNumber()
in APPPATH\Views\Student\chapter_content.php on line 17.
 1 SYSTEMPATH\View\View.php(213): include()
 2 SYSTEMPATH\View\View.php(216): CodeIgniter\View\View->CodeIgniter\View\{closure}()
 3 SYSTEMPATH\Common.php(1135): CodeIgniter\View\View->render('Student/chapter_content', [], true)
 4 APPPATH\Controllers\Student\VideoQuiz.php(53): view('Student/chapter_content', [...])
 5 SYSTEMPATH\CodeIgniter.php(898): App\Controllers\Student\VideoQuiz->index('1')
 6 SYSTEMPATH\CodeIgniter.php(468): CodeIgniter\CodeIgniter->runController(Object(App\Controllers\Student\VideoQuiz))
 7 SYSTEMPATH\CodeIgniter.php(351): CodeIgniter\CodeIgniter->handleRequest(null, Object(Config\Cache), false)
 8 FCPATH\index.php(55): CodeIgniter\CodeIgniter->run()
CRITICAL - 2022-06-18 13:08:09 --> Call to undefined method CodeIgniter\Pager\Pager::getCurrentPageNumber()
in APPPATH\Views\Student\chapter_content.php on line 17.
 1 SYSTEMPATH\View\View.php(213): include()
 2 SYSTEMPATH\View\View.php(216): CodeIgniter\View\View->CodeIgniter\View\{closure}()
 3 SYSTEMPATH\Common.php(1135): CodeIgniter\View\View->render('Student/chapter_content', [], true)
 4 APPPATH\Controllers\Student\VideoQuiz.php(53): view('Student/chapter_content', [...])
 5 SYSTEMPATH\CodeIgniter.php(898): App\Controllers\Student\VideoQuiz->index('1')
 6 SYSTEMPATH\CodeIgniter.php(468): CodeIgniter\CodeIgniter->runController(Object(App\Controllers\Student\VideoQuiz))
 7 SYSTEMPATH\CodeIgniter.php(351): CodeIgniter\CodeIgniter->handleRequest(null, Object(Config\Cache), false)
 8 FCPATH\index.php(55): CodeIgniter\CodeIgniter->run()
CRITICAL - 2022-06-18 16:54:18 --> Undefined variable: page
in APPPATH\Views\Student\chapter_content.php on line 52.
 1 APPPATH\Views\Student\chapter_content.php(52): CodeIgniter\Debug\Exceptions->errorHandler(8, 'Undefined variable: page', 'APPPATH\\Views\\Student\\chapter_content.php', 52, [...])
 2 SYSTEMPATH\View\View.php(213): include('APPPATH\\Views\\Student\\chapter_content.php')
 3 SYSTEMPATH\View\View.php(216): CodeIgniter\View\View->CodeIgniter\View\{closure}()
 4 SYSTEMPATH\Common.php(1135): CodeIgniter\View\View->render('Student/chapter_content', [], true)
 5 APPPATH\Controllers\Student\VideoQuiz.php(53): view('Student/chapter_content', [...])
 6 SYSTEMPATH\CodeIgniter.php(898): App\Controllers\Student\VideoQuiz->index('1')
 7 SYSTEMPATH\CodeIgniter.php(468): CodeIgniter\CodeIgniter->runController(Object(App\Controllers\Student\VideoQuiz))
 8 SYSTEMPATH\CodeIgniter.php(351): CodeIgniter\CodeIgniter->handleRequest(null, Object(Config\Cache), false)
 9 FCPATH\index.php(55): CodeIgniter\CodeIgniter->run()
CRITICAL - 2022-06-18 16:56:57 --> Too few arguments to function CodeIgniter\Pager\Pager::makeLinks(), 0 passed in C:\xampp\htdocs\IQraw\app\Views\Student\chapter_content.php on line 52 and at least 3 expected
in SYSTEMPATH\Pager\Pager.php on line 104.
 1 APPPATH\Views\Student\chapter_content.php(52): CodeIgniter\Pager\Pager->makeLinks()
 2 SYSTEMPATH\View\View.php(213): include('APPPATH\\Views\\Student\\chapter_content.php')
 3 SYSTEMPATH\View\View.php(216): CodeIgniter\View\View->CodeIgniter\View\{closure}()
 4 SYSTEMPATH\Common.php(1135): CodeIgniter\View\View->render('Student/chapter_content', [], true)
 5 APPPATH\Controllers\Student\VideoQuiz.php(53): view('Student/chapter_content', [...])
 6 SYSTEMPATH\CodeIgniter.php(898): App\Controllers\Student\VideoQuiz->index('1')
 7 SYSTEMPATH\CodeIgniter.php(468): CodeIgniter\CodeIgniter->runController(Object(App\Controllers\Student\VideoQuiz))
 8 SYSTEMPATH\CodeIgniter.php(351): CodeIgniter\CodeIgniter->handleRequest(null, Object(Config\Cache), false)
 9 FCPATH\index.php(55): CodeIgniter\CodeIgniter->run()
CRITICAL - 2022-06-18 16:59:30 --> Argument 3 passed to CodeIgniter\Pager\Pager::makeLinks() must be of the type int, string given, called in C:\xampp\htdocs\IQraw\app\Views\Student\chapter_content.php on line 53
in SYSTEMPATH\Pager\Pager.php on line 104.
 1 APPPATH\Views\Student\chapter_content.php(53): CodeIgniter\Pager\Pager->makeLinks(1, 1, 'ROOTPATH\\public')
 2 SYSTEMPATH\View\View.php(213): include('APPPATH\\Views\\Student\\chapter_content.php')
 3 SYSTEMPATH\View\View.php(216): CodeIgniter\View\View->CodeIgniter\View\{closure}()
 4 SYSTEMPATH\Common.php(1135): CodeIgniter\View\View->render('Student/chapter_content', [], true)
 5 APPPATH\Controllers\Student\VideoQuiz.php(53): view('Student/chapter_content', [...])
 6 SYSTEMPATH\CodeIgniter.php(898): App\Controllers\Student\VideoQuiz->index('1')
 7 SYSTEMPATH\CodeIgniter.php(468): CodeIgniter\CodeIgniter->runController(Object(App\Controllers\Student\VideoQuiz))
 8 SYSTEMPATH\CodeIgniter.php(351): CodeIgniter\CodeIgniter->handleRequest(null, Object(Config\Cache), false)
 9 FCPATH\index.php(55): CodeIgniter\CodeIgniter->run()
CRITICAL - 2022-06-18 16:59:42 --> Argument 3 passed to CodeIgniter\Pager\Pager::makeLinks() must be of the type int, string given, called in C:\xampp\htdocs\IQraw\app\Views\Student\chapter_content.php on line 53
in SYSTEMPATH\Pager\Pager.php on line 104.
 1 APPPATH\Views\Student\chapter_content.php(53): CodeIgniter\Pager\Pager->makeLinks(1, 1, 'ROOTPATH\\public')
 2 SYSTEMPATH\View\View.php(213): include('APPPATH\\Views\\Student\\chapter_content.php')
 3 SYSTEMPATH\View\View.php(216): CodeIgniter\View\View->CodeIgniter\View\{closure}()
 4 SYSTEMPATH\Common.php(1135): CodeIgniter\View\View->render('Student/chapter_content', [], true)
 5 APPPATH\Controllers\Student\VideoQuiz.php(53): view('Student/chapter_content', [...])
 6 SYSTEMPATH\CodeIgniter.php(898): App\Controllers\Student\VideoQuiz->index('1')
 7 SYSTEMPATH\CodeIgniter.php(468): CodeIgniter\CodeIgniter->runController(Object(App\Controllers\Student\VideoQuiz))
 8 SYSTEMPATH\CodeIgniter.php(351): CodeIgniter\CodeIgniter->handleRequest(null, Object(Config\Cache), false)
 9 FCPATH\index.php(55): CodeIgniter\CodeIgniter->run()
CRITICAL - 2022-06-18 17:01:06 --> Too few arguments to function CodeIgniter\Pager\Pager::makeLinks(), 2 passed in C:\xampp\htdocs\IQraw\app\Views\Student\chapter_content.php on line 53 and at least 3 expected
in SYSTEMPATH\Pager\Pager.php on line 104.
 1 APPPATH\Views\Student\chapter_content.php(53): CodeIgniter\Pager\Pager->makeLinks(1, 1)
 2 SYSTEMPATH\View\View.php(213): include('APPPATH\\Views\\Student\\chapter_content.php')
 3 SYSTEMPATH\View\View.php(216): CodeIgniter\View\View->CodeIgniter\View\{closure}()
 4 SYSTEMPATH\Common.php(1135): CodeIgniter\View\View->render('Student/chapter_content', [], true)
 5 APPPATH\Controllers\Student\VideoQuiz.php(53): view('Student/chapter_content', [...])
 6 SYSTEMPATH\CodeIgniter.php(898): App\Controllers\Student\VideoQuiz->index('1')
 7 SYSTEMPATH\CodeIgniter.php(468): CodeIgniter\CodeIgniter->runController(Object(App\Controllers\Student\VideoQuiz))
 8 SYSTEMPATH\CodeIgniter.php(351): CodeIgniter\CodeIgniter->handleRequest(null, Object(Config\Cache), false)
 9 FCPATH\index.php(55): CodeIgniter\CodeIgniter->run()
CRITICAL - 2022-06-18 18:03:24 --> custom_full is not a valid Pager template.
in SYSTEMPATH\Pager\Pager.php on line 120.
 1 SYSTEMPATH\Pager\Pager.php(120): CodeIgniter\Pager\Exceptions\PagerException::forInvalidTemplate('custom_full')
 2 SYSTEMPATH\Pager\Pager.php(110): CodeIgniter\Pager\Pager->displayLinks('default', 'custom_full')
 3 APPPATH\Views\Student\chapter_content.php(53): CodeIgniter\Pager\Pager->makeLinks(1, 1, 10, 'custom_full')
 4 SYSTEMPATH\View\View.php(213): include('APPPATH\\Views\\Student\\chapter_content.php')
 5 SYSTEMPATH\View\View.php(216): CodeIgniter\View\View->CodeIgniter\View\{closure}()
 6 SYSTEMPATH\Common.php(1135): CodeIgniter\View\View->render('Student/chapter_content', [], true)
 7 APPPATH\Controllers\Student\VideoQuiz.php(53): view('Student/chapter_content', [...])
 8 SYSTEMPATH\CodeIgniter.php(898): App\Controllers\Student\VideoQuiz->index('1')
 9 SYSTEMPATH\CodeIgniter.php(468): CodeIgniter\CodeIgniter->runController(Object(App\Controllers\Student\VideoQuiz))
10 SYSTEMPATH\CodeIgniter.php(351): CodeIgniter\CodeIgniter->handleRequest(null, Object(Config\Cache), false)
11 FCPATH\index.php(55): CodeIgniter\CodeIgniter->run()
CRITICAL - 2022-06-18 18:03:46 --> CodeIgniter\Pager\Views\custom_full is not a valid Pager template.
in SYSTEMPATH\Pager\Pager.php on line 120.
 1 SYSTEMPATH\Pager\Pager.php(120): CodeIgniter\Pager\Exceptions\PagerException::forInvalidTemplate('CodeIgniter\\Pager\\Views\\custom_full')
 2 SYSTEMPATH\Pager\Pager.php(110): CodeIgniter\Pager\Pager->displayLinks('default', 'CodeIgniter\\Pager\\Views\\custom_full')
 3 APPPATH\Views\Student\chapter_content.php(53): CodeIgniter\Pager\Pager->makeLinks(1, 1, 10, 'CodeIgniter\\Pager\\Views\\custom_full')
 4 SYSTEMPATH\View\View.php(213): include('APPPATH\\Views\\Student\\chapter_content.php')
 5 SYSTEMPATH\View\View.php(216): CodeIgniter\View\View->CodeIgniter\View\{closure}()
 6 SYSTEMPATH\Common.php(1135): CodeIgniter\View\View->render('Student/chapter_content', [], true)
 7 APPPATH\Controllers\Student\VideoQuiz.php(53): view('Student/chapter_content', [...])
 8 SYSTEMPATH\CodeIgniter.php(898): App\Controllers\Student\VideoQuiz->index('1')
 9 SYSTEMPATH\CodeIgniter.php(468): CodeIgniter\CodeIgniter->runController(Object(App\Controllers\Student\VideoQuiz))
10 SYSTEMPATH\CodeIgniter.php(351): CodeIgniter\CodeIgniter->handleRequest(null, Object(Config\Cache), false)
11 FCPATH\index.php(55): CodeIgniter\CodeIgniter->run()
CRITICAL - 2022-06-18 18:08:05 --> Too few arguments to function CodeIgniter\Pager\Pager::makeLinks(), 0 passed in C:\xampp\htdocs\IQraw\app\Views\Student\chapter_content.php on line 52 and at least 3 expected
in SYSTEMPATH\Pager\Pager.php on line 104.
 1 APPPATH\Views\Student\chapter_content.php(52): CodeIgniter\Pager\Pager->makeLinks()
 2 SYSTEMPATH\View\View.php(213): include('APPPATH\\Views\\Student\\chapter_content.php')
 3 SYSTEMPATH\View\View.php(216): CodeIgniter\View\View->CodeIgniter\View\{closure}()
 4 SYSTEMPATH\Common.php(1135): CodeIgniter\View\View->render('Student/chapter_content', [], true)
 5 APPPATH\Controllers\Student\VideoQuiz.php(53): view('Student/chapter_content', [...])
 6 SYSTEMPATH\CodeIgniter.php(898): App\Controllers\Student\VideoQuiz->index('1')
 7 SYSTEMPATH\CodeIgniter.php(468): CodeIgniter\CodeIgniter->runController(Object(App\Controllers\Student\VideoQuiz))
 8 SYSTEMPATH\CodeIgniter.php(351): CodeIgniter\CodeIgniter->handleRequest(null, Object(Config\Cache), false)
 9 FCPATH\index.php(55): CodeIgniter\CodeIgniter->run()
CRITICAL - 2022-06-18 19:31:11 --> Call to undefined method CodeIgniter\Pager\Pager::getCurrent()
in APPPATH\Views\Student\chapter_content.php on line 17.
 1 SYSTEMPATH\View\View.php(213): include()
 2 SYSTEMPATH\View\View.php(216): CodeIgniter\View\View->CodeIgniter\View\{closure}()
 3 SYSTEMPATH\Common.php(1135): CodeIgniter\View\View->render('Student/chapter_content', [], true)
 4 APPPATH\Controllers\Student\VideoQuiz.php(53): view('Student/chapter_content', [...])
 5 SYSTEMPATH\CodeIgniter.php(898): App\Controllers\Student\VideoQuiz->index('1')
 6 SYSTEMPATH\CodeIgniter.php(468): CodeIgniter\CodeIgniter->runController(Object(App\Controllers\Student\VideoQuiz))
 7 SYSTEMPATH\CodeIgniter.php(351): CodeIgniter\CodeIgniter->handleRequest(null, Object(Config\Cache), false)
 8 FCPATH\index.php(55): CodeIgniter\CodeIgniter->run()
CRITICAL - 2022-06-18 19:55:09 --> syntax error, unexpected ')'
in APPPATH\Controllers\Student\VideoQuiz.php on line 39.
 1 SYSTEMPATH\Router\Router.php(499): CodeIgniter\Router\AutoRouter->getRoute('Student/VideoQuiz/index/1')
 2 SYSTEMPATH\Router\Router.php(205): CodeIgniter\Router\Router->autoRoute('Student/VideoQuiz/index/1')
 3 SYSTEMPATH\CodeIgniter.php(773): CodeIgniter\Router\Router->handle('Student/VideoQuiz/index/1')
 4 SYSTEMPATH\CodeIgniter.php(417): CodeIgniter\CodeIgniter->tryToRouteIt(Object(CodeIgniter\Router\RouteCollection))
 5 SYSTEMPATH\CodeIgniter.php(351): CodeIgniter\CodeIgniter->handleRequest(null, Object(Config\Cache), false)
 6 FCPATH\index.php(55): CodeIgniter\CodeIgniter->run()
CRITICAL - 2022-06-18 20:09:27 --> Undefined variable: quid
in SYSTEMPATH\Pager\Views\custom_full.php on line 16.
 1 SYSTEMPATH\Pager\Views\custom_full.php(16): CodeIgniter\Debug\Exceptions->errorHandler(8, 'Undefined variable: quid', 'SYSTEMPATH\\Pager\\Views\\custom_full.php', 16, [...])
 2 SYSTEMPATH\View\View.php(213): include('SYSTEMPATH\\Pager\\Views\\custom_full.php')
 3 SYSTEMPATH\View\View.php(216): CodeIgniter\View\View->CodeIgniter\View\{closure}()
 4 SYSTEMPATH\Pager\Pager.php(132): CodeIgniter\View\View->render('CodeIgniter\\Pager\\Views\\custom_full')
 5 SYSTEMPATH\Pager\Pager.php(100): CodeIgniter\Pager\Pager->displayLinks('default', 'custom_full')
 6 APPPATH\Views\Student\chapter_content.php(48): CodeIgniter\Pager\Pager->customLinks('3')
 7 SYSTEMPATH\View\View.php(213): include('APPPATH\\Views\\Student\\chapter_content.php')
 8 SYSTEMPATH\View\View.php(216): CodeIgniter\View\View->CodeIgniter\View\{closure}()
 9 SYSTEMPATH\Common.php(1135): CodeIgniter\View\View->render('Student/chapter_content', [], true)
10 APPPATH\Controllers\Student\VideoQuiz.php(55): view('Student/chapter_content', [...])
11 SYSTEMPATH\CodeIgniter.php(898): App\Controllers\Student\VideoQuiz->index('1')
12 SYSTEMPATH\CodeIgniter.php(468): CodeIgniter\CodeIgniter->runController(Object(App\Controllers\Student\VideoQuiz))
13 SYSTEMPATH\CodeIgniter.php(351): CodeIgniter\CodeIgniter->handleRequest(null, Object(Config\Cache), false)
14 FCPATH\index.php(55): CodeIgniter\CodeIgniter->run()
CRITICAL - 2022-06-18 20:10:02 --> Undefined variable: quid
in SYSTEMPATH\Pager\Views\custom_full.php on line 16.
 1 SYSTEMPATH\Pager\Views\custom_full.php(16): CodeIgniter\Debug\Exceptions->errorHandler(8, 'Undefined variable: quid', 'SYSTEMPATH\\Pager\\Views\\custom_full.php', 16, [...])
 2 SYSTEMPATH\View\View.php(213): include('SYSTEMPATH\\Pager\\Views\\custom_full.php')
 3 SYSTEMPATH\View\View.php(216): CodeIgniter\View\View->CodeIgniter\View\{closure}()
 4 SYSTEMPATH\Pager\Pager.php(132): CodeIgniter\View\View->render('CodeIgniter\\Pager\\Views\\custom_full')
 5 SYSTEMPATH\Pager\Pager.php(100): CodeIgniter\Pager\Pager->displayLinks('default', 'custom_full', '3')
 6 APPPATH\Views\Student\chapter_content.php(48): CodeIgniter\Pager\Pager->customLinks('3')
 7 SYSTEMPATH\View\View.php(213): include('APPPATH\\Views\\Student\\chapter_content.php')
 8 SYSTEMPATH\View\View.php(216): CodeIgniter\View\View->CodeIgniter\View\{closure}()
 9 SYSTEMPATH\Common.php(1135): CodeIgniter\View\View->render('Student/chapter_content', [], true)
10 APPPATH\Controllers\Student\VideoQuiz.php(55): view('Student/chapter_content', [...])
11 SYSTEMPATH\CodeIgniter.php(898): App\Controllers\Student\VideoQuiz->index('1')
12 SYSTEMPATH\CodeIgniter.php(468): CodeIgniter\CodeIgniter->runController(Object(App\Controllers\Student\VideoQuiz))
13 SYSTEMPATH\CodeIgniter.php(351): CodeIgniter\CodeIgniter->handleRequest(null, Object(Config\Cache), false)
14 FCPATH\index.php(55): CodeIgniter\CodeIgniter->run()
CRITICAL - 2022-06-18 20:11:16 --> Undefined property: CodeIgniter\Pager\PagerRenderer::$quid
in SYSTEMPATH\Pager\Views\custom_full.php on line 16.
 1 SYSTEMPATH\Pager\Views\custom_full.php(16): CodeIgniter\Debug\Exceptions->errorHandler(8, 'Undefined property: CodeIgniter\\Pager\\PagerRenderer::$quid', 'SYSTEMPATH\\Pager\\Views\\custom_full.php', 16, [...])
 2 SYSTEMPATH\View\View.php(213): include('SYSTEMPATH\\Pager\\Views\\custom_full.php')
 3 SYSTEMPATH\View\View.php(216): CodeIgniter\View\View->CodeIgniter\View\{closure}()
 4 SYSTEMPATH\Pager\Pager.php(132): CodeIgniter\View\View->render('CodeIgniter\\Pager\\Views\\custom_full')
 5 SYSTEMPATH\Pager\Pager.php(100): CodeIgniter\Pager\Pager->displayLinks('default', 'custom_full', '3')
 6 APPPATH\Views\Student\chapter_content.php(48): CodeIgniter\Pager\Pager->customLinks('3')
 7 SYSTEMPATH\View\View.php(213): include('APPPATH\\Views\\Student\\chapter_content.php')
 8 SYSTEMPATH\View\View.php(216): CodeIgniter\View\View->CodeIgniter\View\{closure}()
 9 SYSTEMPATH\Common.php(1135): CodeIgniter\View\View->render('Student/chapter_content', [], true)
10 APPPATH\Controllers\Student\VideoQuiz.php(55): view('Student/chapter_content', [...])
11 SYSTEMPATH\CodeIgniter.php(898): App\Controllers\Student\VideoQuiz->index('1')
12 SYSTEMPATH\CodeIgniter.php(468): CodeIgniter\CodeIgniter->runController(Object(App\Controllers\Student\VideoQuiz))
13 SYSTEMPATH\CodeIgniter.php(351): CodeIgniter\CodeIgniter->handleRequest(null, Object(Config\Cache), false)
14 FCPATH\index.php(55): CodeIgniter\CodeIgniter->run()
