CRITICAL - 2022-06-13 01:44:32 --> Call to a member function view() on null
in APPPATH\Controllers\SignUp.php on line 10.
 1 SYSTEMPATH\CodeIgniter.php(898): App\Controllers\SignUp->index()
 2 SYSTEMPATH\CodeIgniter.php(468): CodeIgniter\CodeIgniter->runController(Object(App\Controllers\SignUp))
 3 SYSTEMPATH\CodeIgniter.php(351): CodeIgniter\CodeIgniter->handleRequest(null, Object(Config\Cache), false)
 4 FCPATH\index.php(55): CodeIgniter\CodeIgniter->run()
CRITICAL - 2022-06-13 01:44:35 --> Call to a member function view() on null
in APPPATH\Controllers\SignUp.php on line 10.
 1 SYSTEMPATH\CodeIgniter.php(898): App\Controllers\SignUp->index()
 2 SYSTEMPATH\CodeIgniter.php(468): CodeIgniter\CodeIgniter->runController(Object(App\Controllers\SignUp))
 3 SYSTEMPATH\CodeIgniter.php(351): CodeIgniter\CodeIgniter->handleRequest(null, Object(Config\Cache), false)
 4 FCPATH\index.php(55): CodeIgniter\CodeIgniter->run()
CRITICAL - 2022-06-13 01:45:10 --> Call to a member function view() on null
in APPPATH\Controllers\SignUp.php on line 10.
 1 SYSTEMPATH\CodeIgniter.php(898): App\Controllers\SignUp->index()
 2 SYSTEMPATH\CodeIgniter.php(468): CodeIgniter\CodeIgniter->runController(Object(App\Controllers\SignUp))
 3 SYSTEMPATH\CodeIgniter.php(351): CodeIgniter\CodeIgniter->handleRequest(null, Object(Config\Cache), false)
 4 FCPATH\index.php(55): CodeIgniter\CodeIgniter->run()
CRITICAL - 2022-06-13 01:45:11 --> Call to a member function view() on null
in APPPATH\Controllers\SignUp.php on line 10.
 1 SYSTEMPATH\CodeIgniter.php(898): App\Controllers\SignUp->index()
 2 SYSTEMPATH\CodeIgniter.php(468): CodeIgniter\CodeIgniter->runController(Object(App\Controllers\SignUp))
 3 SYSTEMPATH\CodeIgniter.php(351): CodeIgniter\CodeIgniter->handleRequest(null, Object(Config\Cache), false)
 4 FCPATH\index.php(55): CodeIgniter\CodeIgniter->run()
CRITICAL - 2022-06-13 01:45:48 --> Call to a member function view() on null
in APPPATH\Controllers\SignUp.php on line 10.
 1 SYSTEMPATH\CodeIgniter.php(898): App\Controllers\SignUp->index()
 2 SYSTEMPATH\CodeIgniter.php(468): CodeIgniter\CodeIgniter->runController(Object(App\Controllers\SignUp))
 3 SYSTEMPATH\CodeIgniter.php(351): CodeIgniter\CodeIgniter->handleRequest(null, Object(Config\Cache), false)
 4 FCPATH\index.php(55): CodeIgniter\CodeIgniter->run()
CRITICAL - 2022-06-13 12:55:33 --> Call to a member function view() on null
in APPPATH\Controllers\SignUp.php on line 10.
 1 SYSTEMPATH\CodeIgniter.php(898): App\Controllers\SignUp->index()
 2 SYSTEMPATH\CodeIgniter.php(468): CodeIgniter\CodeIgniter->runController(Object(App\Controllers\SignUp))
 3 SYSTEMPATH\CodeIgniter.php(351): CodeIgniter\CodeIgniter->handleRequest(null, Object(Config\Cache), false)
 4 FCPATH\index.php(55): CodeIgniter\CodeIgniter->run()
CRITICAL - 2022-06-13 12:55:37 --> Call to a member function view() on null
in APPPATH\Controllers\SignUp.php on line 10.
 1 SYSTEMPATH\CodeIgniter.php(898): App\Controllers\SignUp->index()
 2 SYSTEMPATH\CodeIgniter.php(468): CodeIgniter\CodeIgniter->runController(Object(App\Controllers\SignUp))
 3 SYSTEMPATH\CodeIgniter.php(351): CodeIgniter\CodeIgniter->handleRequest(null, Object(Config\Cache), false)
 4 FCPATH\index.php(55): CodeIgniter\CodeIgniter->run()
CRITICAL - 2022-06-13 12:56:58 --> Call to a member function view() on null
in APPPATH\Controllers\SignUp.php on line 10.
 1 SYSTEMPATH\CodeIgniter.php(898): App\Controllers\SignUp->index()
 2 SYSTEMPATH\CodeIgniter.php(468): CodeIgniter\CodeIgniter->runController(Object(App\Controllers\SignUp))
 3 SYSTEMPATH\CodeIgniter.php(351): CodeIgniter\CodeIgniter->handleRequest(null, Object(Config\Cache), false)
 4 FCPATH\index.php(55): CodeIgniter\CodeIgniter->run()
CRITICAL - 2022-06-13 12:56:59 --> Call to a member function view() on null
in APPPATH\Controllers\SignUp.php on line 10.
 1 SYSTEMPATH\CodeIgniter.php(898): App\Controllers\SignUp->index()
 2 SYSTEMPATH\CodeIgniter.php(468): CodeIgniter\CodeIgniter->runController(Object(App\Controllers\SignUp))
 3 SYSTEMPATH\CodeIgniter.php(351): CodeIgniter\CodeIgniter->handleRequest(null, Object(Config\Cache), false)
 4 FCPATH\index.php(55): CodeIgniter\CodeIgniter->run()
CRITICAL - 2022-06-13 12:58:10 --> Undefined property: App\Controllers\SignUp::$load
in APPPATH\Controllers\SignUp.php on line 10.
 1 APPPATH\Controllers\SignUp.php(10): CodeIgniter\Debug\Exceptions->errorHandler(8, 'Undefined property: App\\Controllers\\SignUp::$load', 'APPPATH\\Controllers\\SignUp.php', 10, [])
 2 SYSTEMPATH\CodeIgniter.php(898): App\Controllers\SignUp->index()
 3 SYSTEMPATH\CodeIgniter.php(468): CodeIgniter\CodeIgniter->runController(Object(App\Controllers\SignUp))
 4 SYSTEMPATH\CodeIgniter.php(351): CodeIgniter\CodeIgniter->handleRequest(null, Object(Config\Cache), false)
 5 FCPATH\index.php(55): CodeIgniter\CodeIgniter->run()
