CRITICAL - 2022-07-18 12:08:59 --> Undefined property: stdClass::$name
in APPPATH\Controllers\Admin\Skill_video.php on line 76.
 1 APPPATH\Controllers\Admin\Skill_video.php(76): CodeIgniter\Debug\Exceptions->errorHandler(8, 'Undefined property: stdClass::$name', 'APPPATH\\Controllers\\Admin\\Skill_video.php', 76, [...])
 2 SYSTEMPATH\CodeIgniter.php(898): App\Controllers\Admin\Skill_video->getAll()
 3 SYSTEMPATH\CodeIgniter.php(468): CodeIgniter\CodeIgniter->runController(Object(App\Controllers\Admin\Skill_video))
 4 SYSTEMPATH\CodeIgniter.php(351): CodeIgniter\CodeIgniter->handleRequest(null, Object(Config\Cache), false)
 5 FCPATH\index.php(55): CodeIgniter\CodeIgniter->run()
CRITICAL - 2022-07-18 12:13:45 --> Undefined property: stdClass::$image
in APPPATH\Controllers\Admin\Skill_video.php on line 63.
 1 APPPATH\Controllers\Admin\Skill_video.php(63): CodeIgniter\Debug\Exceptions->errorHandler(8, 'Undefined property: stdClass::$image', 'APPPATH\\Controllers\\Admin\\Skill_video.php', 63, [...])
 2 SYSTEMPATH\CodeIgniter.php(898): App\Controllers\Admin\Skill_video->getAll()
 3 SYSTEMPATH\CodeIgniter.php(468): CodeIgniter\CodeIgniter->runController(Object(App\Controllers\Admin\Skill_video))
 4 SYSTEMPATH\CodeIgniter.php(351): CodeIgniter\CodeIgniter->handleRequest(null, Object(Config\Cache), false)
 5 FCPATH\index.php(55): CodeIgniter\CodeIgniter->run()
CRITICAL - 2022-07-18 12:14:15 --> Undefined property: stdClass::$image
in APPPATH\Controllers\Admin\Skill_video.php on line 63.
 1 APPPATH\Controllers\Admin\Skill_video.php(63): CodeIgniter\Debug\Exceptions->errorHandler(8, 'Undefined property: stdClass::$image', 'APPPATH\\Controllers\\Admin\\Skill_video.php', 63, [...])
 2 SYSTEMPATH\CodeIgniter.php(898): App\Controllers\Admin\Skill_video->getAll()
 3 SYSTEMPATH\CodeIgniter.php(468): CodeIgniter\CodeIgniter->runController(Object(App\Controllers\Admin\Skill_video))
 4 SYSTEMPATH\CodeIgniter.php(351): CodeIgniter\CodeIgniter->handleRequest(null, Object(Config\Cache), false)
 5 FCPATH\index.php(55): CodeIgniter\CodeIgniter->run()
CRITICAL - 2022-07-18 18:09:38 --> syntax error, unexpected '?>'
in APPPATH\Views\Student\skill_video_view.php on line 10.
 1 SYSTEMPATH\View\View.php(216): CodeIgniter\View\View->CodeIgniter\View\{closure}()
 2 SYSTEMPATH\Common.php(1135): CodeIgniter\View\View->render('Student/skill_video_view', [], true)
 3 APPPATH\Controllers\Student\Skill_development.php(75): view('Student/skill_video_view', [...])
 4 SYSTEMPATH\CodeIgniter.php(898): App\Controllers\Student\Skill_development->video('3')
 5 SYSTEMPATH\CodeIgniter.php(468): CodeIgniter\CodeIgniter->runController(Object(App\Controllers\Student\Skill_development))
 6 SYSTEMPATH\CodeIgniter.php(351): CodeIgniter\CodeIgniter->handleRequest(null, Object(Config\Cache), false)
 7 FCPATH\index.php(55): CodeIgniter\CodeIgniter->run()
CRITICAL - 2022-07-18 18:21:54 --> Undefined property: stdClass::$quiz_question_id
in APPPATH\Views\Student\skill_video_mcq.php on line 21.
 1 APPPATH\Views\Student\skill_video_mcq.php(21): CodeIgniter\Debug\Exceptions->errorHandler(8, 'Undefined property: stdClass::$quiz_question_id', 'APPPATH\\Views\\Student\\skill_video_mcq.php', 21, [...])
 2 SYSTEMPATH\View\View.php(213): include('APPPATH\\Views\\Student\\skill_video_mcq.php')
 3 SYSTEMPATH\View\View.php(216): CodeIgniter\View\View->CodeIgniter\View\{closure}()
 4 SYSTEMPATH\Common.php(1135): CodeIgniter\View\View->render('Student/skill_video_mcq', [], true)
 5 APPPATH\Controllers\Student\Skill_development.php(96): view('Student/skill_video_mcq', [...])
 6 SYSTEMPATH\CodeIgniter.php(898): App\Controllers\Student\Skill_development->join_mcq('3')
 7 SYSTEMPATH\CodeIgniter.php(468): CodeIgniter\CodeIgniter->runController(Object(App\Controllers\Student\Skill_development))
 8 SYSTEMPATH\CodeIgniter.php(351): CodeIgniter\CodeIgniter->handleRequest(null, Object(Config\Cache), false)
 9 FCPATH\index.php(55): CodeIgniter\CodeIgniter->run()
CRITICAL - 2022-07-18 18:29:14 --> custom_mcq is not a valid Pager template.
in SYSTEMPATH\Pager\Pager.php on line 141.
 1 SYSTEMPATH\Pager\Pager.php(141): CodeIgniter\Pager\Exceptions\PagerException::forInvalidTemplate('custom_mcq')
 2 SYSTEMPATH\Pager\Pager.php(114): CodeIgniter\Pager\Pager->displayLinks('default', 'custom_mcq')
 3 APPPATH\Views\Student\skill_video_mcq.php(43): CodeIgniter\Pager\Pager->mcqcustomLinks()
 4 SYSTEMPATH\View\View.php(213): include('APPPATH\\Views\\Student\\skill_video_mcq.php')
 5 SYSTEMPATH\View\View.php(216): CodeIgniter\View\View->CodeIgniter\View\{closure}()
 6 SYSTEMPATH\Common.php(1135): CodeIgniter\View\View->render('Student/skill_video_mcq', [], true)
 7 APPPATH\Controllers\Student\Skill_development.php(98): view('Student/skill_video_mcq', [...])
 8 SYSTEMPATH\CodeIgniter.php(898): App\Controllers\Student\Skill_development->join_mcq('3')
 9 SYSTEMPATH\CodeIgniter.php(468): CodeIgniter\CodeIgniter->runController(Object(App\Controllers\Student\Skill_development))
10 SYSTEMPATH\CodeIgniter.php(351): CodeIgniter\CodeIgniter->handleRequest(null, Object(Config\Cache), false)
11 FCPATH\index.php(55): CodeIgniter\CodeIgniter->run()
CRITICAL - 2022-07-18 20:11:38 --> Call to undefined method CodeIgniter\Database\MySQLi\Connection::getInsertID()
in APPPATH\Controllers\Student\Skill_development.php on line 108.
 1 SYSTEMPATH\CodeIgniter.php(898): App\Controllers\Student\Skill_development->join_mcq('3')
 2 SYSTEMPATH\CodeIgniter.php(468): CodeIgniter\CodeIgniter->runController(Object(App\Controllers\Student\Skill_development))
 3 SYSTEMPATH\CodeIgniter.php(351): CodeIgniter\CodeIgniter->handleRequest(null, Object(Config\Cache), false)
 4 FCPATH\index.php(55): CodeIgniter\CodeIgniter->run()
